ERROR - 2023-09-28 09:39:22 --> Unknown column 'user_type' in 'where clause'
CRITICAL - 2023-09-28 09:39:22 --> Call to a member function getResult() on bool
#0 C:\xampp\htdocs\MilitaryOfficersMess\admin\system\BaseModel.php(584): CodeIgniter\Model->doFindAll(0, 0)
#1 C:\xampp\htdocs\MilitaryOfficersMess\admin\app\Core\MyModel.php(76): CodeIgniter\BaseModel->findAll()
#2 C:\xampp\htdocs\MilitaryOfficersMess\admin\app\Controllers\Livingin.php(38): App\Core\MyModel->get_all_rows('tbl_monthlymess...', '*', Array)
#3 C:\xampp\htdocs\MilitaryOfficersMess\admin\system\CodeIgniter.php(802): App\Controllers\Livingin->add()
#4 C:\xampp\htdocs\MilitaryOfficersMess\admin\system\CodeIgniter.php(399): CodeIgniter\CodeIgniter->runController(Object(App\Controllers\Livingin))
#5 C:\xampp\htdocs\MilitaryOfficersMess\admin\system\CodeIgniter.php(317): CodeIgniter\CodeIgniter->handleRequest(NULL, Object(Config\Cache), false)
#6 C:\xampp\htdocs\MilitaryOfficersMess\admin\index.php(43): CodeIgniter\CodeIgniter->run()
#7 {main}
ERROR - 2023-09-28 09:39:54 --> Unknown column 'user_type' in 'where clause'
CRITICAL - 2023-09-28 09:39:54 --> Call to a member function getResult() on bool
#0 C:\xampp\htdocs\MilitaryOfficersMess\admin\system\BaseModel.php(584): CodeIgniter\Model->doFindAll(0, 0)
#1 C:\xampp\htdocs\MilitaryOfficersMess\admin\app\Core\MyModel.php(76): CodeIgniter\BaseModel->findAll()
#2 C:\xampp\htdocs\MilitaryOfficersMess\admin\app\Controllers\Livingin.php(38): App\Core\MyModel->get_all_rows('tbl_monthlymess...', '*', Array)
#3 C:\xampp\htdocs\MilitaryOfficersMess\admin\system\CodeIgniter.php(802): App\Controllers\Livingin->add()
#4 C:\xampp\htdocs\MilitaryOfficersMess\admin\system\CodeIgniter.php(399): CodeIgniter\CodeIgniter->runController(Object(App\Controllers\Livingin))
#5 C:\xampp\htdocs\MilitaryOfficersMess\admin\system\CodeIgniter.php(317): CodeIgniter\CodeIgniter->handleRequest(NULL, Object(Config\Cache), false)
#6 C:\xampp\htdocs\MilitaryOfficersMess\admin\index.php(43): CodeIgniter\CodeIgniter->run()
#7 {main}
ERROR - 2023-09-28 09:40:01 --> Unknown column 'user_type' in 'where clause'
CRITICAL - 2023-09-28 09:40:01 --> Call to a member function getResult() on bool
#0 C:\xampp\htdocs\MilitaryOfficersMess\admin\system\BaseModel.php(584): CodeIgniter\Model->doFindAll(0, 0)
#1 C:\xampp\htdocs\MilitaryOfficersMess\admin\app\Core\MyModel.php(76): CodeIgniter\BaseModel->findAll()
#2 C:\xampp\htdocs\MilitaryOfficersMess\admin\app\Controllers\Livingin.php(38): App\Core\MyModel->get_all_rows('tbl_monthlymess...', '*', Array)
#3 C:\xampp\htdocs\MilitaryOfficersMess\admin\system\CodeIgniter.php(802): App\Controllers\Livingin->add()
#4 C:\xampp\htdocs\MilitaryOfficersMess\admin\system\CodeIgniter.php(399): CodeIgniter\CodeIgniter->runController(Object(App\Controllers\Livingin))
#5 C:\xampp\htdocs\MilitaryOfficersMess\admin\system\CodeIgniter.php(317): CodeIgniter\CodeIgniter->handleRequest(NULL, Object(Config\Cache), false)
#6 C:\xampp\htdocs\MilitaryOfficersMess\admin\index.php(43): CodeIgniter\CodeIgniter->run()
#7 {main}
ERROR - 2023-09-28 09:44:26 --> Unknown column 'bill_of_month' in 'field list'
ERROR - 2023-09-28 09:45:32 --> Unknown column 'officers_cafeteria' in 'field list'
ERROR - 2023-09-28 13:57:36 --> Unknown column 'member_id' in 'where clause'
CRITICAL - 2023-09-28 13:57:36 --> Call to a member function getResult() on bool
#0 C:\xampp\htdocs\MilitaryOfficersMess\admin\system\BaseModel.php(584): CodeIgniter\Model->doFindAll(0, 0)
#1 C:\xampp\htdocs\MilitaryOfficersMess\admin\app\Core\MyModel.php(76): CodeIgniter\BaseModel->findAll()
#2 C:\xampp\htdocs\MilitaryOfficersMess\admin\app\Controllers\Livingout.php(29): App\Core\MyModel->get_all_rows('tbl_members', '*', Array)
#3 C:\xampp\htdocs\MilitaryOfficersMess\admin\system\CodeIgniter.php(802): App\Controllers\Livingout->index()
#4 C:\xampp\htdocs\MilitaryOfficersMess\admin\system\CodeIgniter.php(399): CodeIgniter\CodeIgniter->runController(Object(App\Controllers\Livingout))
#5 C:\xampp\htdocs\MilitaryOfficersMess\admin\system\CodeIgniter.php(317): CodeIgniter\CodeIgniter->handleRequest(NULL, Object(Config\Cache), false)
#6 C:\xampp\htdocs\MilitaryOfficersMess\admin\index.php(43): CodeIgniter\CodeIgniter->run()
#7 {main}
CRITICAL - 2023-09-28 03:33:17 --> syntax error, unexpected '$this' (T_VARIABLE)
#0 C:\xampp\htdocs\MilitaryOfficersMess\admin\system\Router\Router.php(160): CodeIgniter\Router\Router->autoRoute('livingin')
#1 C:\xampp\htdocs\MilitaryOfficersMess\admin\system\CodeIgniter.php(702): CodeIgniter\Router\Router->handle('livingin')
#2 C:\xampp\htdocs\MilitaryOfficersMess\admin\system\CodeIgniter.php(358): CodeIgniter\CodeIgniter->tryToRouteIt(Object(CodeIgniter\Router\RouteCollection))
#3 C:\xampp\htdocs\MilitaryOfficersMess\admin\system\CodeIgniter.php(317): CodeIgniter\CodeIgniter->handleRequest(NULL, Object(Config\Cache), false)
#4 C:\xampp\htdocs\MilitaryOfficersMess\admin\index.php(43): CodeIgniter\CodeIgniter->run()
#5 {main}
ERROR - 2023-09-28 14:04:14 --> Unknown column 'member_id' in 'where clause'
CRITICAL - 2023-09-28 14:04:14 --> Call to a member function getResult() on bool
#0 C:\xampp\htdocs\MilitaryOfficersMess\admin\system\BaseModel.php(584): CodeIgniter\Model->doFindAll(0, 0)
#1 C:\xampp\htdocs\MilitaryOfficersMess\admin\app\Core\MyModel.php(76): CodeIgniter\BaseModel->findAll()
#2 C:\xampp\htdocs\MilitaryOfficersMess\admin\app\Controllers\Livingout.php(29): App\Core\MyModel->get_all_rows('tbl_members', '*', Array)
#3 C:\xampp\htdocs\MilitaryOfficersMess\admin\system\CodeIgniter.php(802): App\Controllers\Livingout->index()
#4 C:\xampp\htdocs\MilitaryOfficersMess\admin\system\CodeIgniter.php(399): CodeIgniter\CodeIgniter->runController(Object(App\Controllers\Livingout))
#5 C:\xampp\htdocs\MilitaryOfficersMess\admin\system\CodeIgniter.php(317): CodeIgniter\CodeIgniter->handleRequest(NULL, Object(Config\Cache), false)
#6 C:\xampp\htdocs\MilitaryOfficersMess\admin\index.php(43): CodeIgniter\CodeIgniter->run()
#7 {main}
ERROR - 2023-09-28 14:04:59 --> Unknown column 'member_id' in 'where clause'
CRITICAL - 2023-09-28 14:04:59 --> Call to a member function getResult() on bool
#0 C:\xampp\htdocs\MilitaryOfficersMess\admin\system\BaseModel.php(584): CodeIgniter\Model->doFindAll(0, 0)
#1 C:\xampp\htdocs\MilitaryOfficersMess\admin\app\Core\MyModel.php(76): CodeIgniter\BaseModel->findAll()
#2 C:\xampp\htdocs\MilitaryOfficersMess\admin\app\Controllers\Livingout.php(29): App\Core\MyModel->get_all_rows('tbl_members', '*', Array)
#3 C:\xampp\htdocs\MilitaryOfficersMess\admin\system\CodeIgniter.php(802): App\Controllers\Livingout->index()
#4 C:\xampp\htdocs\MilitaryOfficersMess\admin\system\CodeIgniter.php(399): CodeIgniter\CodeIgniter->runController(Object(App\Controllers\Livingout))
#5 C:\xampp\htdocs\MilitaryOfficersMess\admin\system\CodeIgniter.php(317): CodeIgniter\CodeIgniter->handleRequest(NULL, Object(Config\Cache), false)
#6 C:\xampp\htdocs\MilitaryOfficersMess\admin\index.php(43): CodeIgniter\CodeIgniter->run()
#7 {main}
ERROR - 2023-09-28 14:10:12 --> Unknown column 'member_id' in 'where clause'
CRITICAL - 2023-09-28 14:10:12 --> Call to a member function getResult() on bool
#0 C:\xampp\htdocs\MilitaryOfficersMess\admin\system\BaseModel.php(584): CodeIgniter\Model->doFindAll(0, 0)
#1 C:\xampp\htdocs\MilitaryOfficersMess\admin\app\Core\MyModel.php(76): CodeIgniter\BaseModel->findAll()
#2 C:\xampp\htdocs\MilitaryOfficersMess\admin\app\Controllers\Livingout.php(29): App\Core\MyModel->get_all_rows('tbl_members', '*', Array)
#3 C:\xampp\htdocs\MilitaryOfficersMess\admin\system\CodeIgniter.php(802): App\Controllers\Livingout->index()
#4 C:\xampp\htdocs\MilitaryOfficersMess\admin\system\CodeIgniter.php(399): CodeIgniter\CodeIgniter->runController(Object(App\Controllers\Livingout))
#5 C:\xampp\htdocs\MilitaryOfficersMess\admin\system\CodeIgniter.php(317): CodeIgniter\CodeIgniter->handleRequest(NULL, Object(Config\Cache), false)
#6 C:\xampp\htdocs\MilitaryOfficersMess\admin\index.php(43): CodeIgniter\CodeIgniter->run()
#7 {main}
