CRITICAL - 2023-08-22 09:48:52 --> Class 'Firebase\JWT\JWT' not found
#0 C:\xampp\htdocs\dakecompany\admin\system\CodeIgniter.php(802): App\Controllers\Login->login()
#1 C:\xampp\htdocs\dakecompany\admin\system\CodeIgniter.php(399): CodeIgniter\CodeIgniter->runController(Object(App\Controllers\Login))
#2 C:\xampp\htdocs\dakecompany\admin\system\CodeIgniter.php(317): CodeIgniter\CodeIgniter->handleRequest(NULL, Object(Config\Cache), false)
#3 C:\xampp\htdocs\dakecompany\admin\index.php(43): CodeIgniter\CodeIgniter->run()
#4 {main}
CRITICAL - 2023-08-22 09:48:55 --> Class 'Firebase\JWT\JWT' not found
#0 C:\xampp\htdocs\dakecompany\admin\system\CodeIgniter.php(802): App\Controllers\Login->login()
#1 C:\xampp\htdocs\dakecompany\admin\system\CodeIgniter.php(399): CodeIgniter\CodeIgniter->runController(Object(App\Controllers\Login))
#2 C:\xampp\htdocs\dakecompany\admin\system\CodeIgniter.php(317): CodeIgniter\CodeIgniter->handleRequest(NULL, Object(Config\Cache), false)
#3 C:\xampp\htdocs\dakecompany\admin\index.php(43): CodeIgniter\CodeIgniter->run()
#4 {main}
CRITICAL - 2023-08-22 09:48:57 --> Class 'Firebase\JWT\JWT' not found
#0 C:\xampp\htdocs\dakecompany\admin\system\CodeIgniter.php(802): App\Controllers\Login->login()
#1 C:\xampp\htdocs\dakecompany\admin\system\CodeIgniter.php(399): CodeIgniter\CodeIgniter->runController(Object(App\Controllers\Login))
#2 C:\xampp\htdocs\dakecompany\admin\system\CodeIgniter.php(317): CodeIgniter\CodeIgniter->handleRequest(NULL, Object(Config\Cache), false)
#3 C:\xampp\htdocs\dakecompany\admin\index.php(43): CodeIgniter\CodeIgniter->run()
#4 {main}
CRITICAL - 2023-08-22 09:49:06 --> Class 'Firebase\JWT\JWT' not found
#0 C:\xampp\htdocs\dakecompany\admin\system\CodeIgniter.php(802): App\Controllers\Login->login()
#1 C:\xampp\htdocs\dakecompany\admin\system\CodeIgniter.php(399): CodeIgniter\CodeIgniter->runController(Object(App\Controllers\Login))
#2 C:\xampp\htdocs\dakecompany\admin\system\CodeIgniter.php(317): CodeIgniter\CodeIgniter->handleRequest(NULL, Object(Config\Cache), false)
#3 C:\xampp\htdocs\dakecompany\admin\index.php(43): CodeIgniter\CodeIgniter->run()
#4 {main}
ERROR - 2023-08-22 09:54:31 --> Table 'dakecompany.tbl_order_details' doesn't exist
CRITICAL - 2023-08-22 09:54:31 --> Call to a member function getResult() on bool
#0 C:\xampp\htdocs\dakecompany\admin\system\BaseModel.php(584): CodeIgniter\Model->doFindAll(0, 0)
#1 C:\xampp\htdocs\dakecompany\admin\app\Core\MyModel.php(76): CodeIgniter\BaseModel->findAll()
#2 C:\xampp\htdocs\dakecompany\admin\app\Controllers\Cpc.php(1003): App\Core\MyModel->get_all_rows('tbl_order_detai...', '*', Array, Array, Array, '', '', Array, 'tool_id')
#3 C:\xampp\htdocs\dakecompany\admin\system\CodeIgniter.php(802): App\Controllers\Cpc->all_tools_order()
#4 C:\xampp\htdocs\dakecompany\admin\system\CodeIgniter.php(399): CodeIgniter\CodeIgniter->runController(Object(App\Controllers\Cpc))
#5 C:\xampp\htdocs\dakecompany\admin\system\CodeIgniter.php(317): CodeIgniter\CodeIgniter->handleRequest(NULL, Object(Config\Cache), false)
#6 C:\xampp\htdocs\dakecompany\admin\index.php(43): CodeIgniter\CodeIgniter->run()
#7 {main}
ERROR - 2023-08-22 09:54:31 --> Table 'dakecompany.tbl_tools' doesn't exist
CRITICAL - 2023-08-22 09:54:31 --> Call to a member function getResult() on bool
#0 C:\xampp\htdocs\dakecompany\admin\system\BaseModel.php(584): CodeIgniter\Model->doFindAll(0, 0)
#1 C:\xampp\htdocs\dakecompany\admin\app\Core\MyModel.php(76): CodeIgniter\BaseModel->findAll()
#2 C:\xampp\htdocs\dakecompany\admin\app\Controllers\Cpc.php(976): App\Core\MyModel->get_all_rows('tbl_tools as t', 't.tool_name,t.t...', Array, Array, Array, '', '', Array, 't.id')
#3 C:\xampp\htdocs\dakecompany\admin\system\CodeIgniter.php(802): App\Controllers\Cpc->inventory_graph()
#4 C:\xampp\htdocs\dakecompany\admin\system\CodeIgniter.php(399): CodeIgniter\CodeIgniter->runController(Object(App\Controllers\Cpc))
#5 C:\xampp\htdocs\dakecompany\admin\system\CodeIgniter.php(317): CodeIgniter\CodeIgniter->handleRequest(NULL, Object(Config\Cache), false)
#6 C:\xampp\htdocs\dakecompany\admin\index.php(43): CodeIgniter\CodeIgniter->run()
#7 {main}
ERROR - 2023-08-22 09:54:44 --> Table 'dakecompany.tbl_order_details' doesn't exist
CRITICAL - 2023-08-22 09:54:44 --> Call to a member function getResult() on bool
#0 C:\xampp\htdocs\dakecompany\admin\system\BaseModel.php(584): CodeIgniter\Model->doFindAll(0, 0)
#1 C:\xampp\htdocs\dakecompany\admin\app\Core\MyModel.php(76): CodeIgniter\BaseModel->findAll()
#2 C:\xampp\htdocs\dakecompany\admin\app\Controllers\Cpc.php(1003): App\Core\MyModel->get_all_rows('tbl_order_detai...', '*', Array, Array, Array, '', '', Array, 'tool_id')
#3 C:\xampp\htdocs\dakecompany\admin\system\CodeIgniter.php(802): App\Controllers\Cpc->all_tools_order()
#4 C:\xampp\htdocs\dakecompany\admin\system\CodeIgniter.php(399): CodeIgniter\CodeIgniter->runController(Object(App\Controllers\Cpc))
#5 C:\xampp\htdocs\dakecompany\admin\system\CodeIgniter.php(317): CodeIgniter\CodeIgniter->handleRequest(NULL, Object(Config\Cache), false)
#6 C:\xampp\htdocs\dakecompany\admin\index.php(43): CodeIgniter\CodeIgniter->run()
#7 {main}
ERROR - 2023-08-22 09:54:44 --> Table 'dakecompany.tbl_tools' doesn't exist
CRITICAL - 2023-08-22 09:54:44 --> Call to a member function getResult() on bool
#0 C:\xampp\htdocs\dakecompany\admin\system\BaseModel.php(584): CodeIgniter\Model->doFindAll(0, 0)
#1 C:\xampp\htdocs\dakecompany\admin\app\Core\MyModel.php(76): CodeIgniter\BaseModel->findAll()
#2 C:\xampp\htdocs\dakecompany\admin\app\Controllers\Cpc.php(976): App\Core\MyModel->get_all_rows('tbl_tools as t', 't.tool_name,t.t...', Array, Array, Array, '', '', Array, 't.id')
#3 C:\xampp\htdocs\dakecompany\admin\system\CodeIgniter.php(802): App\Controllers\Cpc->inventory_graph()
#4 C:\xampp\htdocs\dakecompany\admin\system\CodeIgniter.php(399): CodeIgniter\CodeIgniter->runController(Object(App\Controllers\Cpc))
#5 C:\xampp\htdocs\dakecompany\admin\system\CodeIgniter.php(317): CodeIgniter\CodeIgniter->handleRequest(NULL, Object(Config\Cache), false)
#6 C:\xampp\htdocs\dakecompany\admin\index.php(43): CodeIgniter\CodeIgniter->run()
#7 {main}
ERROR - 2023-08-22 09:58:56 --> Table 'dakecompany.tbl_tools' doesn't exist
CRITICAL - 2023-08-22 09:58:56 --> Call to a member function getResult() on bool
#0 C:\xampp\htdocs\dakecompany\admin\system\BaseModel.php(584): CodeIgniter\Model->doFindAll(0, 0)
#1 C:\xampp\htdocs\dakecompany\admin\app\Core\MyModel.php(76): CodeIgniter\BaseModel->findAll()
#2 C:\xampp\htdocs\dakecompany\admin\app\Controllers\Cpc.php(976): App\Core\MyModel->get_all_rows('tbl_tools as t', 't.tool_name,t.t...', Array, Array, Array, '', '', Array, 't.id')
#3 C:\xampp\htdocs\dakecompany\admin\system\CodeIgniter.php(802): App\Controllers\Cpc->inventory_graph()
#4 C:\xampp\htdocs\dakecompany\admin\system\CodeIgniter.php(399): CodeIgniter\CodeIgniter->runController(Object(App\Controllers\Cpc))
#5 C:\xampp\htdocs\dakecompany\admin\system\CodeIgniter.php(317): CodeIgniter\CodeIgniter->handleRequest(NULL, Object(Config\Cache), false)
#6 C:\xampp\htdocs\dakecompany\admin\index.php(43): CodeIgniter\CodeIgniter->run()
#7 {main}
ERROR - 2023-08-22 09:58:56 --> Table 'dakecompany.tbl_order_details' doesn't exist
CRITICAL - 2023-08-22 09:58:56 --> Call to a member function getResult() on bool
#0 C:\xampp\htdocs\dakecompany\admin\system\BaseModel.php(584): CodeIgniter\Model->doFindAll(0, 0)
#1 C:\xampp\htdocs\dakecompany\admin\app\Core\MyModel.php(76): CodeIgniter\BaseModel->findAll()
#2 C:\xampp\htdocs\dakecompany\admin\app\Controllers\Cpc.php(1003): App\Core\MyModel->get_all_rows('tbl_order_detai...', '*', Array, Array, Array, '', '', Array, 'tool_id')
#3 C:\xampp\htdocs\dakecompany\admin\system\CodeIgniter.php(802): App\Controllers\Cpc->all_tools_order()
#4 C:\xampp\htdocs\dakecompany\admin\system\CodeIgniter.php(399): CodeIgniter\CodeIgniter->runController(Object(App\Controllers\Cpc))
#5 C:\xampp\htdocs\dakecompany\admin\system\CodeIgniter.php(317): CodeIgniter\CodeIgniter->handleRequest(NULL, Object(Config\Cache), false)
#6 C:\xampp\htdocs\dakecompany\admin\index.php(43): CodeIgniter\CodeIgniter->run()
#7 {main}
ERROR - 2023-08-22 09:59:02 --> Table 'dakecompany.tbl_tools' doesn't exist
CRITICAL - 2023-08-22 09:59:02 --> Call to a member function getResult() on bool
#0 C:\xampp\htdocs\dakecompany\admin\system\BaseModel.php(584): CodeIgniter\Model->doFindAll(0, 0)
#1 C:\xampp\htdocs\dakecompany\admin\app\Core\MyModel.php(76): CodeIgniter\BaseModel->findAll()
#2 C:\xampp\htdocs\dakecompany\admin\app\Controllers\Cpc.php(976): App\Core\MyModel->get_all_rows('tbl_tools as t', 't.tool_name,t.t...', Array, Array, Array, '', '', Array, 't.id')
#3 C:\xampp\htdocs\dakecompany\admin\system\CodeIgniter.php(802): App\Controllers\Cpc->inventory_graph()
#4 C:\xampp\htdocs\dakecompany\admin\system\CodeIgniter.php(399): CodeIgniter\CodeIgniter->runController(Object(App\Controllers\Cpc))
#5 C:\xampp\htdocs\dakecompany\admin\system\CodeIgniter.php(317): CodeIgniter\CodeIgniter->handleRequest(NULL, Object(Config\Cache), false)
#6 C:\xampp\htdocs\dakecompany\admin\index.php(43): CodeIgniter\CodeIgniter->run()
#7 {main}
ERROR - 2023-08-22 09:59:02 --> Table 'dakecompany.tbl_order_details' doesn't exist
CRITICAL - 2023-08-22 09:59:02 --> Call to a member function getResult() on bool
#0 C:\xampp\htdocs\dakecompany\admin\system\BaseModel.php(584): CodeIgniter\Model->doFindAll(0, 0)
#1 C:\xampp\htdocs\dakecompany\admin\app\Core\MyModel.php(76): CodeIgniter\BaseModel->findAll()
#2 C:\xampp\htdocs\dakecompany\admin\app\Controllers\Cpc.php(1003): App\Core\MyModel->get_all_rows('tbl_order_detai...', '*', Array, Array, Array, '', '', Array, 'tool_id')
#3 C:\xampp\htdocs\dakecompany\admin\system\CodeIgniter.php(802): App\Controllers\Cpc->all_tools_order()
#4 C:\xampp\htdocs\dakecompany\admin\system\CodeIgniter.php(399): CodeIgniter\CodeIgniter->runController(Object(App\Controllers\Cpc))
#5 C:\xampp\htdocs\dakecompany\admin\system\CodeIgniter.php(317): CodeIgniter\CodeIgniter->handleRequest(NULL, Object(Config\Cache), false)
#6 C:\xampp\htdocs\dakecompany\admin\index.php(43): CodeIgniter\CodeIgniter->run()
#7 {main}
CRITICAL - 2023-08-22 09:59:03 --> include(C:/xampp/htdocs/dakecompany/admin/public/includesheader.php): failed to open stream: No such file or directory
#0 C:\xampp\htdocs\dakecompany\admin\app\Views\user\index.php(1): CodeIgniter\Debug\Exceptions->errorHandler(2, 'include(C:/xamp...', 'C:\\xampp\\htdocs...', 1, Array)
#1 C:\xampp\htdocs\dakecompany\admin\app\Views\user\index.php(1): include()
#2 C:\xampp\htdocs\dakecompany\admin\system\View\View.php(214): include('C:\\xampp\\htdocs...')
#3 C:\xampp\htdocs\dakecompany\admin\system\View\View.php(217): CodeIgniter\View\View->CodeIgniter\View\{closure}()
#4 C:\xampp\htdocs\dakecompany\admin\system\Common.php(1092): CodeIgniter\View\View->render('user/index', Array, true)
#5 C:\xampp\htdocs\dakecompany\admin\app\Controllers\User.php(23): view('user/index', Array)
#6 C:\xampp\htdocs\dakecompany\admin\system\CodeIgniter.php(802): App\Controllers\User->index()
#7 C:\xampp\htdocs\dakecompany\admin\system\CodeIgniter.php(399): CodeIgniter\CodeIgniter->runController(Object(App\Controllers\User))
#8 C:\xampp\htdocs\dakecompany\admin\system\CodeIgniter.php(317): CodeIgniter\CodeIgniter->handleRequest(NULL, Object(Config\Cache), false)
#9 C:\xampp\htdocs\dakecompany\admin\index.php(43): CodeIgniter\CodeIgniter->run()
#10 {main}
ERROR - 2023-08-22 09:59:07 --> Table 'dakecompany.tbl_tools' doesn't exist
CRITICAL - 2023-08-22 09:59:07 --> Call to a member function getResult() on bool
#0 C:\xampp\htdocs\dakecompany\admin\system\BaseModel.php(584): CodeIgniter\Model->doFindAll(0, 0)
#1 C:\xampp\htdocs\dakecompany\admin\app\Core\MyModel.php(76): CodeIgniter\BaseModel->findAll()
#2 C:\xampp\htdocs\dakecompany\admin\app\Controllers\Cpc.php(976): App\Core\MyModel->get_all_rows('tbl_tools as t', 't.tool_name,t.t...', Array, Array, Array, '', '', Array, 't.id')
#3 C:\xampp\htdocs\dakecompany\admin\system\CodeIgniter.php(802): App\Controllers\Cpc->inventory_graph()
#4 C:\xampp\htdocs\dakecompany\admin\system\CodeIgniter.php(399): CodeIgniter\CodeIgniter->runController(Object(App\Controllers\Cpc))
#5 C:\xampp\htdocs\dakecompany\admin\system\CodeIgniter.php(317): CodeIgniter\CodeIgniter->handleRequest(NULL, Object(Config\Cache), false)
#6 C:\xampp\htdocs\dakecompany\admin\index.php(43): CodeIgniter\CodeIgniter->run()
#7 {main}
ERROR - 2023-08-22 09:59:07 --> Table 'dakecompany.tbl_order_details' doesn't exist
CRITICAL - 2023-08-22 09:59:07 --> Call to a member function getResult() on bool
#0 C:\xampp\htdocs\dakecompany\admin\system\BaseModel.php(584): CodeIgniter\Model->doFindAll(0, 0)
#1 C:\xampp\htdocs\dakecompany\admin\app\Core\MyModel.php(76): CodeIgniter\BaseModel->findAll()
#2 C:\xampp\htdocs\dakecompany\admin\app\Controllers\Cpc.php(1003): App\Core\MyModel->get_all_rows('tbl_order_detai...', '*', Array, Array, Array, '', '', Array, 'tool_id')
#3 C:\xampp\htdocs\dakecompany\admin\system\CodeIgniter.php(802): App\Controllers\Cpc->all_tools_order()
#4 C:\xampp\htdocs\dakecompany\admin\system\CodeIgniter.php(399): CodeIgniter\CodeIgniter->runController(Object(App\Controllers\Cpc))
#5 C:\xampp\htdocs\dakecompany\admin\system\CodeIgniter.php(317): CodeIgniter\CodeIgniter->handleRequest(NULL, Object(Config\Cache), false)
#6 C:\xampp\htdocs\dakecompany\admin\index.php(43): CodeIgniter\CodeIgniter->run()
#7 {main}
ERROR - 2023-08-22 09:59:09 --> Table 'dakecompany.tbl_order_details' doesn't exist
CRITICAL - 2023-08-22 09:59:09 --> Call to a member function getResult() on bool
#0 C:\xampp\htdocs\dakecompany\admin\system\BaseModel.php(584): CodeIgniter\Model->doFindAll(0, 0)
#1 C:\xampp\htdocs\dakecompany\admin\app\Core\MyModel.php(76): CodeIgniter\BaseModel->findAll()
#2 C:\xampp\htdocs\dakecompany\admin\app\Controllers\Cpc.php(1003): App\Core\MyModel->get_all_rows('tbl_order_detai...', '*', Array, Array, Array, '', '', Array, 'tool_id')
#3 C:\xampp\htdocs\dakecompany\admin\system\CodeIgniter.php(802): App\Controllers\Cpc->all_tools_order()
#4 C:\xampp\htdocs\dakecompany\admin\system\CodeIgniter.php(399): CodeIgniter\CodeIgniter->runController(Object(App\Controllers\Cpc))
#5 C:\xampp\htdocs\dakecompany\admin\system\CodeIgniter.php(317): CodeIgniter\CodeIgniter->handleRequest(NULL, Object(Config\Cache), false)
#6 C:\xampp\htdocs\dakecompany\admin\index.php(43): CodeIgniter\CodeIgniter->run()
#7 {main}
ERROR - 2023-08-22 09:59:09 --> Table 'dakecompany.tbl_tools' doesn't exist
CRITICAL - 2023-08-22 09:59:09 --> Call to a member function getResult() on bool
#0 C:\xampp\htdocs\dakecompany\admin\system\BaseModel.php(584): CodeIgniter\Model->doFindAll(0, 0)
#1 C:\xampp\htdocs\dakecompany\admin\app\Core\MyModel.php(76): CodeIgniter\BaseModel->findAll()
#2 C:\xampp\htdocs\dakecompany\admin\app\Controllers\Cpc.php(976): App\Core\MyModel->get_all_rows('tbl_tools as t', 't.tool_name,t.t...', Array, Array, Array, '', '', Array, 't.id')
#3 C:\xampp\htdocs\dakecompany\admin\system\CodeIgniter.php(802): App\Controllers\Cpc->inventory_graph()
#4 C:\xampp\htdocs\dakecompany\admin\system\CodeIgniter.php(399): CodeIgniter\CodeIgniter->runController(Object(App\Controllers\Cpc))
#5 C:\xampp\htdocs\dakecompany\admin\system\CodeIgniter.php(317): CodeIgniter\CodeIgniter->handleRequest(NULL, Object(Config\Cache), false)
#6 C:\xampp\htdocs\dakecompany\admin\index.php(43): CodeIgniter\CodeIgniter->run()
#7 {main}
ERROR - 2023-08-22 09:59:19 --> Table 'dakecompany.tbl_tools' doesn't exist
CRITICAL - 2023-08-22 09:59:19 --> Call to a member function getResult() on bool
#0 C:\xampp\htdocs\dakecompany\admin\system\BaseModel.php(584): CodeIgniter\Model->doFindAll(0, 0)
#1 C:\xampp\htdocs\dakecompany\admin\app\Core\MyModel.php(76): CodeIgniter\BaseModel->findAll()
#2 C:\xampp\htdocs\dakecompany\admin\app\Controllers\Cpc.php(976): App\Core\MyModel->get_all_rows('tbl_tools as t', 't.tool_name,t.t...', Array, Array, Array, '', '', Array, 't.id')
#3 C:\xampp\htdocs\dakecompany\admin\system\CodeIgniter.php(802): App\Controllers\Cpc->inventory_graph()
#4 C:\xampp\htdocs\dakecompany\admin\system\CodeIgniter.php(399): CodeIgniter\CodeIgniter->runController(Object(App\Controllers\Cpc))
#5 C:\xampp\htdocs\dakecompany\admin\system\CodeIgniter.php(317): CodeIgniter\CodeIgniter->handleRequest(NULL, Object(Config\Cache), false)
#6 C:\xampp\htdocs\dakecompany\admin\index.php(43): CodeIgniter\CodeIgniter->run()
#7 {main}
ERROR - 2023-08-22 09:59:19 --> Table 'dakecompany.tbl_order_details' doesn't exist
CRITICAL - 2023-08-22 09:59:19 --> Call to a member function getResult() on bool
#0 C:\xampp\htdocs\dakecompany\admin\system\BaseModel.php(584): CodeIgniter\Model->doFindAll(0, 0)
#1 C:\xampp\htdocs\dakecompany\admin\app\Core\MyModel.php(76): CodeIgniter\BaseModel->findAll()
#2 C:\xampp\htdocs\dakecompany\admin\app\Controllers\Cpc.php(1003): App\Core\MyModel->get_all_rows('tbl_order_detai...', '*', Array, Array, Array, '', '', Array, 'tool_id')
#3 C:\xampp\htdocs\dakecompany\admin\system\CodeIgniter.php(802): App\Controllers\Cpc->all_tools_order()
#4 C:\xampp\htdocs\dakecompany\admin\system\CodeIgniter.php(399): CodeIgniter\CodeIgniter->runController(Object(App\Controllers\Cpc))
#5 C:\xampp\htdocs\dakecompany\admin\system\CodeIgniter.php(317): CodeIgniter\CodeIgniter->handleRequest(NULL, Object(Config\Cache), false)
#6 C:\xampp\htdocs\dakecompany\admin\index.php(43): CodeIgniter\CodeIgniter->run()
#7 {main}
CRITICAL - 2023-08-22 09:59:20 --> include(C:/xampp/htdocs/dakecompany/admin/public/includesheader.php): failed to open stream: No such file or directory
#0 C:\xampp\htdocs\dakecompany\admin\app\Views\user\index.php(1): CodeIgniter\Debug\Exceptions->errorHandler(2, 'include(C:/xamp...', 'C:\\xampp\\htdocs...', 1, Array)
#1 C:\xampp\htdocs\dakecompany\admin\app\Views\user\index.php(1): include()
#2 C:\xampp\htdocs\dakecompany\admin\system\View\View.php(214): include('C:\\xampp\\htdocs...')
#3 C:\xampp\htdocs\dakecompany\admin\system\View\View.php(217): CodeIgniter\View\View->CodeIgniter\View\{closure}()
#4 C:\xampp\htdocs\dakecompany\admin\system\Common.php(1092): CodeIgniter\View\View->render('user/index', Array, true)
#5 C:\xampp\htdocs\dakecompany\admin\app\Controllers\User.php(23): view('user/index', Array)
#6 C:\xampp\htdocs\dakecompany\admin\system\CodeIgniter.php(802): App\Controllers\User->index()
#7 C:\xampp\htdocs\dakecompany\admin\system\CodeIgniter.php(399): CodeIgniter\CodeIgniter->runController(Object(App\Controllers\User))
#8 C:\xampp\htdocs\dakecompany\admin\system\CodeIgniter.php(317): CodeIgniter\CodeIgniter->handleRequest(NULL, Object(Config\Cache), false)
#9 C:\xampp\htdocs\dakecompany\admin\index.php(43): CodeIgniter\CodeIgniter->run()
#10 {main}
ERROR - 2023-08-22 09:59:22 --> Table 'dakecompany.tbl_tools' doesn't exist
CRITICAL - 2023-08-22 09:59:22 --> Call to a member function getResult() on bool
#0 C:\xampp\htdocs\dakecompany\admin\system\BaseModel.php(584): CodeIgniter\Model->doFindAll(0, 0)
#1 C:\xampp\htdocs\dakecompany\admin\app\Core\MyModel.php(76): CodeIgniter\BaseModel->findAll()
#2 C:\xampp\htdocs\dakecompany\admin\app\Controllers\Cpc.php(976): App\Core\MyModel->get_all_rows('tbl_tools as t', 't.tool_name,t.t...', Array, Array, Array, '', '', Array, 't.id')
#3 C:\xampp\htdocs\dakecompany\admin\system\CodeIgniter.php(802): App\Controllers\Cpc->inventory_graph()
#4 C:\xampp\htdocs\dakecompany\admin\system\CodeIgniter.php(399): CodeIgniter\CodeIgniter->runController(Object(App\Controllers\Cpc))
#5 C:\xampp\htdocs\dakecompany\admin\system\CodeIgniter.php(317): CodeIgniter\CodeIgniter->handleRequest(NULL, Object(Config\Cache), false)
#6 C:\xampp\htdocs\dakecompany\admin\index.php(43): CodeIgniter\CodeIgniter->run()
#7 {main}
ERROR - 2023-08-22 09:59:22 --> Table 'dakecompany.tbl_order_details' doesn't exist
CRITICAL - 2023-08-22 09:59:22 --> Call to a member function getResult() on bool
#0 C:\xampp\htdocs\dakecompany\admin\system\BaseModel.php(584): CodeIgniter\Model->doFindAll(0, 0)
#1 C:\xampp\htdocs\dakecompany\admin\app\Core\MyModel.php(76): CodeIgniter\BaseModel->findAll()
#2 C:\xampp\htdocs\dakecompany\admin\app\Controllers\Cpc.php(1003): App\Core\MyModel->get_all_rows('tbl_order_detai...', '*', Array, Array, Array, '', '', Array, 'tool_id')
#3 C:\xampp\htdocs\dakecompany\admin\system\CodeIgniter.php(802): App\Controllers\Cpc->all_tools_order()
#4 C:\xampp\htdocs\dakecompany\admin\system\CodeIgniter.php(399): CodeIgniter\CodeIgniter->runController(Object(App\Controllers\Cpc))
#5 C:\xampp\htdocs\dakecompany\admin\system\CodeIgniter.php(317): CodeIgniter\CodeIgniter->handleRequest(NULL, Object(Config\Cache), false)
#6 C:\xampp\htdocs\dakecompany\admin\index.php(43): CodeIgniter\CodeIgniter->run()
#7 {main}
ERROR - 2023-08-22 10:03:35 --> Table 'dakecompany.tbl_tools' doesn't exist
CRITICAL - 2023-08-22 10:03:35 --> Call to a member function getResult() on bool
#0 C:\xampp\htdocs\dakecompany\admin\system\BaseModel.php(584): CodeIgniter\Model->doFindAll(0, 0)
#1 C:\xampp\htdocs\dakecompany\admin\app\Core\MyModel.php(76): CodeIgniter\BaseModel->findAll()
#2 C:\xampp\htdocs\dakecompany\admin\app\Controllers\Cpc.php(976): App\Core\MyModel->get_all_rows('tbl_tools as t', 't.tool_name,t.t...', Array, Array, Array, '', '', Array, 't.id')
#3 C:\xampp\htdocs\dakecompany\admin\system\CodeIgniter.php(802): App\Controllers\Cpc->inventory_graph()
#4 C:\xampp\htdocs\dakecompany\admin\system\CodeIgniter.php(399): CodeIgniter\CodeIgniter->runController(Object(App\Controllers\Cpc))
#5 C:\xampp\htdocs\dakecompany\admin\system\CodeIgniter.php(317): CodeIgniter\CodeIgniter->handleRequest(NULL, Object(Config\Cache), false)
#6 C:\xampp\htdocs\dakecompany\admin\index.php(43): CodeIgniter\CodeIgniter->run()
#7 {main}
ERROR - 2023-08-22 10:03:35 --> Table 'dakecompany.tbl_order_details' doesn't exist
CRITICAL - 2023-08-22 10:03:35 --> Call to a member function getResult() on bool
#0 C:\xampp\htdocs\dakecompany\admin\system\BaseModel.php(584): CodeIgniter\Model->doFindAll(0, 0)
#1 C:\xampp\htdocs\dakecompany\admin\app\Core\MyModel.php(76): CodeIgniter\BaseModel->findAll()
#2 C:\xampp\htdocs\dakecompany\admin\app\Controllers\Cpc.php(1003): App\Core\MyModel->get_all_rows('tbl_order_detai...', '*', Array, Array, Array, '', '', Array, 'tool_id')
#3 C:\xampp\htdocs\dakecompany\admin\system\CodeIgniter.php(802): App\Controllers\Cpc->all_tools_order()
#4 C:\xampp\htdocs\dakecompany\admin\system\CodeIgniter.php(399): CodeIgniter\CodeIgniter->runController(Object(App\Controllers\Cpc))
#5 C:\xampp\htdocs\dakecompany\admin\system\CodeIgniter.php(317): CodeIgniter\CodeIgniter->handleRequest(NULL, Object(Config\Cache), false)
#6 C:\xampp\htdocs\dakecompany\admin\index.php(43): CodeIgniter\CodeIgniter->run()
#7 {main}
ERROR - 2023-08-22 10:04:13 --> Table 'dakecompany.tbl_tools' doesn't exist
CRITICAL - 2023-08-22 10:04:13 --> Call to a member function getResult() on bool
#0 C:\xampp\htdocs\dakecompany\admin\system\BaseModel.php(584): CodeIgniter\Model->doFindAll(0, 0)
#1 C:\xampp\htdocs\dakecompany\admin\app\Core\MyModel.php(76): CodeIgniter\BaseModel->findAll()
#2 C:\xampp\htdocs\dakecompany\admin\app\Controllers\Cpc.php(976): App\Core\MyModel->get_all_rows('tbl_tools as t', 't.tool_name,t.t...', Array, Array, Array, '', '', Array, 't.id')
#3 C:\xampp\htdocs\dakecompany\admin\system\CodeIgniter.php(802): App\Controllers\Cpc->inventory_graph()
#4 C:\xampp\htdocs\dakecompany\admin\system\CodeIgniter.php(399): CodeIgniter\CodeIgniter->runController(Object(App\Controllers\Cpc))
#5 C:\xampp\htdocs\dakecompany\admin\system\CodeIgniter.php(317): CodeIgniter\CodeIgniter->handleRequest(NULL, Object(Config\Cache), false)
#6 C:\xampp\htdocs\dakecompany\admin\index.php(43): CodeIgniter\CodeIgniter->run()
#7 {main}
ERROR - 2023-08-22 10:04:13 --> Table 'dakecompany.tbl_order_details' doesn't exist
CRITICAL - 2023-08-22 10:04:13 --> Call to a member function getResult() on bool
#0 C:\xampp\htdocs\dakecompany\admin\system\BaseModel.php(584): CodeIgniter\Model->doFindAll(0, 0)
#1 C:\xampp\htdocs\dakecompany\admin\app\Core\MyModel.php(76): CodeIgniter\BaseModel->findAll()
#2 C:\xampp\htdocs\dakecompany\admin\app\Controllers\Cpc.php(1003): App\Core\MyModel->get_all_rows('tbl_order_detai...', '*', Array, Array, Array, '', '', Array, 'tool_id')
#3 C:\xampp\htdocs\dakecompany\admin\system\CodeIgniter.php(802): App\Controllers\Cpc->all_tools_order()
#4 C:\xampp\htdocs\dakecompany\admin\system\CodeIgniter.php(399): CodeIgniter\CodeIgniter->runController(Object(App\Controllers\Cpc))
#5 C:\xampp\htdocs\dakecompany\admin\system\CodeIgniter.php(317): CodeIgniter\CodeIgniter->handleRequest(NULL, Object(Config\Cache), false)
#6 C:\xampp\htdocs\dakecompany\admin\index.php(43): CodeIgniter\CodeIgniter->run()
#7 {main}
ERROR - 2023-08-22 10:06:42 --> Table 'dakecompany.tbl_logs' doesn't exist
ERROR - 2023-08-22 10:06:48 --> Table 'dakecompany.tbl_order_details' doesn't exist
CRITICAL - 2023-08-22 10:06:48 --> Call to a member function getResult() on bool
#0 C:\xampp\htdocs\dakecompany\admin\system\BaseModel.php(584): CodeIgniter\Model->doFindAll(0, 0)
#1 C:\xampp\htdocs\dakecompany\admin\app\Core\MyModel.php(76): CodeIgniter\BaseModel->findAll()
#2 C:\xampp\htdocs\dakecompany\admin\app\Controllers\Cpc.php(1003): App\Core\MyModel->get_all_rows('tbl_order_detai...', '*', Array, Array, Array, '', '', Array, 'tool_id')
#3 C:\xampp\htdocs\dakecompany\admin\system\CodeIgniter.php(802): App\Controllers\Cpc->all_tools_order()
#4 C:\xampp\htdocs\dakecompany\admin\system\CodeIgniter.php(399): CodeIgniter\CodeIgniter->runController(Object(App\Controllers\Cpc))
#5 C:\xampp\htdocs\dakecompany\admin\system\CodeIgniter.php(317): CodeIgniter\CodeIgniter->handleRequest(NULL, Object(Config\Cache), false)
#6 C:\xampp\htdocs\dakecompany\admin\index.php(43): CodeIgniter\CodeIgniter->run()
#7 {main}
ERROR - 2023-08-22 10:06:48 --> Table 'dakecompany.tbl_tools' doesn't exist
CRITICAL - 2023-08-22 10:06:48 --> Call to a member function getResult() on bool
#0 C:\xampp\htdocs\dakecompany\admin\system\BaseModel.php(584): CodeIgniter\Model->doFindAll(0, 0)
#1 C:\xampp\htdocs\dakecompany\admin\app\Core\MyModel.php(76): CodeIgniter\BaseModel->findAll()
#2 C:\xampp\htdocs\dakecompany\admin\app\Controllers\Cpc.php(976): App\Core\MyModel->get_all_rows('tbl_tools as t', 't.tool_name,t.t...', Array, Array, Array, '', '', Array, 't.id')
#3 C:\xampp\htdocs\dakecompany\admin\system\CodeIgniter.php(802): App\Controllers\Cpc->inventory_graph()
#4 C:\xampp\htdocs\dakecompany\admin\system\CodeIgniter.php(399): CodeIgniter\CodeIgniter->runController(Object(App\Controllers\Cpc))
#5 C:\xampp\htdocs\dakecompany\admin\system\CodeIgniter.php(317): CodeIgniter\CodeIgniter->handleRequest(NULL, Object(Config\Cache), false)
#6 C:\xampp\htdocs\dakecompany\admin\index.php(43): CodeIgniter\CodeIgniter->run()
#7 {main}
ERROR - 2023-08-22 10:10:40 --> Table 'dakecompany.tbl_tools' doesn't exist
CRITICAL - 2023-08-22 10:10:40 --> Call to a member function getResult() on bool
#0 C:\xampp\htdocs\dakecompany\admin\system\BaseModel.php(584): CodeIgniter\Model->doFindAll(0, 0)
#1 C:\xampp\htdocs\dakecompany\admin\app\Core\MyModel.php(76): CodeIgniter\BaseModel->findAll()
#2 C:\xampp\htdocs\dakecompany\admin\app\Controllers\Cpc.php(976): App\Core\MyModel->get_all_rows('tbl_tools as t', 't.tool_name,t.t...', Array, Array, Array, '', '', Array, 't.id')
#3 C:\xampp\htdocs\dakecompany\admin\system\CodeIgniter.php(802): App\Controllers\Cpc->inventory_graph()
#4 C:\xampp\htdocs\dakecompany\admin\system\CodeIgniter.php(399): CodeIgniter\CodeIgniter->runController(Object(App\Controllers\Cpc))
#5 C:\xampp\htdocs\dakecompany\admin\system\CodeIgniter.php(317): CodeIgniter\CodeIgniter->handleRequest(NULL, Object(Config\Cache), false)
#6 C:\xampp\htdocs\dakecompany\admin\index.php(43): CodeIgniter\CodeIgniter->run()
#7 {main}
ERROR - 2023-08-22 10:10:40 --> Table 'dakecompany.tbl_order_details' doesn't exist
CRITICAL - 2023-08-22 10:10:40 --> Call to a member function getResult() on bool
#0 C:\xampp\htdocs\dakecompany\admin\system\BaseModel.php(584): CodeIgniter\Model->doFindAll(0, 0)
#1 C:\xampp\htdocs\dakecompany\admin\app\Core\MyModel.php(76): CodeIgniter\BaseModel->findAll()
#2 C:\xampp\htdocs\dakecompany\admin\app\Controllers\Cpc.php(1003): App\Core\MyModel->get_all_rows('tbl_order_detai...', '*', Array, Array, Array, '', '', Array, 'tool_id')
#3 C:\xampp\htdocs\dakecompany\admin\system\CodeIgniter.php(802): App\Controllers\Cpc->all_tools_order()
#4 C:\xampp\htdocs\dakecompany\admin\system\CodeIgniter.php(399): CodeIgniter\CodeIgniter->runController(Object(App\Controllers\Cpc))
#5 C:\xampp\htdocs\dakecompany\admin\system\CodeIgniter.php(317): CodeIgniter\CodeIgniter->handleRequest(NULL, Object(Config\Cache), false)
#6 C:\xampp\htdocs\dakecompany\admin\index.php(43): CodeIgniter\CodeIgniter->run()
#7 {main}
CRITICAL - 2023-08-22 10:10:42 --> include(C:/xampp/htdocs/dakecompany/admin/public/includesheader.php): failed to open stream: No such file or directory
#0 C:\xampp\htdocs\dakecompany\admin\app\Views\user\index.php(1): CodeIgniter\Debug\Exceptions->errorHandler(2, 'include(C:/xamp...', 'C:\\xampp\\htdocs...', 1, Array)
#1 C:\xampp\htdocs\dakecompany\admin\app\Views\user\index.php(1): include()
#2 C:\xampp\htdocs\dakecompany\admin\system\View\View.php(214): include('C:\\xampp\\htdocs...')
#3 C:\xampp\htdocs\dakecompany\admin\system\View\View.php(217): CodeIgniter\View\View->CodeIgniter\View\{closure}()
#4 C:\xampp\htdocs\dakecompany\admin\system\Common.php(1092): CodeIgniter\View\View->render('user/index', Array, true)
#5 C:\xampp\htdocs\dakecompany\admin\app\Controllers\User.php(23): view('user/index', Array)
#6 C:\xampp\htdocs\dakecompany\admin\system\CodeIgniter.php(802): App\Controllers\User->index()
#7 C:\xampp\htdocs\dakecompany\admin\system\CodeIgniter.php(399): CodeIgniter\CodeIgniter->runController(Object(App\Controllers\User))
#8 C:\xampp\htdocs\dakecompany\admin\system\CodeIgniter.php(317): CodeIgniter\CodeIgniter->handleRequest(NULL, Object(Config\Cache), false)
#9 C:\xampp\htdocs\dakecompany\admin\index.php(43): CodeIgniter\CodeIgniter->run()
#10 {main}
ERROR - 2023-08-22 10:10:44 --> Table 'dakecompany.tbl_order_details' doesn't exist
CRITICAL - 2023-08-22 10:10:44 --> Call to a member function getResult() on bool
#0 C:\xampp\htdocs\dakecompany\admin\system\BaseModel.php(584): CodeIgniter\Model->doFindAll(0, 0)
#1 C:\xampp\htdocs\dakecompany\admin\app\Core\MyModel.php(76): CodeIgniter\BaseModel->findAll()
#2 C:\xampp\htdocs\dakecompany\admin\app\Controllers\Cpc.php(1003): App\Core\MyModel->get_all_rows('tbl_order_detai...', '*', Array, Array, Array, '', '', Array, 'tool_id')
#3 C:\xampp\htdocs\dakecompany\admin\system\CodeIgniter.php(802): App\Controllers\Cpc->all_tools_order()
#4 C:\xampp\htdocs\dakecompany\admin\system\CodeIgniter.php(399): CodeIgniter\CodeIgniter->runController(Object(App\Controllers\Cpc))
#5 C:\xampp\htdocs\dakecompany\admin\system\CodeIgniter.php(317): CodeIgniter\CodeIgniter->handleRequest(NULL, Object(Config\Cache), false)
#6 C:\xampp\htdocs\dakecompany\admin\index.php(43): CodeIgniter\CodeIgniter->run()
#7 {main}
ERROR - 2023-08-22 10:10:44 --> Table 'dakecompany.tbl_tools' doesn't exist
CRITICAL - 2023-08-22 10:10:44 --> Call to a member function getResult() on bool
#0 C:\xampp\htdocs\dakecompany\admin\system\BaseModel.php(584): CodeIgniter\Model->doFindAll(0, 0)
#1 C:\xampp\htdocs\dakecompany\admin\app\Core\MyModel.php(76): CodeIgniter\BaseModel->findAll()
#2 C:\xampp\htdocs\dakecompany\admin\app\Controllers\Cpc.php(976): App\Core\MyModel->get_all_rows('tbl_tools as t', 't.tool_name,t.t...', Array, Array, Array, '', '', Array, 't.id')
#3 C:\xampp\htdocs\dakecompany\admin\system\CodeIgniter.php(802): App\Controllers\Cpc->inventory_graph()
#4 C:\xampp\htdocs\dakecompany\admin\system\CodeIgniter.php(399): CodeIgniter\CodeIgniter->runController(Object(App\Controllers\Cpc))
#5 C:\xampp\htdocs\dakecompany\admin\system\CodeIgniter.php(317): CodeIgniter\CodeIgniter->handleRequest(NULL, Object(Config\Cache), false)
#6 C:\xampp\htdocs\dakecompany\admin\index.php(43): CodeIgniter\CodeIgniter->run()
#7 {main}
CRITICAL - 2023-08-22 10:10:45 --> include(C:/xampp/htdocs/dakecompany/admin/public/includesheader.php): failed to open stream: No such file or directory
#0 C:\xampp\htdocs\dakecompany\admin\app\Views\user\index.php(1): CodeIgniter\Debug\Exceptions->errorHandler(2, 'include(C:/xamp...', 'C:\\xampp\\htdocs...', 1, Array)
#1 C:\xampp\htdocs\dakecompany\admin\app\Views\user\index.php(1): include()
#2 C:\xampp\htdocs\dakecompany\admin\system\View\View.php(214): include('C:\\xampp\\htdocs...')
#3 C:\xampp\htdocs\dakecompany\admin\system\View\View.php(217): CodeIgniter\View\View->CodeIgniter\View\{closure}()
#4 C:\xampp\htdocs\dakecompany\admin\system\Common.php(1092): CodeIgniter\View\View->render('user/index', Array, true)
#5 C:\xampp\htdocs\dakecompany\admin\app\Controllers\User.php(23): view('user/index', Array)
#6 C:\xampp\htdocs\dakecompany\admin\system\CodeIgniter.php(802): App\Controllers\User->index()
#7 C:\xampp\htdocs\dakecompany\admin\system\CodeIgniter.php(399): CodeIgniter\CodeIgniter->runController(Object(App\Controllers\User))
#8 C:\xampp\htdocs\dakecompany\admin\system\CodeIgniter.php(317): CodeIgniter\CodeIgniter->handleRequest(NULL, Object(Config\Cache), false)
#9 C:\xampp\htdocs\dakecompany\admin\index.php(43): CodeIgniter\CodeIgniter->run()
#10 {main}
ERROR - 2023-08-22 10:10:46 --> Table 'dakecompany.tbl_tools' doesn't exist
CRITICAL - 2023-08-22 10:10:46 --> Call to a member function getResult() on bool
#0 C:\xampp\htdocs\dakecompany\admin\system\BaseModel.php(584): CodeIgniter\Model->doFindAll(0, 0)
#1 C:\xampp\htdocs\dakecompany\admin\app\Core\MyModel.php(76): CodeIgniter\BaseModel->findAll()
#2 C:\xampp\htdocs\dakecompany\admin\app\Controllers\Cpc.php(976): App\Core\MyModel->get_all_rows('tbl_tools as t', 't.tool_name,t.t...', Array, Array, Array, '', '', Array, 't.id')
#3 C:\xampp\htdocs\dakecompany\admin\system\CodeIgniter.php(802): App\Controllers\Cpc->inventory_graph()
#4 C:\xampp\htdocs\dakecompany\admin\system\CodeIgniter.php(399): CodeIgniter\CodeIgniter->runController(Object(App\Controllers\Cpc))
#5 C:\xampp\htdocs\dakecompany\admin\system\CodeIgniter.php(317): CodeIgniter\CodeIgniter->handleRequest(NULL, Object(Config\Cache), false)
#6 C:\xampp\htdocs\dakecompany\admin\index.php(43): CodeIgniter\CodeIgniter->run()
#7 {main}
ERROR - 2023-08-22 10:10:46 --> Table 'dakecompany.tbl_order_details' doesn't exist
CRITICAL - 2023-08-22 10:10:46 --> Call to a member function getResult() on bool
#0 C:\xampp\htdocs\dakecompany\admin\system\BaseModel.php(584): CodeIgniter\Model->doFindAll(0, 0)
#1 C:\xampp\htdocs\dakecompany\admin\app\Core\MyModel.php(76): CodeIgniter\BaseModel->findAll()
#2 C:\xampp\htdocs\dakecompany\admin\app\Controllers\Cpc.php(1003): App\Core\MyModel->get_all_rows('tbl_order_detai...', '*', Array, Array, Array, '', '', Array, 'tool_id')
#3 C:\xampp\htdocs\dakecompany\admin\system\CodeIgniter.php(802): App\Controllers\Cpc->all_tools_order()
#4 C:\xampp\htdocs\dakecompany\admin\system\CodeIgniter.php(399): CodeIgniter\CodeIgniter->runController(Object(App\Controllers\Cpc))
#5 C:\xampp\htdocs\dakecompany\admin\system\CodeIgniter.php(317): CodeIgniter\CodeIgniter->handleRequest(NULL, Object(Config\Cache), false)
#6 C:\xampp\htdocs\dakecompany\admin\index.php(43): CodeIgniter\CodeIgniter->run()
#7 {main}
CRITICAL - 2023-08-22 10:11:55 --> include(C:/xampp/htdocs/dakecompany/admin/public/includesheader.php): failed to open stream: No such file or directory
#0 C:\xampp\htdocs\dakecompany\admin\app\Views\user\index.php(1): CodeIgniter\Debug\Exceptions->errorHandler(2, 'include(C:/xamp...', 'C:\\xampp\\htdocs...', 1, Array)
#1 C:\xampp\htdocs\dakecompany\admin\app\Views\user\index.php(1): include()
#2 C:\xampp\htdocs\dakecompany\admin\system\View\View.php(214): include('C:\\xampp\\htdocs...')
#3 C:\xampp\htdocs\dakecompany\admin\system\View\View.php(217): CodeIgniter\View\View->CodeIgniter\View\{closure}()
#4 C:\xampp\htdocs\dakecompany\admin\system\Common.php(1092): CodeIgniter\View\View->render('user/index', Array, true)
#5 C:\xampp\htdocs\dakecompany\admin\app\Controllers\User.php(22): view('user/index', Array)
#6 C:\xampp\htdocs\dakecompany\admin\system\CodeIgniter.php(802): App\Controllers\User->index()
#7 C:\xampp\htdocs\dakecompany\admin\system\CodeIgniter.php(399): CodeIgniter\CodeIgniter->runController(Object(App\Controllers\User))
#8 C:\xampp\htdocs\dakecompany\admin\system\CodeIgniter.php(317): CodeIgniter\CodeIgniter->handleRequest(NULL, Object(Config\Cache), false)
#9 C:\xampp\htdocs\dakecompany\admin\index.php(43): CodeIgniter\CodeIgniter->run()
#10 {main}
ERROR - 2023-08-22 10:32:52 --> Table 'dakecompany.tbl_members' doesn't exist
CRITICAL - 2023-08-22 10:32:52 --> Call to a member function getResult() on bool
#0 C:\xampp\htdocs\dakecompany\admin\system\BaseModel.php(584): CodeIgniter\Model->doFindAll(0, 0)
#1 C:\xampp\htdocs\dakecompany\admin\app\Core\MyModel.php(76): CodeIgniter\BaseModel->findAll()
#2 C:\xampp\htdocs\dakecompany\admin\app\Controllers\Subadmin.php(29): App\Core\MyModel->get_all_rows('tbl_members', '*', Array)
#3 C:\xampp\htdocs\dakecompany\admin\system\CodeIgniter.php(802): App\Controllers\Subadmin->index()
#4 C:\xampp\htdocs\dakecompany\admin\system\CodeIgniter.php(399): CodeIgniter\CodeIgniter->runController(Object(App\Controllers\Subadmin))
#5 C:\xampp\htdocs\dakecompany\admin\system\CodeIgniter.php(317): CodeIgniter\CodeIgniter->handleRequest(NULL, Object(Config\Cache), false)
#6 C:\xampp\htdocs\dakecompany\admin\index.php(43): CodeIgniter\CodeIgniter->run()
#7 {main}
CRITICAL - 2023-08-22 10:34:26 --> Call to undefined method App\Controllers\Subadmin::fetchMember()
#0 C:\xampp\htdocs\dakecompany\admin\system\View\View.php(214): include()
#1 C:\xampp\htdocs\dakecompany\admin\system\View\View.php(217): CodeIgniter\View\View->CodeIgniter\View\{closure}()
#2 C:\xampp\htdocs\dakecompany\admin\system\Common.php(1092): CodeIgniter\View\View->render('subadmin/index', Array, true)
#3 C:\xampp\htdocs\dakecompany\admin\app\Controllers\Subadmin.php(30): view('subadmin/index', Array)
#4 C:\xampp\htdocs\dakecompany\admin\system\CodeIgniter.php(802): App\Controllers\Subadmin->index()
#5 C:\xampp\htdocs\dakecompany\admin\system\CodeIgniter.php(399): CodeIgniter\CodeIgniter->runController(Object(App\Controllers\Subadmin))
#6 C:\xampp\htdocs\dakecompany\admin\system\CodeIgniter.php(317): CodeIgniter\CodeIgniter->handleRequest(NULL, Object(Config\Cache), false)
#7 C:\xampp\htdocs\dakecompany\admin\index.php(43): CodeIgniter\CodeIgniter->run()
#8 {main}
CRITICAL - 2023-08-22 10:35:28 --> syntax error, unexpected 'Admins' (T_STRING), expecting ';' or ','
#0 C:\xampp\htdocs\dakecompany\admin\system\View\View.php(217): CodeIgniter\View\View->CodeIgniter\View\{closure}()
#1 C:\xampp\htdocs\dakecompany\admin\system\Common.php(1092): CodeIgniter\View\View->render('subadmin/index', Array, true)
#2 C:\xampp\htdocs\dakecompany\admin\app\Controllers\Subadmin.php(30): view('subadmin/index', Array)
#3 C:\xampp\htdocs\dakecompany\admin\system\CodeIgniter.php(802): App\Controllers\Subadmin->index()
#4 C:\xampp\htdocs\dakecompany\admin\system\CodeIgniter.php(399): CodeIgniter\CodeIgniter->runController(Object(App\Controllers\Subadmin))
#5 C:\xampp\htdocs\dakecompany\admin\system\CodeIgniter.php(317): CodeIgniter\CodeIgniter->handleRequest(NULL, Object(Config\Cache), false)
#6 C:\xampp\htdocs\dakecompany\admin\index.php(43): CodeIgniter\CodeIgniter->run()
#7 {main}
ERROR - 2023-08-22 10:44:53 --> Unknown column 'member_address' in 'field list'
CRITICAL - 2023-08-22 10:49:10 --> Use of undefined constant OPERATION_PATH - assumed 'OPERATION_PATH' (this will throw an Error in a future version of PHP)
#0 C:\xampp\htdocs\dakecompany\admin\app\Views\master\index.php(107): CodeIgniter\Debug\Exceptions->errorHandler(2, 'Use of undefine...', 'C:\\xampp\\htdocs...', 107, Array)
#1 C:\xampp\htdocs\dakecompany\admin\system\View\View.php(214): include('C:\\xampp\\htdocs...')
#2 C:\xampp\htdocs\dakecompany\admin\system\View\View.php(217): CodeIgniter\View\View->CodeIgniter\View\{closure}()
#3 C:\xampp\htdocs\dakecompany\admin\system\Common.php(1092): CodeIgniter\View\View->render('master/index', Array, true)
#4 C:\xampp\htdocs\dakecompany\admin\app\Controllers\Master.php(27): view('master/index', Array)
#5 C:\xampp\htdocs\dakecompany\admin\system\CodeIgniter.php(802): App\Controllers\Master->index()
#6 C:\xampp\htdocs\dakecompany\admin\system\CodeIgniter.php(399): CodeIgniter\CodeIgniter->runController(Object(App\Controllers\Master))
#7 C:\xampp\htdocs\dakecompany\admin\system\CodeIgniter.php(317): CodeIgniter\CodeIgniter->handleRequest(NULL, Object(Config\Cache), false)
#8 C:\xampp\htdocs\dakecompany\admin\index.php(43): CodeIgniter\CodeIgniter->run()
#9 {main}
CRITICAL - 2023-08-22 10:50:37 --> Use of undefined constant USER_PATH - assumed 'USER_PATH' (this will throw an Error in a future version of PHP)
#0 C:\xampp\htdocs\dakecompany\admin\app\Views\dashboard\index.php(33): CodeIgniter\Debug\Exceptions->errorHandler(2, 'Use of undefine...', 'C:\\xampp\\htdocs...', 33, Array)
#1 C:\xampp\htdocs\dakecompany\admin\system\View\View.php(214): include('C:\\xampp\\htdocs...')
#2 C:\xampp\htdocs\dakecompany\admin\system\View\View.php(217): CodeIgniter\View\View->CodeIgniter\View\{closure}()
#3 C:\xampp\htdocs\dakecompany\admin\system\Common.php(1092): CodeIgniter\View\View->render('dashboard/index...', Array, true)
#4 C:\xampp\htdocs\dakecompany\admin\app\Controllers\Dashboard.php(22): view('dashboard/index...', Array)
#5 C:\xampp\htdocs\dakecompany\admin\system\CodeIgniter.php(802): App\Controllers\Dashboard->index()
#6 C:\xampp\htdocs\dakecompany\admin\system\CodeIgniter.php(399): CodeIgniter\CodeIgniter->runController(Object(App\Controllers\Dashboard))
#7 C:\xampp\htdocs\dakecompany\admin\system\CodeIgniter.php(317): CodeIgniter\CodeIgniter->handleRequest(NULL, Object(Config\Cache), false)
#8 C:\xampp\htdocs\dakecompany\admin\index.php(43): CodeIgniter\CodeIgniter->run()
#9 {main}
CRITICAL - 2023-08-22 10:51:21 --> Use of undefined constant CPC_PATH - assumed 'CPC_PATH' (this will throw an Error in a future version of PHP)
#0 C:\xampp\htdocs\dakecompany\admin\app\Views\dashboard\index.php(162): CodeIgniter\Debug\Exceptions->errorHandler(2, 'Use of undefine...', 'C:\\xampp\\htdocs...', 162, Array)
#1 C:\xampp\htdocs\dakecompany\admin\system\View\View.php(214): include('C:\\xampp\\htdocs...')
#2 C:\xampp\htdocs\dakecompany\admin\system\View\View.php(217): CodeIgniter\View\View->CodeIgniter\View\{closure}()
#3 C:\xampp\htdocs\dakecompany\admin\system\Common.php(1092): CodeIgniter\View\View->render('dashboard/index...', Array, true)
#4 C:\xampp\htdocs\dakecompany\admin\app\Controllers\Dashboard.php(22): view('dashboard/index...', Array)
#5 C:\xampp\htdocs\dakecompany\admin\system\CodeIgniter.php(802): App\Controllers\Dashboard->index()
#6 C:\xampp\htdocs\dakecompany\admin\system\CodeIgniter.php(399): CodeIgniter\CodeIgniter->runController(Object(App\Controllers\Dashboard))
#7 C:\xampp\htdocs\dakecompany\admin\system\CodeIgniter.php(317): CodeIgniter\CodeIgniter->handleRequest(NULL, Object(Config\Cache), false)
#8 C:\xampp\htdocs\dakecompany\admin\index.php(43): CodeIgniter\CodeIgniter->run()
#9 {main}
CRITICAL - 2023-08-22 10:51:56 --> Use of undefined constant CPC_PATH - assumed 'CPC_PATH' (this will throw an Error in a future version of PHP)
#0 C:\xampp\htdocs\dakecompany\admin\app\Views\dashboard\index.php(162): CodeIgniter\Debug\Exceptions->errorHandler(2, 'Use of undefine...', 'C:\\xampp\\htdocs...', 162, Array)
#1 C:\xampp\htdocs\dakecompany\admin\system\View\View.php(214): include('C:\\xampp\\htdocs...')
#2 C:\xampp\htdocs\dakecompany\admin\system\View\View.php(217): CodeIgniter\View\View->CodeIgniter\View\{closure}()
#3 C:\xampp\htdocs\dakecompany\admin\system\Common.php(1092): CodeIgniter\View\View->render('dashboard/index...', Array, true)
#4 C:\xampp\htdocs\dakecompany\admin\app\Controllers\Dashboard.php(22): view('dashboard/index...', Array)
#5 C:\xampp\htdocs\dakecompany\admin\system\CodeIgniter.php(802): App\Controllers\Dashboard->index()
#6 C:\xampp\htdocs\dakecompany\admin\system\CodeIgniter.php(399): CodeIgniter\CodeIgniter->runController(Object(App\Controllers\Dashboard))
#7 C:\xampp\htdocs\dakecompany\admin\system\CodeIgniter.php(317): CodeIgniter\CodeIgniter->handleRequest(NULL, Object(Config\Cache), false)
#8 C:\xampp\htdocs\dakecompany\admin\index.php(43): CodeIgniter\CodeIgniter->run()
#9 {main}
