CRITICAL - 2023-10-04 10:37:38 --> Too few arguments to function App\Core\MyModel::get_all_rows(), 1 passed in C:\xampp\htdocs\MilitaryOfficersMess\admin\app\Controllers\Expense.php on line 32 and at least 2 expected
#0 C:\xampp\htdocs\MilitaryOfficersMess\admin\app\Controllers\Expense.php(32): App\Core\MyModel->get_all_rows('tbl_expense')
#1 C:\xampp\htdocs\MilitaryOfficersMess\admin\system\CodeIgniter.php(802): App\Controllers\Expense->index()
#2 C:\xampp\htdocs\MilitaryOfficersMess\admin\system\CodeIgniter.php(399): CodeIgniter\CodeIgniter->runController(Object(App\Controllers\Expense))
#3 C:\xampp\htdocs\MilitaryOfficersMess\admin\system\CodeIgniter.php(317): CodeIgniter\CodeIgniter->handleRequest(NULL, Object(Config\Cache), false)
#4 C:\xampp\htdocs\MilitaryOfficersMess\admin\index.php(43): CodeIgniter\CodeIgniter->run()
#5 {main}
CRITICAL - 2023-10-04 10:39:08 --> Invalid argument supplied for foreach()
#0 C:\xampp\htdocs\MilitaryOfficersMess\admin\app\Views\expense\add.php(54): CodeIgniter\Debug\Exceptions->errorHandler(2, 'Invalid argumen...', 'C:\\xampp\\htdocs...', 54, Array)
#1 C:\xampp\htdocs\MilitaryOfficersMess\admin\system\View\View.php(214): include('C:\\xampp\\htdocs...')
#2 C:\xampp\htdocs\MilitaryOfficersMess\admin\system\View\View.php(217): CodeIgniter\View\View->CodeIgniter\View\{closure}()
#3 C:\xampp\htdocs\MilitaryOfficersMess\admin\system\Common.php(1092): CodeIgniter\View\View->render('expense/add', Array, true)
#4 C:\xampp\htdocs\MilitaryOfficersMess\admin\app\Controllers\Expense.php(59): view('expense/add', Array)
#5 C:\xampp\htdocs\MilitaryOfficersMess\admin\system\CodeIgniter.php(802): App\Controllers\Expense->add()
#6 C:\xampp\htdocs\MilitaryOfficersMess\admin\system\CodeIgniter.php(399): CodeIgniter\CodeIgniter->runController(Object(App\Controllers\Expense))
#7 C:\xampp\htdocs\MilitaryOfficersMess\admin\system\CodeIgniter.php(317): CodeIgniter\CodeIgniter->handleRequest(NULL, Object(Config\Cache), false)
#8 C:\xampp\htdocs\MilitaryOfficersMess\admin\index.php(43): CodeIgniter\CodeIgniter->run()
#9 {main}
CRITICAL - 2023-10-04 10:39:27 --> Invalid argument supplied for foreach()
#0 C:\xampp\htdocs\MilitaryOfficersMess\admin\app\Views\expense\add.php(54): CodeIgniter\Debug\Exceptions->errorHandler(2, 'Invalid argumen...', 'C:\\xampp\\htdocs...', 54, Array)
#1 C:\xampp\htdocs\MilitaryOfficersMess\admin\system\View\View.php(214): include('C:\\xampp\\htdocs...')
#2 C:\xampp\htdocs\MilitaryOfficersMess\admin\system\View\View.php(217): CodeIgniter\View\View->CodeIgniter\View\{closure}()
#3 C:\xampp\htdocs\MilitaryOfficersMess\admin\system\Common.php(1092): CodeIgniter\View\View->render('expense/add', Array, true)
#4 C:\xampp\htdocs\MilitaryOfficersMess\admin\app\Controllers\Expense.php(41): view('expense/add', Array)
#5 C:\xampp\htdocs\MilitaryOfficersMess\admin\system\CodeIgniter.php(802): App\Controllers\Expense->add()
#6 C:\xampp\htdocs\MilitaryOfficersMess\admin\system\CodeIgniter.php(399): CodeIgniter\CodeIgniter->runController(Object(App\Controllers\Expense))
#7 C:\xampp\htdocs\MilitaryOfficersMess\admin\system\CodeIgniter.php(317): CodeIgniter\CodeIgniter->handleRequest(NULL, Object(Config\Cache), false)
#8 C:\xampp\htdocs\MilitaryOfficersMess\admin\index.php(43): CodeIgniter\CodeIgniter->run()
#9 {main}
CRITICAL - 2023-10-04 10:45:59 --> Invalid argument supplied for foreach()
#0 C:\xampp\htdocs\MilitaryOfficersMess\admin\app\Views\expense\add.php(54): CodeIgniter\Debug\Exceptions->errorHandler(2, 'Invalid argumen...', 'C:\\xampp\\htdocs...', 54, Array)
#1 C:\xampp\htdocs\MilitaryOfficersMess\admin\system\View\View.php(214): include('C:\\xampp\\htdocs...')
#2 C:\xampp\htdocs\MilitaryOfficersMess\admin\system\View\View.php(217): CodeIgniter\View\View->CodeIgniter\View\{closure}()
#3 C:\xampp\htdocs\MilitaryOfficersMess\admin\system\Common.php(1092): CodeIgniter\View\View->render('expense/add', Array, true)
#4 C:\xampp\htdocs\MilitaryOfficersMess\admin\app\Controllers\Expense.php(41): view('expense/add', Array)
#5 C:\xampp\htdocs\MilitaryOfficersMess\admin\system\CodeIgniter.php(802): App\Controllers\Expense->add()
#6 C:\xampp\htdocs\MilitaryOfficersMess\admin\system\CodeIgniter.php(399): CodeIgniter\CodeIgniter->runController(Object(App\Controllers\Expense))
#7 C:\xampp\htdocs\MilitaryOfficersMess\admin\system\CodeIgniter.php(317): CodeIgniter\CodeIgniter->handleRequest(NULL, Object(Config\Cache), false)
#8 C:\xampp\htdocs\MilitaryOfficersMess\admin\index.php(43): CodeIgniter\CodeIgniter->run()
#9 {main}
CRITICAL - 2023-10-04 10:47:01 --> Invalid argument supplied for foreach()
#0 C:\xampp\htdocs\MilitaryOfficersMess\admin\app\Views\expense\add.php(54): CodeIgniter\Debug\Exceptions->errorHandler(2, 'Invalid argumen...', 'C:\\xampp\\htdocs...', 54, Array)
#1 C:\xampp\htdocs\MilitaryOfficersMess\admin\system\View\View.php(214): include('C:\\xampp\\htdocs...')
#2 C:\xampp\htdocs\MilitaryOfficersMess\admin\system\View\View.php(217): CodeIgniter\View\View->CodeIgniter\View\{closure}()
#3 C:\xampp\htdocs\MilitaryOfficersMess\admin\system\Common.php(1092): CodeIgniter\View\View->render('expense/add', Array, true)
#4 C:\xampp\htdocs\MilitaryOfficersMess\admin\app\Controllers\Expense.php(41): view('expense/add', Array)
#5 C:\xampp\htdocs\MilitaryOfficersMess\admin\system\CodeIgniter.php(802): App\Controllers\Expense->add()
#6 C:\xampp\htdocs\MilitaryOfficersMess\admin\system\CodeIgniter.php(399): CodeIgniter\CodeIgniter->runController(Object(App\Controllers\Expense))
#7 C:\xampp\htdocs\MilitaryOfficersMess\admin\system\CodeIgniter.php(317): CodeIgniter\CodeIgniter->handleRequest(NULL, Object(Config\Cache), false)
#8 C:\xampp\htdocs\MilitaryOfficersMess\admin\index.php(43): CodeIgniter\CodeIgniter->run()
#9 {main}
CRITICAL - 2023-10-04 10:47:02 --> Invalid argument supplied for foreach()
#0 C:\xampp\htdocs\MilitaryOfficersMess\admin\app\Views\expense\add.php(54): CodeIgniter\Debug\Exceptions->errorHandler(2, 'Invalid argumen...', 'C:\\xampp\\htdocs...', 54, Array)
#1 C:\xampp\htdocs\MilitaryOfficersMess\admin\system\View\View.php(214): include('C:\\xampp\\htdocs...')
#2 C:\xampp\htdocs\MilitaryOfficersMess\admin\system\View\View.php(217): CodeIgniter\View\View->CodeIgniter\View\{closure}()
#3 C:\xampp\htdocs\MilitaryOfficersMess\admin\system\Common.php(1092): CodeIgniter\View\View->render('expense/add', Array, true)
#4 C:\xampp\htdocs\MilitaryOfficersMess\admin\app\Controllers\Expense.php(41): view('expense/add', Array)
#5 C:\xampp\htdocs\MilitaryOfficersMess\admin\system\CodeIgniter.php(802): App\Controllers\Expense->add()
#6 C:\xampp\htdocs\MilitaryOfficersMess\admin\system\CodeIgniter.php(399): CodeIgniter\CodeIgniter->runController(Object(App\Controllers\Expense))
#7 C:\xampp\htdocs\MilitaryOfficersMess\admin\system\CodeIgniter.php(317): CodeIgniter\CodeIgniter->handleRequest(NULL, Object(Config\Cache), false)
#8 C:\xampp\htdocs\MilitaryOfficersMess\admin\index.php(43): CodeIgniter\CodeIgniter->run()
#9 {main}
CRITICAL - 2023-10-04 10:47:02 --> Invalid argument supplied for foreach()
#0 C:\xampp\htdocs\MilitaryOfficersMess\admin\app\Views\expense\add.php(54): CodeIgniter\Debug\Exceptions->errorHandler(2, 'Invalid argumen...', 'C:\\xampp\\htdocs...', 54, Array)
#1 C:\xampp\htdocs\MilitaryOfficersMess\admin\system\View\View.php(214): include('C:\\xampp\\htdocs...')
#2 C:\xampp\htdocs\MilitaryOfficersMess\admin\system\View\View.php(217): CodeIgniter\View\View->CodeIgniter\View\{closure}()
#3 C:\xampp\htdocs\MilitaryOfficersMess\admin\system\Common.php(1092): CodeIgniter\View\View->render('expense/add', Array, true)
#4 C:\xampp\htdocs\MilitaryOfficersMess\admin\app\Controllers\Expense.php(41): view('expense/add', Array)
#5 C:\xampp\htdocs\MilitaryOfficersMess\admin\system\CodeIgniter.php(802): App\Controllers\Expense->add()
#6 C:\xampp\htdocs\MilitaryOfficersMess\admin\system\CodeIgniter.php(399): CodeIgniter\CodeIgniter->runController(Object(App\Controllers\Expense))
#7 C:\xampp\htdocs\MilitaryOfficersMess\admin\system\CodeIgniter.php(317): CodeIgniter\CodeIgniter->handleRequest(NULL, Object(Config\Cache), false)
#8 C:\xampp\htdocs\MilitaryOfficersMess\admin\index.php(43): CodeIgniter\CodeIgniter->run()
#9 {main}
CRITICAL - 2023-10-04 10:47:03 --> Invalid argument supplied for foreach()
#0 C:\xampp\htdocs\MilitaryOfficersMess\admin\app\Views\expense\add.php(54): CodeIgniter\Debug\Exceptions->errorHandler(2, 'Invalid argumen...', 'C:\\xampp\\htdocs...', 54, Array)
#1 C:\xampp\htdocs\MilitaryOfficersMess\admin\system\View\View.php(214): include('C:\\xampp\\htdocs...')
#2 C:\xampp\htdocs\MilitaryOfficersMess\admin\system\View\View.php(217): CodeIgniter\View\View->CodeIgniter\View\{closure}()
#3 C:\xampp\htdocs\MilitaryOfficersMess\admin\system\Common.php(1092): CodeIgniter\View\View->render('expense/add', Array, true)
#4 C:\xampp\htdocs\MilitaryOfficersMess\admin\app\Controllers\Expense.php(41): view('expense/add', Array)
#5 C:\xampp\htdocs\MilitaryOfficersMess\admin\system\CodeIgniter.php(802): App\Controllers\Expense->add()
#6 C:\xampp\htdocs\MilitaryOfficersMess\admin\system\CodeIgniter.php(399): CodeIgniter\CodeIgniter->runController(Object(App\Controllers\Expense))
#7 C:\xampp\htdocs\MilitaryOfficersMess\admin\system\CodeIgniter.php(317): CodeIgniter\CodeIgniter->handleRequest(NULL, Object(Config\Cache), false)
#8 C:\xampp\htdocs\MilitaryOfficersMess\admin\index.php(43): CodeIgniter\CodeIgniter->run()
#9 {main}
CRITICAL - 2023-10-04 10:49:06 --> Invalid argument supplied for foreach()
#0 C:\xampp\htdocs\MilitaryOfficersMess\admin\app\Views\expense\add.php(54): CodeIgniter\Debug\Exceptions->errorHandler(2, 'Invalid argumen...', 'C:\\xampp\\htdocs...', 54, Array)
#1 C:\xampp\htdocs\MilitaryOfficersMess\admin\system\View\View.php(214): include('C:\\xampp\\htdocs...')
#2 C:\xampp\htdocs\MilitaryOfficersMess\admin\system\View\View.php(217): CodeIgniter\View\View->CodeIgniter\View\{closure}()
#3 C:\xampp\htdocs\MilitaryOfficersMess\admin\system\Common.php(1092): CodeIgniter\View\View->render('expense/add', Array, true)
#4 C:\xampp\htdocs\MilitaryOfficersMess\admin\app\Controllers\Expense.php(41): view('expense/add', Array)
#5 C:\xampp\htdocs\MilitaryOfficersMess\admin\system\CodeIgniter.php(802): App\Controllers\Expense->add()
#6 C:\xampp\htdocs\MilitaryOfficersMess\admin\system\CodeIgniter.php(399): CodeIgniter\CodeIgniter->runController(Object(App\Controllers\Expense))
#7 C:\xampp\htdocs\MilitaryOfficersMess\admin\system\CodeIgniter.php(317): CodeIgniter\CodeIgniter->handleRequest(NULL, Object(Config\Cache), false)
#8 C:\xampp\htdocs\MilitaryOfficersMess\admin\index.php(43): CodeIgniter\CodeIgniter->run()
#9 {main}
CRITICAL - 2023-10-04 10:49:12 --> Invalid argument supplied for foreach()
#0 C:\xampp\htdocs\MilitaryOfficersMess\admin\app\Views\expense\add.php(54): CodeIgniter\Debug\Exceptions->errorHandler(2, 'Invalid argumen...', 'C:\\xampp\\htdocs...', 54, Array)
#1 C:\xampp\htdocs\MilitaryOfficersMess\admin\system\View\View.php(214): include('C:\\xampp\\htdocs...')
#2 C:\xampp\htdocs\MilitaryOfficersMess\admin\system\View\View.php(217): CodeIgniter\View\View->CodeIgniter\View\{closure}()
#3 C:\xampp\htdocs\MilitaryOfficersMess\admin\system\Common.php(1092): CodeIgniter\View\View->render('expense/add', Array, true)
#4 C:\xampp\htdocs\MilitaryOfficersMess\admin\app\Controllers\Expense.php(41): view('expense/add', Array)
#5 C:\xampp\htdocs\MilitaryOfficersMess\admin\system\CodeIgniter.php(802): App\Controllers\Expense->add()
#6 C:\xampp\htdocs\MilitaryOfficersMess\admin\system\CodeIgniter.php(399): CodeIgniter\CodeIgniter->runController(Object(App\Controllers\Expense))
#7 C:\xampp\htdocs\MilitaryOfficersMess\admin\system\CodeIgniter.php(317): CodeIgniter\CodeIgniter->handleRequest(NULL, Object(Config\Cache), false)
#8 C:\xampp\htdocs\MilitaryOfficersMess\admin\index.php(43): CodeIgniter\CodeIgniter->run()
#9 {main}
CRITICAL - 2023-10-04 10:49:13 --> Invalid argument supplied for foreach()
#0 C:\xampp\htdocs\MilitaryOfficersMess\admin\app\Views\expense\add.php(54): CodeIgniter\Debug\Exceptions->errorHandler(2, 'Invalid argumen...', 'C:\\xampp\\htdocs...', 54, Array)
#1 C:\xampp\htdocs\MilitaryOfficersMess\admin\system\View\View.php(214): include('C:\\xampp\\htdocs...')
#2 C:\xampp\htdocs\MilitaryOfficersMess\admin\system\View\View.php(217): CodeIgniter\View\View->CodeIgniter\View\{closure}()
#3 C:\xampp\htdocs\MilitaryOfficersMess\admin\system\Common.php(1092): CodeIgniter\View\View->render('expense/add', Array, true)
#4 C:\xampp\htdocs\MilitaryOfficersMess\admin\app\Controllers\Expense.php(41): view('expense/add', Array)
#5 C:\xampp\htdocs\MilitaryOfficersMess\admin\system\CodeIgniter.php(802): App\Controllers\Expense->add()
#6 C:\xampp\htdocs\MilitaryOfficersMess\admin\system\CodeIgniter.php(399): CodeIgniter\CodeIgniter->runController(Object(App\Controllers\Expense))
#7 C:\xampp\htdocs\MilitaryOfficersMess\admin\system\CodeIgniter.php(317): CodeIgniter\CodeIgniter->handleRequest(NULL, Object(Config\Cache), false)
#8 C:\xampp\htdocs\MilitaryOfficersMess\admin\index.php(43): CodeIgniter\CodeIgniter->run()
#9 {main}
CRITICAL - 2023-10-04 10:49:13 --> Invalid argument supplied for foreach()
#0 C:\xampp\htdocs\MilitaryOfficersMess\admin\app\Views\expense\add.php(54): CodeIgniter\Debug\Exceptions->errorHandler(2, 'Invalid argumen...', 'C:\\xampp\\htdocs...', 54, Array)
#1 C:\xampp\htdocs\MilitaryOfficersMess\admin\system\View\View.php(214): include('C:\\xampp\\htdocs...')
#2 C:\xampp\htdocs\MilitaryOfficersMess\admin\system\View\View.php(217): CodeIgniter\View\View->CodeIgniter\View\{closure}()
#3 C:\xampp\htdocs\MilitaryOfficersMess\admin\system\Common.php(1092): CodeIgniter\View\View->render('expense/add', Array, true)
#4 C:\xampp\htdocs\MilitaryOfficersMess\admin\app\Controllers\Expense.php(41): view('expense/add', Array)
#5 C:\xampp\htdocs\MilitaryOfficersMess\admin\system\CodeIgniter.php(802): App\Controllers\Expense->add()
#6 C:\xampp\htdocs\MilitaryOfficersMess\admin\system\CodeIgniter.php(399): CodeIgniter\CodeIgniter->runController(Object(App\Controllers\Expense))
#7 C:\xampp\htdocs\MilitaryOfficersMess\admin\system\CodeIgniter.php(317): CodeIgniter\CodeIgniter->handleRequest(NULL, Object(Config\Cache), false)
#8 C:\xampp\htdocs\MilitaryOfficersMess\admin\index.php(43): CodeIgniter\CodeIgniter->run()
#9 {main}
CRITICAL - 2023-10-04 10:49:13 --> Invalid argument supplied for foreach()
#0 C:\xampp\htdocs\MilitaryOfficersMess\admin\app\Views\expense\add.php(54): CodeIgniter\Debug\Exceptions->errorHandler(2, 'Invalid argumen...', 'C:\\xampp\\htdocs...', 54, Array)
#1 C:\xampp\htdocs\MilitaryOfficersMess\admin\system\View\View.php(214): include('C:\\xampp\\htdocs...')
#2 C:\xampp\htdocs\MilitaryOfficersMess\admin\system\View\View.php(217): CodeIgniter\View\View->CodeIgniter\View\{closure}()
#3 C:\xampp\htdocs\MilitaryOfficersMess\admin\system\Common.php(1092): CodeIgniter\View\View->render('expense/add', Array, true)
#4 C:\xampp\htdocs\MilitaryOfficersMess\admin\app\Controllers\Expense.php(41): view('expense/add', Array)
#5 C:\xampp\htdocs\MilitaryOfficersMess\admin\system\CodeIgniter.php(802): App\Controllers\Expense->add()
#6 C:\xampp\htdocs\MilitaryOfficersMess\admin\system\CodeIgniter.php(399): CodeIgniter\CodeIgniter->runController(Object(App\Controllers\Expense))
#7 C:\xampp\htdocs\MilitaryOfficersMess\admin\system\CodeIgniter.php(317): CodeIgniter\CodeIgniter->handleRequest(NULL, Object(Config\Cache), false)
#8 C:\xampp\htdocs\MilitaryOfficersMess\admin\index.php(43): CodeIgniter\CodeIgniter->run()
#9 {main}
CRITICAL - 2023-10-04 10:49:18 --> Invalid argument supplied for foreach()
#0 C:\xampp\htdocs\MilitaryOfficersMess\admin\app\Views\expense\add.php(54): CodeIgniter\Debug\Exceptions->errorHandler(2, 'Invalid argumen...', 'C:\\xampp\\htdocs...', 54, Array)
#1 C:\xampp\htdocs\MilitaryOfficersMess\admin\system\View\View.php(214): include('C:\\xampp\\htdocs...')
#2 C:\xampp\htdocs\MilitaryOfficersMess\admin\system\View\View.php(217): CodeIgniter\View\View->CodeIgniter\View\{closure}()
#3 C:\xampp\htdocs\MilitaryOfficersMess\admin\system\Common.php(1092): CodeIgniter\View\View->render('expense/add', Array, true)
#4 C:\xampp\htdocs\MilitaryOfficersMess\admin\app\Controllers\Expense.php(41): view('expense/add', Array)
#5 C:\xampp\htdocs\MilitaryOfficersMess\admin\system\CodeIgniter.php(802): App\Controllers\Expense->add()
#6 C:\xampp\htdocs\MilitaryOfficersMess\admin\system\CodeIgniter.php(399): CodeIgniter\CodeIgniter->runController(Object(App\Controllers\Expense))
#7 C:\xampp\htdocs\MilitaryOfficersMess\admin\system\CodeIgniter.php(317): CodeIgniter\CodeIgniter->handleRequest(NULL, Object(Config\Cache), false)
#8 C:\xampp\htdocs\MilitaryOfficersMess\admin\index.php(43): CodeIgniter\CodeIgniter->run()
#9 {main}
ERROR - 2023-10-04 16:10:54 --> Error connecting to the database: Unknown database 'militaryofficersmess'
CRITICAL - 2023-10-04 16:10:54 --> Unable to connect to the database.
Main connection [MySQLi]: Unknown database 'militaryofficersmess'
#0 C:\xampp\htdocs\MilitaryOfficersMess\admin\system\Database\BaseConnection.php(570): CodeIgniter\Database\BaseConnection->initialize()
#1 C:\xampp\htdocs\MilitaryOfficersMess\admin\system\Database\BaseBuilder.php(1428): CodeIgniter\Database\BaseConnection->query('SELECT *\nFROM `...', Array, false)
#2 C:\xampp\htdocs\MilitaryOfficersMess\admin\system\Model.php(183): CodeIgniter\Database\BaseBuilder->get()
#3 C:\xampp\htdocs\MilitaryOfficersMess\admin\system\BaseModel.php(584): CodeIgniter\Model->doFindAll(0, 0)
#4 C:\xampp\htdocs\MilitaryOfficersMess\admin\app\Core\MyModel.php(96): CodeIgniter\BaseModel->findAll()
#5 C:\xampp\htdocs\MilitaryOfficersMess\admin\app\Controllers\Master.php(26): App\Core\MyModel->get_single_row('tbl_master_sett...', '*', Array)
#6 C:\xampp\htdocs\MilitaryOfficersMess\admin\system\CodeIgniter.php(802): App\Controllers\Master->index()
#7 C:\xampp\htdocs\MilitaryOfficersMess\admin\system\CodeIgniter.php(399): CodeIgniter\CodeIgniter->runController(Object(App\Controllers\Master))
#8 C:\xampp\htdocs\MilitaryOfficersMess\admin\system\CodeIgniter.php(317): CodeIgniter\CodeIgniter->handleRequest(NULL, Object(Config\Cache), false)
#9 C:\xampp\htdocs\MilitaryOfficersMess\admin\index.php(43): CodeIgniter\CodeIgniter->run()
#10 {main}
ERROR - 2023-10-04 16:10:56 --> Error connecting to the database: Unknown database 'militaryofficersmess'
CRITICAL - 2023-10-04 16:10:56 --> Unable to connect to the database.
Main connection [MySQLi]: Unknown database 'militaryofficersmess'
#0 C:\xampp\htdocs\MilitaryOfficersMess\admin\system\Database\BaseConnection.php(570): CodeIgniter\Database\BaseConnection->initialize()
#1 C:\xampp\htdocs\MilitaryOfficersMess\admin\system\Database\BaseBuilder.php(1428): CodeIgniter\Database\BaseConnection->query('SELECT *\nFROM `...', Array, false)
#2 C:\xampp\htdocs\MilitaryOfficersMess\admin\system\Model.php(183): CodeIgniter\Database\BaseBuilder->get()
#3 C:\xampp\htdocs\MilitaryOfficersMess\admin\system\BaseModel.php(584): CodeIgniter\Model->doFindAll(0, 0)
#4 C:\xampp\htdocs\MilitaryOfficersMess\admin\app\Core\MyModel.php(96): CodeIgniter\BaseModel->findAll()
#5 C:\xampp\htdocs\MilitaryOfficersMess\admin\app\Controllers\Vendors.php(53): App\Core\MyModel->get_single_row('tbl_vendors', '*', Array)
#6 C:\xampp\htdocs\MilitaryOfficersMess\admin\system\CodeIgniter.php(802): App\Controllers\Vendors->edit('5')
#7 C:\xampp\htdocs\MilitaryOfficersMess\admin\system\CodeIgniter.php(399): CodeIgniter\CodeIgniter->runController(Object(App\Controllers\Vendors))
#8 C:\xampp\htdocs\MilitaryOfficersMess\admin\system\CodeIgniter.php(317): CodeIgniter\CodeIgniter->handleRequest(NULL, Object(Config\Cache), false)
#9 C:\xampp\htdocs\MilitaryOfficersMess\admin\index.php(43): CodeIgniter\CodeIgniter->run()
#10 {main}
ERROR - 2023-10-04 16:11:17 --> Error connecting to the database: Unknown database 'militaryofficersmess'
CRITICAL - 2023-10-04 16:11:17 --> Unable to connect to the database.
Main connection [MySQLi]: Unknown database 'militaryofficersmess'
#0 C:\xampp\htdocs\MilitaryOfficersMess\admin\system\Database\BaseConnection.php(570): CodeIgniter\Database\BaseConnection->initialize()
#1 C:\xampp\htdocs\MilitaryOfficersMess\admin\system\Database\BaseBuilder.php(1428): CodeIgniter\Database\BaseConnection->query('SELECT *\nFROM `...', Array, false)
#2 C:\xampp\htdocs\MilitaryOfficersMess\admin\system\Model.php(183): CodeIgniter\Database\BaseBuilder->get()
#3 C:\xampp\htdocs\MilitaryOfficersMess\admin\system\BaseModel.php(584): CodeIgniter\Model->doFindAll(0, 0)
#4 C:\xampp\htdocs\MilitaryOfficersMess\admin\app\Core\MyModel.php(96): CodeIgniter\BaseModel->findAll()
#5 C:\xampp\htdocs\MilitaryOfficersMess\admin\app\Controllers\Vendors.php(53): App\Core\MyModel->get_single_row('tbl_vendors', '*', Array)
#6 C:\xampp\htdocs\MilitaryOfficersMess\admin\system\CodeIgniter.php(802): App\Controllers\Vendors->edit('5')
#7 C:\xampp\htdocs\MilitaryOfficersMess\admin\system\CodeIgniter.php(399): CodeIgniter\CodeIgniter->runController(Object(App\Controllers\Vendors))
#8 C:\xampp\htdocs\MilitaryOfficersMess\admin\system\CodeIgniter.php(317): CodeIgniter\CodeIgniter->handleRequest(NULL, Object(Config\Cache), false)
#9 C:\xampp\htdocs\MilitaryOfficersMess\admin\index.php(43): CodeIgniter\CodeIgniter->run()
#10 {main}
