CRITICAL - 2023-12-15 09:50:46 --> Undefined property: stdClass::$course
#0 C:\xampp\htdocs\HMS\admin\app\Controllers\Officer.php(74): CodeIgniter\Debug\Exceptions->errorHandler(2, 'Undefined prope...', 'C:\\xampp\\htdocs...', 74)
#1 C:\xampp\htdocs\HMS\admin\system\CodeIgniter.php(802): App\Controllers\Officer->addOfficer()
#2 C:\xampp\htdocs\HMS\admin\system\CodeIgniter.php(399): CodeIgniter\CodeIgniter->runController(Object(App\Controllers\Officer))
#3 C:\xampp\htdocs\HMS\admin\system\CodeIgniter.php(317): CodeIgniter\CodeIgniter->handleRequest(NULL, Object(Config\Cache), false)
#4 C:\xampp\htdocs\HMS\admin\index.php(43): CodeIgniter\CodeIgniter->run()
#5 {main}
CRITICAL - 2023-12-15 09:50:59 --> Undefined property: stdClass::$course
#0 C:\xampp\htdocs\HMS\admin\app\Controllers\Officer.php(74): CodeIgniter\Debug\Exceptions->errorHandler(2, 'Undefined prope...', 'C:\\xampp\\htdocs...', 74)
#1 C:\xampp\htdocs\HMS\admin\system\CodeIgniter.php(802): App\Controllers\Officer->addOfficer()
#2 C:\xampp\htdocs\HMS\admin\system\CodeIgniter.php(399): CodeIgniter\CodeIgniter->runController(Object(App\Controllers\Officer))
#3 C:\xampp\htdocs\HMS\admin\system\CodeIgniter.php(317): CodeIgniter\CodeIgniter->handleRequest(NULL, Object(Config\Cache), false)
#4 C:\xampp\htdocs\HMS\admin\index.php(43): CodeIgniter\CodeIgniter->run()
#5 {main}
CRITICAL - 2023-12-15 09:52:19 --> Undefined property: stdClass::$sub_course
#0 C:\xampp\htdocs\HMS\admin\app\Controllers\Officer.php(73): CodeIgniter\Debug\Exceptions->errorHandler(2, 'Undefined prope...', 'C:\\xampp\\htdocs...', 73)
#1 C:\xampp\htdocs\HMS\admin\system\CodeIgniter.php(802): App\Controllers\Officer->addOfficer()
#2 C:\xampp\htdocs\HMS\admin\system\CodeIgniter.php(399): CodeIgniter\CodeIgniter->runController(Object(App\Controllers\Officer))
#3 C:\xampp\htdocs\HMS\admin\system\CodeIgniter.php(317): CodeIgniter\CodeIgniter->handleRequest(NULL, Object(Config\Cache), false)
#4 C:\xampp\htdocs\HMS\admin\index.php(43): CodeIgniter\CodeIgniter->run()
#5 {main}
CRITICAL - 2023-12-15 09:54:11 --> Undefined property: stdClass::$course
#0 C:\xampp\htdocs\HMS\admin\app\Controllers\Officer.php(74): CodeIgniter\Debug\Exceptions->errorHandler(2, 'Undefined prope...', 'C:\\xampp\\htdocs...', 74)
#1 C:\xampp\htdocs\HMS\admin\system\CodeIgniter.php(802): App\Controllers\Officer->addOfficer()
#2 C:\xampp\htdocs\HMS\admin\system\CodeIgniter.php(399): CodeIgniter\CodeIgniter->runController(Object(App\Controllers\Officer))
#3 C:\xampp\htdocs\HMS\admin\system\CodeIgniter.php(317): CodeIgniter\CodeIgniter->handleRequest(NULL, Object(Config\Cache), false)
#4 C:\xampp\htdocs\HMS\admin\index.php(43): CodeIgniter\CodeIgniter->run()
#5 {main}
ERROR - 2023-12-15 10:03:57 --> Unknown column 'gender' in 'field list'
ERROR - 2023-12-15 10:08:13 --> Unknown column 'aadhar_no' in 'field list'
ERROR - 2023-12-15 10:09:33 --> Unknown column 'created' in 'field list'
ERROR - 2023-12-15 13:19:20 --> Unknown column 'user_type' in 'where clause'
CRITICAL - 2023-12-15 13:19:20 --> Call to a member function getResult() on bool
#0 C:\xampp\htdocs\HMS\admin\system\BaseModel.php(584): CodeIgniter\Model->doFindAll(0, 0)
#1 C:\xampp\htdocs\HMS\admin\app\Core\MyModel.php(76): CodeIgniter\BaseModel->findAll()
#2 C:\xampp\htdocs\HMS\admin\app\Controllers\User.php(29): App\Core\MyModel->get_all_rows('tbl_user_regist...', '*', Array)
#3 C:\xampp\htdocs\HMS\admin\system\CodeIgniter.php(802): App\Controllers\User->index()
#4 C:\xampp\htdocs\HMS\admin\system\CodeIgniter.php(399): CodeIgniter\CodeIgniter->runController(Object(App\Controllers\User))
#5 C:\xampp\htdocs\HMS\admin\system\CodeIgniter.php(317): CodeIgniter\CodeIgniter->handleRequest(NULL, Object(Config\Cache), false)
#6 C:\xampp\htdocs\HMS\admin\index.php(43): CodeIgniter\CodeIgniter->run()
#7 {main}
CRITICAL - 2023-12-15 14:38:58 --> Too few arguments to function App\Controllers\User::edit(), 0 passed in C:\xampp\htdocs\HMS\admin\system\CodeIgniter.php on line 802 and exactly 1 expected
#0 C:\xampp\htdocs\HMS\admin\system\CodeIgniter.php(802): App\Controllers\User->edit()
#1 C:\xampp\htdocs\HMS\admin\system\CodeIgniter.php(399): CodeIgniter\CodeIgniter->runController(Object(App\Controllers\User))
#2 C:\xampp\htdocs\HMS\admin\system\CodeIgniter.php(317): CodeIgniter\CodeIgniter->handleRequest(NULL, Object(Config\Cache), false)
#3 C:\xampp\htdocs\HMS\admin\index.php(43): CodeIgniter\CodeIgniter->run()
#4 {main}
CRITICAL - 2023-12-15 14:39:38 --> Too few arguments to function App\Controllers\User::edit(), 0 passed in C:\xampp\htdocs\HMS\admin\system\CodeIgniter.php on line 802 and exactly 1 expected
#0 C:\xampp\htdocs\HMS\admin\system\CodeIgniter.php(802): App\Controllers\User->edit()
#1 C:\xampp\htdocs\HMS\admin\system\CodeIgniter.php(399): CodeIgniter\CodeIgniter->runController(Object(App\Controllers\User))
#2 C:\xampp\htdocs\HMS\admin\system\CodeIgniter.php(317): CodeIgniter\CodeIgniter->handleRequest(NULL, Object(Config\Cache), false)
#3 C:\xampp\htdocs\HMS\admin\index.php(43): CodeIgniter\CodeIgniter->run()
#4 {main}
CRITICAL - 2023-12-15 14:48:18 --> Too few arguments to function App\Controllers\User::edit(), 0 passed in C:\xampp\htdocs\HMS\admin\system\CodeIgniter.php on line 802 and exactly 1 expected
#0 C:\xampp\htdocs\HMS\admin\system\CodeIgniter.php(802): App\Controllers\User->edit()
#1 C:\xampp\htdocs\HMS\admin\system\CodeIgniter.php(399): CodeIgniter\CodeIgniter->runController(Object(App\Controllers\User))
#2 C:\xampp\htdocs\HMS\admin\system\CodeIgniter.php(317): CodeIgniter\CodeIgniter->handleRequest(NULL, Object(Config\Cache), false)
#3 C:\xampp\htdocs\HMS\admin\index.php(43): CodeIgniter\CodeIgniter->run()
#4 {main}
CRITICAL - 2023-12-15 14:50:59 --> Undefined variable $
#0 C:\xampp\htdocs\HMS\admin\app\Controllers\User.php(88): CodeIgniter\Debug\Exceptions->errorHandler(2, 'Undefined varia...', 'C:\\xampp\\htdocs...', 88)
#1 C:\xampp\htdocs\HMS\admin\system\CodeIgniter.php(802): App\Controllers\User->addstudentdata()
#2 C:\xampp\htdocs\HMS\admin\system\CodeIgniter.php(399): CodeIgniter\CodeIgniter->runController(Object(App\Controllers\User))
#3 C:\xampp\htdocs\HMS\admin\system\CodeIgniter.php(317): CodeIgniter\CodeIgniter->handleRequest(NULL, Object(Config\Cache), false)
#4 C:\xampp\htdocs\HMS\admin\index.php(43): CodeIgniter\CodeIgniter->run()
#5 {main}
CRITICAL - 2023-12-15 14:51:03 --> Undefined variable $
#0 C:\xampp\htdocs\HMS\admin\app\Controllers\User.php(88): CodeIgniter\Debug\Exceptions->errorHandler(2, 'Undefined varia...', 'C:\\xampp\\htdocs...', 88)
#1 C:\xampp\htdocs\HMS\admin\system\CodeIgniter.php(802): App\Controllers\User->addstudentdata()
#2 C:\xampp\htdocs\HMS\admin\system\CodeIgniter.php(399): CodeIgniter\CodeIgniter->runController(Object(App\Controllers\User))
#3 C:\xampp\htdocs\HMS\admin\system\CodeIgniter.php(317): CodeIgniter\CodeIgniter->handleRequest(NULL, Object(Config\Cache), false)
#4 C:\xampp\htdocs\HMS\admin\index.php(43): CodeIgniter\CodeIgniter->run()
#5 {main}
CRITICAL - 2023-12-15 14:51:16 --> Undefined variable $
#0 C:\xampp\htdocs\HMS\admin\app\Controllers\User.php(88): CodeIgniter\Debug\Exceptions->errorHandler(2, 'Undefined varia...', 'C:\\xampp\\htdocs...', 88)
#1 C:\xampp\htdocs\HMS\admin\system\CodeIgniter.php(802): App\Controllers\User->addstudentdata()
#2 C:\xampp\htdocs\HMS\admin\system\CodeIgniter.php(399): CodeIgniter\CodeIgniter->runController(Object(App\Controllers\User))
#3 C:\xampp\htdocs\HMS\admin\system\CodeIgniter.php(317): CodeIgniter\CodeIgniter->handleRequest(NULL, Object(Config\Cache), false)
#4 C:\xampp\htdocs\HMS\admin\index.php(43): CodeIgniter\CodeIgniter->run()
#5 {main}
CRITICAL - 2023-12-15 14:53:16 --> Undefined array key "email"
#0 C:\xampp\htdocs\HMS\admin\app\Views\user\index.php(84): CodeIgniter\Debug\Exceptions->errorHandler(2, 'Undefined array...', 'C:\\xampp\\htdocs...', 84)
#1 C:\xampp\htdocs\HMS\admin\system\View\View.php(214): include('C:\\xampp\\htdocs...')
#2 C:\xampp\htdocs\HMS\admin\system\View\View.php(217): CodeIgniter\View\View->CodeIgniter\View\{closure}()
#3 C:\xampp\htdocs\HMS\admin\system\Common.php(1092): CodeIgniter\View\View->render('user/index', Array, true)
#4 C:\xampp\htdocs\HMS\admin\app\Controllers\User.php(30): view('user/index', Array)
#5 C:\xampp\htdocs\HMS\admin\system\CodeIgniter.php(802): App\Controllers\User->index()
#6 C:\xampp\htdocs\HMS\admin\system\CodeIgniter.php(399): CodeIgniter\CodeIgniter->runController(Object(App\Controllers\User))
#7 C:\xampp\htdocs\HMS\admin\system\CodeIgniter.php(317): CodeIgniter\CodeIgniter->handleRequest(NULL, Object(Config\Cache), false)
#8 C:\xampp\htdocs\HMS\admin\index.php(43): CodeIgniter\CodeIgniter->run()
#9 {main}
CRITICAL - 2023-12-15 14:53:58 --> Undefined variable $officer
#0 C:\xampp\htdocs\HMS\admin\app\Views\user\edit.php(290): CodeIgniter\Debug\Exceptions->errorHandler(2, 'Undefined varia...', 'C:\\xampp\\htdocs...', 290)
#1 C:\xampp\htdocs\HMS\admin\system\View\View.php(214): include('C:\\xampp\\htdocs...')
#2 C:\xampp\htdocs\HMS\admin\system\View\View.php(217): CodeIgniter\View\View->CodeIgniter\View\{closure}()
#3 C:\xampp\htdocs\HMS\admin\system\Common.php(1092): CodeIgniter\View\View->render('user/edit', Array, true)
#4 C:\xampp\htdocs\HMS\admin\app\Controllers\User.php(45): view('user/edit', Array)
#5 C:\xampp\htdocs\HMS\admin\system\CodeIgniter.php(802): App\Controllers\User->edit('7')
#6 C:\xampp\htdocs\HMS\admin\system\CodeIgniter.php(399): CodeIgniter\CodeIgniter->runController(Object(App\Controllers\User))
#7 C:\xampp\htdocs\HMS\admin\system\CodeIgniter.php(317): CodeIgniter\CodeIgniter->handleRequest(NULL, Object(Config\Cache), false)
#8 C:\xampp\htdocs\HMS\admin\index.php(43): CodeIgniter\CodeIgniter->run()
#9 {main}
CRITICAL - 2023-12-15 15:00:29 --> Undefined property: stdClass::$id
#0 C:\xampp\htdocs\HMS\admin\app\Controllers\User.php(124): CodeIgniter\Debug\Exceptions->errorHandler(2, 'Undefined prope...', 'C:\\xampp\\htdocs...', 124)
#1 C:\xampp\htdocs\HMS\admin\system\CodeIgniter.php(802): App\Controllers\User->editstudent()
#2 C:\xampp\htdocs\HMS\admin\system\CodeIgniter.php(399): CodeIgniter\CodeIgniter->runController(Object(App\Controllers\User))
#3 C:\xampp\htdocs\HMS\admin\system\CodeIgniter.php(317): CodeIgniter\CodeIgniter->handleRequest(NULL, Object(Config\Cache), false)
#4 C:\xampp\htdocs\HMS\admin\index.php(43): CodeIgniter\CodeIgniter->run()
#5 {main}
CRITICAL - 2023-12-15 15:02:59 --> Undefined variable $
#0 C:\xampp\htdocs\HMS\admin\app\Controllers\User.php(152): CodeIgniter\Debug\Exceptions->errorHandler(2, 'Undefined varia...', 'C:\\xampp\\htdocs...', 152)
#1 C:\xampp\htdocs\HMS\admin\system\CodeIgniter.php(802): App\Controllers\User->editstudent()
#2 C:\xampp\htdocs\HMS\admin\system\CodeIgniter.php(399): CodeIgniter\CodeIgniter->runController(Object(App\Controllers\User))
#3 C:\xampp\htdocs\HMS\admin\system\CodeIgniter.php(317): CodeIgniter\CodeIgniter->handleRequest(NULL, Object(Config\Cache), false)
#4 C:\xampp\htdocs\HMS\admin\index.php(43): CodeIgniter\CodeIgniter->run()
#5 {main}
CRITICAL - 2023-12-15 15:25:22 --> Undefined property: stdClass::$id
#0 C:\xampp\htdocs\HMS\admin\app\Controllers\User.php(193): CodeIgniter\Debug\Exceptions->errorHandler(2, 'Undefined prope...', 'C:\\xampp\\htdocs...', 193)
#1 C:\xampp\htdocs\HMS\admin\system\CodeIgniter.php(802): App\Controllers\User->change_visibility()
#2 C:\xampp\htdocs\HMS\admin\system\CodeIgniter.php(399): CodeIgniter\CodeIgniter->runController(Object(App\Controllers\User))
#3 C:\xampp\htdocs\HMS\admin\system\CodeIgniter.php(317): CodeIgniter\CodeIgniter->handleRequest(NULL, Object(Config\Cache), false)
#4 C:\xampp\htdocs\HMS\admin\index.php(43): CodeIgniter\CodeIgniter->run()
#5 {main}
CRITICAL - 2023-12-15 15:25:36 --> Undefined property: stdClass::$id
#0 C:\xampp\htdocs\HMS\admin\app\Controllers\User.php(193): CodeIgniter\Debug\Exceptions->errorHandler(2, 'Undefined prope...', 'C:\\xampp\\htdocs...', 193)
#1 C:\xampp\htdocs\HMS\admin\system\CodeIgniter.php(802): App\Controllers\User->change_visibility()
#2 C:\xampp\htdocs\HMS\admin\system\CodeIgniter.php(399): CodeIgniter\CodeIgniter->runController(Object(App\Controllers\User))
#3 C:\xampp\htdocs\HMS\admin\system\CodeIgniter.php(317): CodeIgniter\CodeIgniter->handleRequest(NULL, Object(Config\Cache), false)
#4 C:\xampp\htdocs\HMS\admin\index.php(43): CodeIgniter\CodeIgniter->run()
#5 {main}
ERROR - 2023-12-15 15:26:43 --> Unknown column 'updated' in 'field list'
ERROR - 2023-12-15 15:26:51 --> Unknown column 'updated' in 'field list'
