ERROR - 2023-09-26 15:22:05 --> Error connecting to the database: Access denied for user '****'@'localhost' (using password: NO)
CRITICAL - 2023-09-26 15:22:05 --> Unable to connect to the database.
Main connection [MySQLi]: Access denied for user '****'@'localhost' (using password: NO)
#0 C:\xampp\htdocs\MilitaryOfficersMess\admin\system\Database\BaseConnection.php(570): CodeIgniter\Database\BaseConnection->initialize()
#1 C:\xampp\htdocs\MilitaryOfficersMess\admin\system\Database\BaseBuilder.php(1428): CodeIgniter\Database\BaseConnection->query('SELECT *\nFROM `...', Array, false)
#2 C:\xampp\htdocs\MilitaryOfficersMess\admin\system\Model.php(183): CodeIgniter\Database\BaseBuilder->get()
#3 C:\xampp\htdocs\MilitaryOfficersMess\admin\system\BaseModel.php(584): CodeIgniter\Model->doFindAll(0, 0)
#4 C:\xampp\htdocs\MilitaryOfficersMess\admin\app\Core\MyModel.php(96): CodeIgniter\BaseModel->findAll()
#5 C:\xampp\htdocs\MilitaryOfficersMess\admin\app\Controllers\Login.php(28): App\Core\MyModel->get_single_row('tbl_master_sett...', '*')
#6 C:\xampp\htdocs\MilitaryOfficersMess\admin\system\CodeIgniter.php(802): App\Controllers\Login->index()
#7 C:\xampp\htdocs\MilitaryOfficersMess\admin\system\CodeIgniter.php(399): CodeIgniter\CodeIgniter->runController(Object(App\Controllers\Login))
#8 C:\xampp\htdocs\MilitaryOfficersMess\admin\system\CodeIgniter.php(317): CodeIgniter\CodeIgniter->handleRequest(NULL, Object(Config\Cache), false)
#9 C:\xampp\htdocs\MilitaryOfficersMess\admin\index.php(43): CodeIgniter\CodeIgniter->run()
#10 {main}
ERROR - 2023-09-26 15:24:53 --> Error connecting to the database: Unknown database 'militaryofficersmess'
CRITICAL - 2023-09-26 15:24:53 --> Unable to connect to the database.
Main connection [MySQLi]: Unknown database 'militaryofficersmess'
#0 C:\xampp\htdocs\MilitaryOfficersMess\admin\system\Database\BaseConnection.php(570): CodeIgniter\Database\BaseConnection->initialize()
#1 C:\xampp\htdocs\MilitaryOfficersMess\admin\system\Database\BaseBuilder.php(1428): CodeIgniter\Database\BaseConnection->query('SELECT *\nFROM `...', Array, false)
#2 C:\xampp\htdocs\MilitaryOfficersMess\admin\system\Model.php(183): CodeIgniter\Database\BaseBuilder->get()
#3 C:\xampp\htdocs\MilitaryOfficersMess\admin\system\BaseModel.php(584): CodeIgniter\Model->doFindAll(0, 0)
#4 C:\xampp\htdocs\MilitaryOfficersMess\admin\app\Core\MyModel.php(96): CodeIgniter\BaseModel->findAll()
#5 C:\xampp\htdocs\MilitaryOfficersMess\admin\app\Controllers\Login.php(28): App\Core\MyModel->get_single_row('tbl_master_sett...', '*')
#6 C:\xampp\htdocs\MilitaryOfficersMess\admin\system\CodeIgniter.php(802): App\Controllers\Login->index()
#7 C:\xampp\htdocs\MilitaryOfficersMess\admin\system\CodeIgniter.php(399): CodeIgniter\CodeIgniter->runController(Object(App\Controllers\Login))
#8 C:\xampp\htdocs\MilitaryOfficersMess\admin\system\CodeIgniter.php(317): CodeIgniter\CodeIgniter->handleRequest(NULL, Object(Config\Cache), false)
#9 C:\xampp\htdocs\MilitaryOfficersMess\admin\index.php(43): CodeIgniter\CodeIgniter->run()
#10 {main}
ERROR - 2023-09-26 15:24:55 --> Error connecting to the database: Unknown database 'militaryofficersmess'
CRITICAL - 2023-09-26 15:24:55 --> Unable to connect to the database.
Main connection [MySQLi]: Unknown database 'militaryofficersmess'
#0 C:\xampp\htdocs\MilitaryOfficersMess\admin\system\Database\BaseConnection.php(570): CodeIgniter\Database\BaseConnection->initialize()
#1 C:\xampp\htdocs\MilitaryOfficersMess\admin\system\Database\BaseBuilder.php(1428): CodeIgniter\Database\BaseConnection->query('SELECT *\nFROM `...', Array, false)
#2 C:\xampp\htdocs\MilitaryOfficersMess\admin\system\Model.php(183): CodeIgniter\Database\BaseBuilder->get()
#3 C:\xampp\htdocs\MilitaryOfficersMess\admin\system\BaseModel.php(584): CodeIgniter\Model->doFindAll(0, 0)
#4 C:\xampp\htdocs\MilitaryOfficersMess\admin\app\Core\MyModel.php(96): CodeIgniter\BaseModel->findAll()
#5 C:\xampp\htdocs\MilitaryOfficersMess\admin\app\Controllers\Login.php(28): App\Core\MyModel->get_single_row('tbl_master_sett...', '*')
#6 C:\xampp\htdocs\MilitaryOfficersMess\admin\system\CodeIgniter.php(802): App\Controllers\Login->index()
#7 C:\xampp\htdocs\MilitaryOfficersMess\admin\system\CodeIgniter.php(399): CodeIgniter\CodeIgniter->runController(Object(App\Controllers\Login))
#8 C:\xampp\htdocs\MilitaryOfficersMess\admin\system\CodeIgniter.php(317): CodeIgniter\CodeIgniter->handleRequest(NULL, Object(Config\Cache), false)
#9 C:\xampp\htdocs\MilitaryOfficersMess\admin\index.php(43): CodeIgniter\CodeIgniter->run()
#10 {main}
ERROR - 2023-09-26 15:26:17 --> Error connecting to the database: Unknown database 'militaryofficersmess'
CRITICAL - 2023-09-26 15:26:17 --> Unable to connect to the database.
Main connection [MySQLi]: Unknown database 'militaryofficersmess'
#0 C:\xampp\htdocs\MilitaryOfficersMess\admin\system\Database\BaseConnection.php(570): CodeIgniter\Database\BaseConnection->initialize()
#1 C:\xampp\htdocs\MilitaryOfficersMess\admin\system\Database\BaseBuilder.php(1428): CodeIgniter\Database\BaseConnection->query('SELECT *\nFROM `...', Array, false)
#2 C:\xampp\htdocs\MilitaryOfficersMess\admin\system\Model.php(183): CodeIgniter\Database\BaseBuilder->get()
#3 C:\xampp\htdocs\MilitaryOfficersMess\admin\system\BaseModel.php(584): CodeIgniter\Model->doFindAll(0, 0)
#4 C:\xampp\htdocs\MilitaryOfficersMess\admin\app\Core\MyModel.php(96): CodeIgniter\BaseModel->findAll()
#5 C:\xampp\htdocs\MilitaryOfficersMess\admin\app\Controllers\Login.php(28): App\Core\MyModel->get_single_row('tbl_master_sett...', '*')
#6 C:\xampp\htdocs\MilitaryOfficersMess\admin\system\CodeIgniter.php(802): App\Controllers\Login->index()
#7 C:\xampp\htdocs\MilitaryOfficersMess\admin\system\CodeIgniter.php(399): CodeIgniter\CodeIgniter->runController(Object(App\Controllers\Login))
#8 C:\xampp\htdocs\MilitaryOfficersMess\admin\system\CodeIgniter.php(317): CodeIgniter\CodeIgniter->handleRequest(NULL, Object(Config\Cache), false)
#9 C:\xampp\htdocs\MilitaryOfficersMess\admin\index.php(43): CodeIgniter\CodeIgniter->run()
#10 {main}
CRITICAL - 2023-09-26 15:32:31 --> Class 'Firebase\JWT\JWT' not found
#0 C:\xampp\htdocs\MilitaryOfficersMess\admin\system\CodeIgniter.php(802): App\Controllers\Login->login()
#1 C:\xampp\htdocs\MilitaryOfficersMess\admin\system\CodeIgniter.php(399): CodeIgniter\CodeIgniter->runController(Object(App\Controllers\Login))
#2 C:\xampp\htdocs\MilitaryOfficersMess\admin\system\CodeIgniter.php(317): CodeIgniter\CodeIgniter->handleRequest(NULL, Object(Config\Cache), false)
#3 C:\xampp\htdocs\MilitaryOfficersMess\admin\index.php(43): CodeIgniter\CodeIgniter->run()
#4 {main}
CRITICAL - 2023-09-26 15:32:33 --> Class 'Firebase\JWT\JWT' not found
#0 C:\xampp\htdocs\MilitaryOfficersMess\admin\system\CodeIgniter.php(802): App\Controllers\Login->login()
#1 C:\xampp\htdocs\MilitaryOfficersMess\admin\system\CodeIgniter.php(399): CodeIgniter\CodeIgniter->runController(Object(App\Controllers\Login))
#2 C:\xampp\htdocs\MilitaryOfficersMess\admin\system\CodeIgniter.php(317): CodeIgniter\CodeIgniter->handleRequest(NULL, Object(Config\Cache), false)
#3 C:\xampp\htdocs\MilitaryOfficersMess\admin\index.php(43): CodeIgniter\CodeIgniter->run()
#4 {main}
CRITICAL - 2023-09-26 15:32:36 --> Class 'Firebase\JWT\JWT' not found
#0 C:\xampp\htdocs\MilitaryOfficersMess\admin\system\CodeIgniter.php(802): App\Controllers\Login->login()
#1 C:\xampp\htdocs\MilitaryOfficersMess\admin\system\CodeIgniter.php(399): CodeIgniter\CodeIgniter->runController(Object(App\Controllers\Login))
#2 C:\xampp\htdocs\MilitaryOfficersMess\admin\system\CodeIgniter.php(317): CodeIgniter\CodeIgniter->handleRequest(NULL, Object(Config\Cache), false)
#3 C:\xampp\htdocs\MilitaryOfficersMess\admin\index.php(43): CodeIgniter\CodeIgniter->run()
#4 {main}
CRITICAL - 2023-09-26 15:32:36 --> Class 'Firebase\JWT\JWT' not found
#0 C:\xampp\htdocs\MilitaryOfficersMess\admin\system\CodeIgniter.php(802): App\Controllers\Login->login()
#1 C:\xampp\htdocs\MilitaryOfficersMess\admin\system\CodeIgniter.php(399): CodeIgniter\CodeIgniter->runController(Object(App\Controllers\Login))
#2 C:\xampp\htdocs\MilitaryOfficersMess\admin\system\CodeIgniter.php(317): CodeIgniter\CodeIgniter->handleRequest(NULL, Object(Config\Cache), false)
#3 C:\xampp\htdocs\MilitaryOfficersMess\admin\index.php(43): CodeIgniter\CodeIgniter->run()
#4 {main}
CRITICAL - 2023-09-26 15:32:38 --> Class 'Firebase\JWT\JWT' not found
#0 C:\xampp\htdocs\MilitaryOfficersMess\admin\system\CodeIgniter.php(802): App\Controllers\Login->login()
#1 C:\xampp\htdocs\MilitaryOfficersMess\admin\system\CodeIgniter.php(399): CodeIgniter\CodeIgniter->runController(Object(App\Controllers\Login))
#2 C:\xampp\htdocs\MilitaryOfficersMess\admin\system\CodeIgniter.php(317): CodeIgniter\CodeIgniter->handleRequest(NULL, Object(Config\Cache), false)
#3 C:\xampp\htdocs\MilitaryOfficersMess\admin\index.php(43): CodeIgniter\CodeIgniter->run()
#4 {main}
CRITICAL - 2023-09-26 15:32:39 --> Class 'Firebase\JWT\JWT' not found
#0 C:\xampp\htdocs\MilitaryOfficersMess\admin\system\CodeIgniter.php(802): App\Controllers\Login->login()
#1 C:\xampp\htdocs\MilitaryOfficersMess\admin\system\CodeIgniter.php(399): CodeIgniter\CodeIgniter->runController(Object(App\Controllers\Login))
#2 C:\xampp\htdocs\MilitaryOfficersMess\admin\system\CodeIgniter.php(317): CodeIgniter\CodeIgniter->handleRequest(NULL, Object(Config\Cache), false)
#3 C:\xampp\htdocs\MilitaryOfficersMess\admin\index.php(43): CodeIgniter\CodeIgniter->run()
#4 {main}
CRITICAL - 2023-09-26 15:32:42 --> Class 'Firebase\JWT\JWT' not found
#0 C:\xampp\htdocs\MilitaryOfficersMess\admin\system\CodeIgniter.php(802): App\Controllers\Login->login()
#1 C:\xampp\htdocs\MilitaryOfficersMess\admin\system\CodeIgniter.php(399): CodeIgniter\CodeIgniter->runController(Object(App\Controllers\Login))
#2 C:\xampp\htdocs\MilitaryOfficersMess\admin\system\CodeIgniter.php(317): CodeIgniter\CodeIgniter->handleRequest(NULL, Object(Config\Cache), false)
#3 C:\xampp\htdocs\MilitaryOfficersMess\admin\index.php(43): CodeIgniter\CodeIgniter->run()
#4 {main}
CRITICAL - 2023-09-26 15:32:42 --> Class 'Firebase\JWT\JWT' not found
#0 C:\xampp\htdocs\MilitaryOfficersMess\admin\system\CodeIgniter.php(802): App\Controllers\Login->login()
#1 C:\xampp\htdocs\MilitaryOfficersMess\admin\system\CodeIgniter.php(399): CodeIgniter\CodeIgniter->runController(Object(App\Controllers\Login))
#2 C:\xampp\htdocs\MilitaryOfficersMess\admin\system\CodeIgniter.php(317): CodeIgniter\CodeIgniter->handleRequest(NULL, Object(Config\Cache), false)
#3 C:\xampp\htdocs\MilitaryOfficersMess\admin\index.php(43): CodeIgniter\CodeIgniter->run()
#4 {main}
CRITICAL - 2023-09-26 15:32:43 --> Class 'Firebase\JWT\JWT' not found
#0 C:\xampp\htdocs\MilitaryOfficersMess\admin\system\CodeIgniter.php(802): App\Controllers\Login->login()
#1 C:\xampp\htdocs\MilitaryOfficersMess\admin\system\CodeIgniter.php(399): CodeIgniter\CodeIgniter->runController(Object(App\Controllers\Login))
#2 C:\xampp\htdocs\MilitaryOfficersMess\admin\system\CodeIgniter.php(317): CodeIgniter\CodeIgniter->handleRequest(NULL, Object(Config\Cache), false)
#3 C:\xampp\htdocs\MilitaryOfficersMess\admin\index.php(43): CodeIgniter\CodeIgniter->run()
#4 {main}
CRITICAL - 2023-09-26 15:32:43 --> Class 'Firebase\JWT\JWT' not found
#0 C:\xampp\htdocs\MilitaryOfficersMess\admin\system\CodeIgniter.php(802): App\Controllers\Login->login()
#1 C:\xampp\htdocs\MilitaryOfficersMess\admin\system\CodeIgniter.php(399): CodeIgniter\CodeIgniter->runController(Object(App\Controllers\Login))
#2 C:\xampp\htdocs\MilitaryOfficersMess\admin\system\CodeIgniter.php(317): CodeIgniter\CodeIgniter->handleRequest(NULL, Object(Config\Cache), false)
#3 C:\xampp\htdocs\MilitaryOfficersMess\admin\index.php(43): CodeIgniter\CodeIgniter->run()
#4 {main}
CRITICAL - 2023-09-26 15:32:43 --> Class 'Firebase\JWT\JWT' not found
#0 C:\xampp\htdocs\MilitaryOfficersMess\admin\system\CodeIgniter.php(802): App\Controllers\Login->login()
#1 C:\xampp\htdocs\MilitaryOfficersMess\admin\system\CodeIgniter.php(399): CodeIgniter\CodeIgniter->runController(Object(App\Controllers\Login))
#2 C:\xampp\htdocs\MilitaryOfficersMess\admin\system\CodeIgniter.php(317): CodeIgniter\CodeIgniter->handleRequest(NULL, Object(Config\Cache), false)
#3 C:\xampp\htdocs\MilitaryOfficersMess\admin\index.php(43): CodeIgniter\CodeIgniter->run()
#4 {main}
CRITICAL - 2023-09-26 15:32:48 --> Class 'Firebase\JWT\JWT' not found
#0 C:\xampp\htdocs\MilitaryOfficersMess\admin\system\CodeIgniter.php(802): App\Controllers\Login->login()
#1 C:\xampp\htdocs\MilitaryOfficersMess\admin\system\CodeIgniter.php(399): CodeIgniter\CodeIgniter->runController(Object(App\Controllers\Login))
#2 C:\xampp\htdocs\MilitaryOfficersMess\admin\system\CodeIgniter.php(317): CodeIgniter\CodeIgniter->handleRequest(NULL, Object(Config\Cache), false)
#3 C:\xampp\htdocs\MilitaryOfficersMess\admin\index.php(43): CodeIgniter\CodeIgniter->run()
#4 {main}
CRITICAL - 2023-09-26 15:32:49 --> Class 'Firebase\JWT\JWT' not found
#0 C:\xampp\htdocs\MilitaryOfficersMess\admin\system\CodeIgniter.php(802): App\Controllers\Login->login()
#1 C:\xampp\htdocs\MilitaryOfficersMess\admin\system\CodeIgniter.php(399): CodeIgniter\CodeIgniter->runController(Object(App\Controllers\Login))
#2 C:\xampp\htdocs\MilitaryOfficersMess\admin\system\CodeIgniter.php(317): CodeIgniter\CodeIgniter->handleRequest(NULL, Object(Config\Cache), false)
#3 C:\xampp\htdocs\MilitaryOfficersMess\admin\index.php(43): CodeIgniter\CodeIgniter->run()
#4 {main}
CRITICAL - 2023-09-26 15:32:49 --> Class 'Firebase\JWT\JWT' not found
#0 C:\xampp\htdocs\MilitaryOfficersMess\admin\system\CodeIgniter.php(802): App\Controllers\Login->login()
#1 C:\xampp\htdocs\MilitaryOfficersMess\admin\system\CodeIgniter.php(399): CodeIgniter\CodeIgniter->runController(Object(App\Controllers\Login))
#2 C:\xampp\htdocs\MilitaryOfficersMess\admin\system\CodeIgniter.php(317): CodeIgniter\CodeIgniter->handleRequest(NULL, Object(Config\Cache), false)
#3 C:\xampp\htdocs\MilitaryOfficersMess\admin\index.php(43): CodeIgniter\CodeIgniter->run()
#4 {main}
CRITICAL - 2023-09-26 15:32:49 --> Class 'Firebase\JWT\JWT' not found
#0 C:\xampp\htdocs\MilitaryOfficersMess\admin\system\CodeIgniter.php(802): App\Controllers\Login->login()
#1 C:\xampp\htdocs\MilitaryOfficersMess\admin\system\CodeIgniter.php(399): CodeIgniter\CodeIgniter->runController(Object(App\Controllers\Login))
#2 C:\xampp\htdocs\MilitaryOfficersMess\admin\system\CodeIgniter.php(317): CodeIgniter\CodeIgniter->handleRequest(NULL, Object(Config\Cache), false)
#3 C:\xampp\htdocs\MilitaryOfficersMess\admin\index.php(43): CodeIgniter\CodeIgniter->run()
#4 {main}
CRITICAL - 2023-09-26 15:32:49 --> Class 'Firebase\JWT\JWT' not found
#0 C:\xampp\htdocs\MilitaryOfficersMess\admin\system\CodeIgniter.php(802): App\Controllers\Login->login()
#1 C:\xampp\htdocs\MilitaryOfficersMess\admin\system\CodeIgniter.php(399): CodeIgniter\CodeIgniter->runController(Object(App\Controllers\Login))
#2 C:\xampp\htdocs\MilitaryOfficersMess\admin\system\CodeIgniter.php(317): CodeIgniter\CodeIgniter->handleRequest(NULL, Object(Config\Cache), false)
#3 C:\xampp\htdocs\MilitaryOfficersMess\admin\index.php(43): CodeIgniter\CodeIgniter->run()
#4 {main}
CRITICAL - 2023-09-26 15:33:10 --> Class 'Firebase\JWT\JWT' not found
#0 C:\xampp\htdocs\MilitaryOfficersMess\admin\system\CodeIgniter.php(802): App\Controllers\Login->login()
#1 C:\xampp\htdocs\MilitaryOfficersMess\admin\system\CodeIgniter.php(399): CodeIgniter\CodeIgniter->runController(Object(App\Controllers\Login))
#2 C:\xampp\htdocs\MilitaryOfficersMess\admin\system\CodeIgniter.php(317): CodeIgniter\CodeIgniter->handleRequest(NULL, Object(Config\Cache), false)
#3 C:\xampp\htdocs\MilitaryOfficersMess\admin\index.php(43): CodeIgniter\CodeIgniter->run()
#4 {main}
CRITICAL - 2023-09-26 15:33:11 --> Class 'Firebase\JWT\JWT' not found
#0 C:\xampp\htdocs\MilitaryOfficersMess\admin\system\CodeIgniter.php(802): App\Controllers\Login->login()
#1 C:\xampp\htdocs\MilitaryOfficersMess\admin\system\CodeIgniter.php(399): CodeIgniter\CodeIgniter->runController(Object(App\Controllers\Login))
#2 C:\xampp\htdocs\MilitaryOfficersMess\admin\system\CodeIgniter.php(317): CodeIgniter\CodeIgniter->handleRequest(NULL, Object(Config\Cache), false)
#3 C:\xampp\htdocs\MilitaryOfficersMess\admin\index.php(43): CodeIgniter\CodeIgniter->run()
#4 {main}
CRITICAL - 2023-09-26 15:33:11 --> Class 'Firebase\JWT\JWT' not found
#0 C:\xampp\htdocs\MilitaryOfficersMess\admin\system\CodeIgniter.php(802): App\Controllers\Login->login()
#1 C:\xampp\htdocs\MilitaryOfficersMess\admin\system\CodeIgniter.php(399): CodeIgniter\CodeIgniter->runController(Object(App\Controllers\Login))
#2 C:\xampp\htdocs\MilitaryOfficersMess\admin\system\CodeIgniter.php(317): CodeIgniter\CodeIgniter->handleRequest(NULL, Object(Config\Cache), false)
#3 C:\xampp\htdocs\MilitaryOfficersMess\admin\index.php(43): CodeIgniter\CodeIgniter->run()
#4 {main}
CRITICAL - 2023-09-26 15:33:12 --> Class 'Firebase\JWT\JWT' not found
#0 C:\xampp\htdocs\MilitaryOfficersMess\admin\system\CodeIgniter.php(802): App\Controllers\Login->login()
#1 C:\xampp\htdocs\MilitaryOfficersMess\admin\system\CodeIgniter.php(399): CodeIgniter\CodeIgniter->runController(Object(App\Controllers\Login))
#2 C:\xampp\htdocs\MilitaryOfficersMess\admin\system\CodeIgniter.php(317): CodeIgniter\CodeIgniter->handleRequest(NULL, Object(Config\Cache), false)
#3 C:\xampp\htdocs\MilitaryOfficersMess\admin\index.php(43): CodeIgniter\CodeIgniter->run()
#4 {main}
CRITICAL - 2023-09-26 15:33:12 --> Class 'Firebase\JWT\JWT' not found
#0 C:\xampp\htdocs\MilitaryOfficersMess\admin\system\CodeIgniter.php(802): App\Controllers\Login->login()
#1 C:\xampp\htdocs\MilitaryOfficersMess\admin\system\CodeIgniter.php(399): CodeIgniter\CodeIgniter->runController(Object(App\Controllers\Login))
#2 C:\xampp\htdocs\MilitaryOfficersMess\admin\system\CodeIgniter.php(317): CodeIgniter\CodeIgniter->handleRequest(NULL, Object(Config\Cache), false)
#3 C:\xampp\htdocs\MilitaryOfficersMess\admin\index.php(43): CodeIgniter\CodeIgniter->run()
#4 {main}
CRITICAL - 2023-09-26 15:33:13 --> Class 'Firebase\JWT\JWT' not found
#0 C:\xampp\htdocs\MilitaryOfficersMess\admin\system\CodeIgniter.php(802): App\Controllers\Login->login()
#1 C:\xampp\htdocs\MilitaryOfficersMess\admin\system\CodeIgniter.php(399): CodeIgniter\CodeIgniter->runController(Object(App\Controllers\Login))
#2 C:\xampp\htdocs\MilitaryOfficersMess\admin\system\CodeIgniter.php(317): CodeIgniter\CodeIgniter->handleRequest(NULL, Object(Config\Cache), false)
#3 C:\xampp\htdocs\MilitaryOfficersMess\admin\index.php(43): CodeIgniter\CodeIgniter->run()
#4 {main}
CRITICAL - 2023-09-26 15:33:13 --> Class 'Firebase\JWT\JWT' not found
#0 C:\xampp\htdocs\MilitaryOfficersMess\admin\system\CodeIgniter.php(802): App\Controllers\Login->login()
#1 C:\xampp\htdocs\MilitaryOfficersMess\admin\system\CodeIgniter.php(399): CodeIgniter\CodeIgniter->runController(Object(App\Controllers\Login))
#2 C:\xampp\htdocs\MilitaryOfficersMess\admin\system\CodeIgniter.php(317): CodeIgniter\CodeIgniter->handleRequest(NULL, Object(Config\Cache), false)
#3 C:\xampp\htdocs\MilitaryOfficersMess\admin\index.php(43): CodeIgniter\CodeIgniter->run()
#4 {main}
CRITICAL - 2023-09-26 15:33:14 --> Class 'Firebase\JWT\JWT' not found
#0 C:\xampp\htdocs\MilitaryOfficersMess\admin\system\CodeIgniter.php(802): App\Controllers\Login->login()
#1 C:\xampp\htdocs\MilitaryOfficersMess\admin\system\CodeIgniter.php(399): CodeIgniter\CodeIgniter->runController(Object(App\Controllers\Login))
#2 C:\xampp\htdocs\MilitaryOfficersMess\admin\system\CodeIgniter.php(317): CodeIgniter\CodeIgniter->handleRequest(NULL, Object(Config\Cache), false)
#3 C:\xampp\htdocs\MilitaryOfficersMess\admin\index.php(43): CodeIgniter\CodeIgniter->run()
#4 {main}
CRITICAL - 2023-09-26 15:33:16 --> Class 'Firebase\JWT\JWT' not found
#0 C:\xampp\htdocs\MilitaryOfficersMess\admin\system\CodeIgniter.php(802): App\Controllers\Login->login()
#1 C:\xampp\htdocs\MilitaryOfficersMess\admin\system\CodeIgniter.php(399): CodeIgniter\CodeIgniter->runController(Object(App\Controllers\Login))
#2 C:\xampp\htdocs\MilitaryOfficersMess\admin\system\CodeIgniter.php(317): CodeIgniter\CodeIgniter->handleRequest(NULL, Object(Config\Cache), false)
#3 C:\xampp\htdocs\MilitaryOfficersMess\admin\index.php(43): CodeIgniter\CodeIgniter->run()
#4 {main}
CRITICAL - 2023-09-26 15:33:16 --> Class 'Firebase\JWT\JWT' not found
#0 C:\xampp\htdocs\MilitaryOfficersMess\admin\system\CodeIgniter.php(802): App\Controllers\Login->login()
#1 C:\xampp\htdocs\MilitaryOfficersMess\admin\system\CodeIgniter.php(399): CodeIgniter\CodeIgniter->runController(Object(App\Controllers\Login))
#2 C:\xampp\htdocs\MilitaryOfficersMess\admin\system\CodeIgniter.php(317): CodeIgniter\CodeIgniter->handleRequest(NULL, Object(Config\Cache), false)
#3 C:\xampp\htdocs\MilitaryOfficersMess\admin\index.php(43): CodeIgniter\CodeIgniter->run()
#4 {main}
CRITICAL - 2023-09-26 15:33:17 --> Class 'Firebase\JWT\JWT' not found
#0 C:\xampp\htdocs\MilitaryOfficersMess\admin\system\CodeIgniter.php(802): App\Controllers\Login->login()
#1 C:\xampp\htdocs\MilitaryOfficersMess\admin\system\CodeIgniter.php(399): CodeIgniter\CodeIgniter->runController(Object(App\Controllers\Login))
#2 C:\xampp\htdocs\MilitaryOfficersMess\admin\system\CodeIgniter.php(317): CodeIgniter\CodeIgniter->handleRequest(NULL, Object(Config\Cache), false)
#3 C:\xampp\htdocs\MilitaryOfficersMess\admin\index.php(43): CodeIgniter\CodeIgniter->run()
#4 {main}
CRITICAL - 2023-09-26 15:33:34 --> Class 'Firebase\JWT\JWT' not found
#0 C:\xampp\htdocs\MilitaryOfficersMess\admin\system\CodeIgniter.php(802): App\Controllers\Login->login()
#1 C:\xampp\htdocs\MilitaryOfficersMess\admin\system\CodeIgniter.php(399): CodeIgniter\CodeIgniter->runController(Object(App\Controllers\Login))
#2 C:\xampp\htdocs\MilitaryOfficersMess\admin\system\CodeIgniter.php(317): CodeIgniter\CodeIgniter->handleRequest(NULL, Object(Config\Cache), false)
#3 C:\xampp\htdocs\MilitaryOfficersMess\admin\index.php(43): CodeIgniter\CodeIgniter->run()
#4 {main}
CRITICAL - 2023-09-26 15:33:47 --> Class 'Firebase\JWT\JWT' not found
#0 C:\xampp\htdocs\MilitaryOfficersMess\admin\system\CodeIgniter.php(802): App\Controllers\Login->login()
#1 C:\xampp\htdocs\MilitaryOfficersMess\admin\system\CodeIgniter.php(399): CodeIgniter\CodeIgniter->runController(Object(App\Controllers\Login))
#2 C:\xampp\htdocs\MilitaryOfficersMess\admin\system\CodeIgniter.php(317): CodeIgniter\CodeIgniter->handleRequest(NULL, Object(Config\Cache), false)
#3 C:\xampp\htdocs\MilitaryOfficersMess\admin\index.php(43): CodeIgniter\CodeIgniter->run()
#4 {main}
CRITICAL - 2023-09-26 15:33:47 --> Class 'Firebase\JWT\JWT' not found
#0 C:\xampp\htdocs\MilitaryOfficersMess\admin\system\CodeIgniter.php(802): App\Controllers\Login->login()
#1 C:\xampp\htdocs\MilitaryOfficersMess\admin\system\CodeIgniter.php(399): CodeIgniter\CodeIgniter->runController(Object(App\Controllers\Login))
#2 C:\xampp\htdocs\MilitaryOfficersMess\admin\system\CodeIgniter.php(317): CodeIgniter\CodeIgniter->handleRequest(NULL, Object(Config\Cache), false)
#3 C:\xampp\htdocs\MilitaryOfficersMess\admin\index.php(43): CodeIgniter\CodeIgniter->run()
#4 {main}
CRITICAL - 2023-09-26 15:34:01 --> Class 'Firebase\JWT\JWT' not found
#0 C:\xampp\htdocs\MilitaryOfficersMess\admin\system\CodeIgniter.php(802): App\Controllers\Login->login()
#1 C:\xampp\htdocs\MilitaryOfficersMess\admin\system\CodeIgniter.php(399): CodeIgniter\CodeIgniter->runController(Object(App\Controllers\Login))
#2 C:\xampp\htdocs\MilitaryOfficersMess\admin\system\CodeIgniter.php(317): CodeIgniter\CodeIgniter->handleRequest(NULL, Object(Config\Cache), false)
#3 C:\xampp\htdocs\MilitaryOfficersMess\admin\index.php(43): CodeIgniter\CodeIgniter->run()
#4 {main}
CRITICAL - 2023-09-26 15:34:01 --> Class 'Firebase\JWT\JWT' not found
#0 C:\xampp\htdocs\MilitaryOfficersMess\admin\system\CodeIgniter.php(802): App\Controllers\Login->login()
#1 C:\xampp\htdocs\MilitaryOfficersMess\admin\system\CodeIgniter.php(399): CodeIgniter\CodeIgniter->runController(Object(App\Controllers\Login))
#2 C:\xampp\htdocs\MilitaryOfficersMess\admin\system\CodeIgniter.php(317): CodeIgniter\CodeIgniter->handleRequest(NULL, Object(Config\Cache), false)
#3 C:\xampp\htdocs\MilitaryOfficersMess\admin\index.php(43): CodeIgniter\CodeIgniter->run()
#4 {main}
CRITICAL - 2023-09-26 15:34:01 --> Class 'Firebase\JWT\JWT' not found
#0 C:\xampp\htdocs\MilitaryOfficersMess\admin\system\CodeIgniter.php(802): App\Controllers\Login->login()
#1 C:\xampp\htdocs\MilitaryOfficersMess\admin\system\CodeIgniter.php(399): CodeIgniter\CodeIgniter->runController(Object(App\Controllers\Login))
#2 C:\xampp\htdocs\MilitaryOfficersMess\admin\system\CodeIgniter.php(317): CodeIgniter\CodeIgniter->handleRequest(NULL, Object(Config\Cache), false)
#3 C:\xampp\htdocs\MilitaryOfficersMess\admin\index.php(43): CodeIgniter\CodeIgniter->run()
#4 {main}
CRITICAL - 2023-09-26 15:34:01 --> Class 'Firebase\JWT\JWT' not found
#0 C:\xampp\htdocs\MilitaryOfficersMess\admin\system\CodeIgniter.php(802): App\Controllers\Login->login()
#1 C:\xampp\htdocs\MilitaryOfficersMess\admin\system\CodeIgniter.php(399): CodeIgniter\CodeIgniter->runController(Object(App\Controllers\Login))
#2 C:\xampp\htdocs\MilitaryOfficersMess\admin\system\CodeIgniter.php(317): CodeIgniter\CodeIgniter->handleRequest(NULL, Object(Config\Cache), false)
#3 C:\xampp\htdocs\MilitaryOfficersMess\admin\index.php(43): CodeIgniter\CodeIgniter->run()
#4 {main}
CRITICAL - 2023-09-26 15:34:02 --> Class 'Firebase\JWT\JWT' not found
#0 C:\xampp\htdocs\MilitaryOfficersMess\admin\system\CodeIgniter.php(802): App\Controllers\Login->login()
#1 C:\xampp\htdocs\MilitaryOfficersMess\admin\system\CodeIgniter.php(399): CodeIgniter\CodeIgniter->runController(Object(App\Controllers\Login))
#2 C:\xampp\htdocs\MilitaryOfficersMess\admin\system\CodeIgniter.php(317): CodeIgniter\CodeIgniter->handleRequest(NULL, Object(Config\Cache), false)
#3 C:\xampp\htdocs\MilitaryOfficersMess\admin\index.php(43): CodeIgniter\CodeIgniter->run()
#4 {main}
CRITICAL - 2023-09-26 15:35:57 --> Class 'Firebase\JWT\JWT' not found
#0 C:\xampp\htdocs\MilitaryOfficersMess\admin\system\CodeIgniter.php(802): App\Controllers\Login->login()
#1 C:\xampp\htdocs\MilitaryOfficersMess\admin\system\CodeIgniter.php(399): CodeIgniter\CodeIgniter->runController(Object(App\Controllers\Login))
#2 C:\xampp\htdocs\MilitaryOfficersMess\admin\system\CodeIgniter.php(317): CodeIgniter\CodeIgniter->handleRequest(NULL, Object(Config\Cache), false)
#3 C:\xampp\htdocs\MilitaryOfficersMess\admin\index.php(43): CodeIgniter\CodeIgniter->run()
#4 {main}
CRITICAL - 2023-09-26 15:36:37 --> Class 'Firebase\JWT\JWT' not found
#0 C:\xampp\htdocs\MilitaryOfficersMess\admin\system\CodeIgniter.php(802): App\Controllers\Login->login()
#1 C:\xampp\htdocs\MilitaryOfficersMess\admin\system\CodeIgniter.php(399): CodeIgniter\CodeIgniter->runController(Object(App\Controllers\Login))
#2 C:\xampp\htdocs\MilitaryOfficersMess\admin\system\CodeIgniter.php(317): CodeIgniter\CodeIgniter->handleRequest(NULL, Object(Config\Cache), false)
#3 C:\xampp\htdocs\MilitaryOfficersMess\admin\index.php(43): CodeIgniter\CodeIgniter->run()
#4 {main}
CRITICAL - 2023-09-26 15:36:37 --> Class 'Firebase\JWT\JWT' not found
#0 C:\xampp\htdocs\MilitaryOfficersMess\admin\system\CodeIgniter.php(802): App\Controllers\Login->login()
#1 C:\xampp\htdocs\MilitaryOfficersMess\admin\system\CodeIgniter.php(399): CodeIgniter\CodeIgniter->runController(Object(App\Controllers\Login))
#2 C:\xampp\htdocs\MilitaryOfficersMess\admin\system\CodeIgniter.php(317): CodeIgniter\CodeIgniter->handleRequest(NULL, Object(Config\Cache), false)
#3 C:\xampp\htdocs\MilitaryOfficersMess\admin\index.php(43): CodeIgniter\CodeIgniter->run()
#4 {main}
CRITICAL - 2023-09-26 15:36:38 --> Class 'Firebase\JWT\JWT' not found
#0 C:\xampp\htdocs\MilitaryOfficersMess\admin\system\CodeIgniter.php(802): App\Controllers\Login->login()
#1 C:\xampp\htdocs\MilitaryOfficersMess\admin\system\CodeIgniter.php(399): CodeIgniter\CodeIgniter->runController(Object(App\Controllers\Login))
#2 C:\xampp\htdocs\MilitaryOfficersMess\admin\system\CodeIgniter.php(317): CodeIgniter\CodeIgniter->handleRequest(NULL, Object(Config\Cache), false)
#3 C:\xampp\htdocs\MilitaryOfficersMess\admin\index.php(43): CodeIgniter\CodeIgniter->run()
#4 {main}
CRITICAL - 2023-09-26 15:37:34 --> Class 'Firebase\JWT\JWT' not found
#0 C:\xampp\htdocs\MilitaryOfficersMess\admin\system\CodeIgniter.php(802): App\Controllers\Login->login()
#1 C:\xampp\htdocs\MilitaryOfficersMess\admin\system\CodeIgniter.php(399): CodeIgniter\CodeIgniter->runController(Object(App\Controllers\Login))
#2 C:\xampp\htdocs\MilitaryOfficersMess\admin\system\CodeIgniter.php(317): CodeIgniter\CodeIgniter->handleRequest(NULL, Object(Config\Cache), false)
#3 C:\xampp\htdocs\MilitaryOfficersMess\admin\index.php(43): CodeIgniter\CodeIgniter->run()
#4 {main}
CRITICAL - 2023-09-26 15:37:34 --> Class 'Firebase\JWT\JWT' not found
#0 C:\xampp\htdocs\MilitaryOfficersMess\admin\system\CodeIgniter.php(802): App\Controllers\Login->login()
#1 C:\xampp\htdocs\MilitaryOfficersMess\admin\system\CodeIgniter.php(399): CodeIgniter\CodeIgniter->runController(Object(App\Controllers\Login))
#2 C:\xampp\htdocs\MilitaryOfficersMess\admin\system\CodeIgniter.php(317): CodeIgniter\CodeIgniter->handleRequest(NULL, Object(Config\Cache), false)
#3 C:\xampp\htdocs\MilitaryOfficersMess\admin\index.php(43): CodeIgniter\CodeIgniter->run()
#4 {main}
CRITICAL - 2023-09-26 15:37:35 --> Class 'Firebase\JWT\JWT' not found
#0 C:\xampp\htdocs\MilitaryOfficersMess\admin\system\CodeIgniter.php(802): App\Controllers\Login->login()
#1 C:\xampp\htdocs\MilitaryOfficersMess\admin\system\CodeIgniter.php(399): CodeIgniter\CodeIgniter->runController(Object(App\Controllers\Login))
#2 C:\xampp\htdocs\MilitaryOfficersMess\admin\system\CodeIgniter.php(317): CodeIgniter\CodeIgniter->handleRequest(NULL, Object(Config\Cache), false)
#3 C:\xampp\htdocs\MilitaryOfficersMess\admin\index.php(43): CodeIgniter\CodeIgniter->run()
#4 {main}
CRITICAL - 2023-09-26 15:37:35 --> Class 'Firebase\JWT\JWT' not found
#0 C:\xampp\htdocs\MilitaryOfficersMess\admin\system\CodeIgniter.php(802): App\Controllers\Login->login()
#1 C:\xampp\htdocs\MilitaryOfficersMess\admin\system\CodeIgniter.php(399): CodeIgniter\CodeIgniter->runController(Object(App\Controllers\Login))
#2 C:\xampp\htdocs\MilitaryOfficersMess\admin\system\CodeIgniter.php(317): CodeIgniter\CodeIgniter->handleRequest(NULL, Object(Config\Cache), false)
#3 C:\xampp\htdocs\MilitaryOfficersMess\admin\index.php(43): CodeIgniter\CodeIgniter->run()
#4 {main}
CRITICAL - 2023-09-26 15:37:41 --> Class 'Firebase\JWT\JWT' not found
#0 C:\xampp\htdocs\MilitaryOfficersMess\admin\system\CodeIgniter.php(802): App\Controllers\Login->login()
#1 C:\xampp\htdocs\MilitaryOfficersMess\admin\system\CodeIgniter.php(399): CodeIgniter\CodeIgniter->runController(Object(App\Controllers\Login))
#2 C:\xampp\htdocs\MilitaryOfficersMess\admin\system\CodeIgniter.php(317): CodeIgniter\CodeIgniter->handleRequest(NULL, Object(Config\Cache), false)
#3 C:\xampp\htdocs\MilitaryOfficersMess\admin\index.php(43): CodeIgniter\CodeIgniter->run()
#4 {main}
CRITICAL - 2023-09-26 15:37:51 --> Class 'Firebase\JWT\JWT' not found
#0 C:\xampp\htdocs\MilitaryOfficersMess\admin\system\CodeIgniter.php(802): App\Controllers\Login->login()
#1 C:\xampp\htdocs\MilitaryOfficersMess\admin\system\CodeIgniter.php(399): CodeIgniter\CodeIgniter->runController(Object(App\Controllers\Login))
#2 C:\xampp\htdocs\MilitaryOfficersMess\admin\system\CodeIgniter.php(317): CodeIgniter\CodeIgniter->handleRequest(NULL, Object(Config\Cache), false)
#3 C:\xampp\htdocs\MilitaryOfficersMess\admin\index.php(43): CodeIgniter\CodeIgniter->run()
#4 {main}
CRITICAL - 2023-09-26 15:39:46 --> Class 'Firebase\JWT\JWT' not found
#0 C:\xampp\htdocs\MilitaryOfficersMess\admin\system\CodeIgniter.php(802): App\Controllers\Login->login()
#1 C:\xampp\htdocs\MilitaryOfficersMess\admin\system\CodeIgniter.php(399): CodeIgniter\CodeIgniter->runController(Object(App\Controllers\Login))
#2 C:\xampp\htdocs\MilitaryOfficersMess\admin\system\CodeIgniter.php(317): CodeIgniter\CodeIgniter->handleRequest(NULL, Object(Config\Cache), false)
#3 C:\xampp\htdocs\MilitaryOfficersMess\admin\index.php(43): CodeIgniter\CodeIgniter->run()
#4 {main}
CRITICAL - 2023-09-26 15:39:47 --> Class 'Firebase\JWT\JWT' not found
#0 C:\xampp\htdocs\MilitaryOfficersMess\admin\system\CodeIgniter.php(802): App\Controllers\Login->login()
#1 C:\xampp\htdocs\MilitaryOfficersMess\admin\system\CodeIgniter.php(399): CodeIgniter\CodeIgniter->runController(Object(App\Controllers\Login))
#2 C:\xampp\htdocs\MilitaryOfficersMess\admin\system\CodeIgniter.php(317): CodeIgniter\CodeIgniter->handleRequest(NULL, Object(Config\Cache), false)
#3 C:\xampp\htdocs\MilitaryOfficersMess\admin\index.php(43): CodeIgniter\CodeIgniter->run()
#4 {main}
CRITICAL - 2023-09-26 15:39:47 --> Class 'Firebase\JWT\JWT' not found
#0 C:\xampp\htdocs\MilitaryOfficersMess\admin\system\CodeIgniter.php(802): App\Controllers\Login->login()
#1 C:\xampp\htdocs\MilitaryOfficersMess\admin\system\CodeIgniter.php(399): CodeIgniter\CodeIgniter->runController(Object(App\Controllers\Login))
#2 C:\xampp\htdocs\MilitaryOfficersMess\admin\system\CodeIgniter.php(317): CodeIgniter\CodeIgniter->handleRequest(NULL, Object(Config\Cache), false)
#3 C:\xampp\htdocs\MilitaryOfficersMess\admin\index.php(43): CodeIgniter\CodeIgniter->run()
#4 {main}
CRITICAL - 2023-09-26 15:39:48 --> Class 'Firebase\JWT\JWT' not found
#0 C:\xampp\htdocs\MilitaryOfficersMess\admin\system\CodeIgniter.php(802): App\Controllers\Login->login()
#1 C:\xampp\htdocs\MilitaryOfficersMess\admin\system\CodeIgniter.php(399): CodeIgniter\CodeIgniter->runController(Object(App\Controllers\Login))
#2 C:\xampp\htdocs\MilitaryOfficersMess\admin\system\CodeIgniter.php(317): CodeIgniter\CodeIgniter->handleRequest(NULL, Object(Config\Cache), false)
#3 C:\xampp\htdocs\MilitaryOfficersMess\admin\index.php(43): CodeIgniter\CodeIgniter->run()
#4 {main}
CRITICAL - 2023-09-26 15:42:13 --> Class 'Firebase\JWT\JWT' not found
#0 C:\xampp\htdocs\MilitaryOfficersMess\admin\system\CodeIgniter.php(802): App\Controllers\Login->login()
#1 C:\xampp\htdocs\MilitaryOfficersMess\admin\system\CodeIgniter.php(399): CodeIgniter\CodeIgniter->runController(Object(App\Controllers\Login))
#2 C:\xampp\htdocs\MilitaryOfficersMess\admin\system\CodeIgniter.php(317): CodeIgniter\CodeIgniter->handleRequest(NULL, Object(Config\Cache), false)
#3 C:\xampp\htdocs\MilitaryOfficersMess\admin\index.php(43): CodeIgniter\CodeIgniter->run()
#4 {main}
ERROR - 2023-09-26 16:03:44 --> Table 'militaryofficersmess.tbl_officers' doesn't exist
CRITICAL - 2023-09-26 16:03:44 --> Call to a member function getResult() on bool
#0 C:\xampp\htdocs\MilitaryOfficersMess\admin\system\BaseModel.php(584): CodeIgniter\Model->doFindAll(0, 0)
#1 C:\xampp\htdocs\MilitaryOfficersMess\admin\app\Core\MyModel.php(76): CodeIgniter\BaseModel->findAll()
#2 C:\xampp\htdocs\MilitaryOfficersMess\admin\app\Controllers\Officer.php(28): App\Core\MyModel->get_all_rows('tbl_officers', '*')
#3 C:\xampp\htdocs\MilitaryOfficersMess\admin\system\CodeIgniter.php(802): App\Controllers\Officer->index()
#4 C:\xampp\htdocs\MilitaryOfficersMess\admin\system\CodeIgniter.php(399): CodeIgniter\CodeIgniter->runController(Object(App\Controllers\Officer))
#5 C:\xampp\htdocs\MilitaryOfficersMess\admin\system\CodeIgniter.php(317): CodeIgniter\CodeIgniter->handleRequest(NULL, Object(Config\Cache), false)
#6 C:\xampp\htdocs\MilitaryOfficersMess\admin\index.php(43): CodeIgniter\CodeIgniter->run()
#7 {main}
ERROR - 2023-09-26 16:05:34 --> Table 'militaryofficersmess.tbl_officers' doesn't exist
CRITICAL - 2023-09-26 16:05:34 --> Call to a member function getResult() on bool
#0 C:\xampp\htdocs\MilitaryOfficersMess\admin\system\BaseModel.php(584): CodeIgniter\Model->doFindAll(0, 0)
#1 C:\xampp\htdocs\MilitaryOfficersMess\admin\app\Core\MyModel.php(76): CodeIgniter\BaseModel->findAll()
#2 C:\xampp\htdocs\MilitaryOfficersMess\admin\app\Controllers\Officer.php(28): App\Core\MyModel->get_all_rows('tbl_officers', '*')
#3 C:\xampp\htdocs\MilitaryOfficersMess\admin\system\CodeIgniter.php(802): App\Controllers\Officer->index()
#4 C:\xampp\htdocs\MilitaryOfficersMess\admin\system\CodeIgniter.php(399): CodeIgniter\CodeIgniter->runController(Object(App\Controllers\Officer))
#5 C:\xampp\htdocs\MilitaryOfficersMess\admin\system\CodeIgniter.php(317): CodeIgniter\CodeIgniter->handleRequest(NULL, Object(Config\Cache), false)
#6 C:\xampp\htdocs\MilitaryOfficersMess\admin\index.php(43): CodeIgniter\CodeIgniter->run()
#7 {main}
ERROR - 2023-09-26 16:10:38 --> Table 'militaryofficersmess.tbl_officers' doesn't exist
CRITICAL - 2023-09-26 16:10:38 --> Call to a member function getResult() on bool
#0 C:\xampp\htdocs\MilitaryOfficersMess\admin\system\BaseModel.php(584): CodeIgniter\Model->doFindAll(0, 0)
#1 C:\xampp\htdocs\MilitaryOfficersMess\admin\app\Core\MyModel.php(76): CodeIgniter\BaseModel->findAll()
#2 C:\xampp\htdocs\MilitaryOfficersMess\admin\app\Controllers\Officer.php(28): App\Core\MyModel->get_all_rows('tbl_officers', '*')
#3 C:\xampp\htdocs\MilitaryOfficersMess\admin\system\CodeIgniter.php(802): App\Controllers\Officer->index()
#4 C:\xampp\htdocs\MilitaryOfficersMess\admin\system\CodeIgniter.php(399): CodeIgniter\CodeIgniter->runController(Object(App\Controllers\Officer))
#5 C:\xampp\htdocs\MilitaryOfficersMess\admin\system\CodeIgniter.php(317): CodeIgniter\CodeIgniter->handleRequest(NULL, Object(Config\Cache), false)
#6 C:\xampp\htdocs\MilitaryOfficersMess\admin\index.php(43): CodeIgniter\CodeIgniter->run()
#7 {main}
ERROR - 2023-09-26 16:27:34 --> Table 'militaryofficersmess.tbl_officers' doesn't exist
CRITICAL - 2023-09-26 16:27:34 --> Call to a member function getResult() on bool
#0 C:\xampp\htdocs\MilitaryOfficersMess\admin\system\BaseModel.php(584): CodeIgniter\Model->doFindAll(0, 0)
#1 C:\xampp\htdocs\MilitaryOfficersMess\admin\app\Core\MyModel.php(76): CodeIgniter\BaseModel->findAll()
#2 C:\xampp\htdocs\MilitaryOfficersMess\admin\app\Controllers\Officer.php(28): App\Core\MyModel->get_all_rows('tbl_officers', '*')
#3 C:\xampp\htdocs\MilitaryOfficersMess\admin\system\CodeIgniter.php(802): App\Controllers\Officer->index()
#4 C:\xampp\htdocs\MilitaryOfficersMess\admin\system\CodeIgniter.php(399): CodeIgniter\CodeIgniter->runController(Object(App\Controllers\Officer))
#5 C:\xampp\htdocs\MilitaryOfficersMess\admin\system\CodeIgniter.php(317): CodeIgniter\CodeIgniter->handleRequest(NULL, Object(Config\Cache), false)
#6 C:\xampp\htdocs\MilitaryOfficersMess\admin\index.php(43): CodeIgniter\CodeIgniter->run()
#7 {main}
ERROR - 2023-09-26 16:27:49 --> Table 'militaryofficersmess.tbl_officers' doesn't exist
CRITICAL - 2023-09-26 16:27:49 --> Call to a member function getResult() on bool
#0 C:\xampp\htdocs\MilitaryOfficersMess\admin\system\BaseModel.php(584): CodeIgniter\Model->doFindAll(0, 0)
#1 C:\xampp\htdocs\MilitaryOfficersMess\admin\app\Core\MyModel.php(76): CodeIgniter\BaseModel->findAll()
#2 C:\xampp\htdocs\MilitaryOfficersMess\admin\app\Controllers\Officer.php(28): App\Core\MyModel->get_all_rows('tbl_officers', '*')
#3 C:\xampp\htdocs\MilitaryOfficersMess\admin\system\CodeIgniter.php(802): App\Controllers\Officer->index()
#4 C:\xampp\htdocs\MilitaryOfficersMess\admin\system\CodeIgniter.php(399): CodeIgniter\CodeIgniter->runController(Object(App\Controllers\Officer))
#5 C:\xampp\htdocs\MilitaryOfficersMess\admin\system\CodeIgniter.php(317): CodeIgniter\CodeIgniter->handleRequest(NULL, Object(Config\Cache), false)
#6 C:\xampp\htdocs\MilitaryOfficersMess\admin\index.php(43): CodeIgniter\CodeIgniter->run()
#7 {main}
CRITICAL - 2023-09-26 16:41:15 --> Use of undefined constant GUEST_PATH - assumed 'GUEST_PATH' (this will throw an Error in a future version of PHP)
#0 C:\xampp\htdocs\MilitaryOfficersMess\admin\public\includes\sidebar.php(28): CodeIgniter\Debug\Exceptions->errorHandler(2, 'Use of undefine...', 'C:\\xampp\\htdocs...', 28, Array)
#1 C:\xampp\htdocs\MilitaryOfficersMess\admin\app\Views\subadmin\add.php(2): include('C:\\xampp\\htdocs...')
#2 C:\xampp\htdocs\MilitaryOfficersMess\admin\system\View\View.php(214): include('C:\\xampp\\htdocs...')
#3 C:\xampp\htdocs\MilitaryOfficersMess\admin\system\View\View.php(217): CodeIgniter\View\View->CodeIgniter\View\{closure}()
#4 C:\xampp\htdocs\MilitaryOfficersMess\admin\system\Common.php(1092): CodeIgniter\View\View->render('subadmin/add', Array, true)
#5 C:\xampp\htdocs\MilitaryOfficersMess\admin\app\Controllers\Subadmin.php(37): view('subadmin/add', Array)
#6 C:\xampp\htdocs\MilitaryOfficersMess\admin\system\CodeIgniter.php(802): App\Controllers\Subadmin->add()
#7 C:\xampp\htdocs\MilitaryOfficersMess\admin\system\CodeIgniter.php(399): CodeIgniter\CodeIgniter->runController(Object(App\Controllers\Subadmin))
#8 C:\xampp\htdocs\MilitaryOfficersMess\admin\system\CodeIgniter.php(317): CodeIgniter\CodeIgniter->handleRequest(NULL, Object(Config\Cache), false)
#9 C:\xampp\htdocs\MilitaryOfficersMess\admin\index.php(43): CodeIgniter\CodeIgniter->run()
#10 {main}
ERROR - 2023-09-26 16:41:21 --> Unknown column 'member_id' in 'where clause'
CRITICAL - 2023-09-26 16:41:21 --> Call to a member function getResult() on bool
#0 C:\xampp\htdocs\MilitaryOfficersMess\admin\system\BaseModel.php(584): CodeIgniter\Model->doFindAll(0, 0)
#1 C:\xampp\htdocs\MilitaryOfficersMess\admin\app\Core\MyModel.php(76): CodeIgniter\BaseModel->findAll()
#2 C:\xampp\htdocs\MilitaryOfficersMess\admin\app\Controllers\Subadmin.php(29): App\Core\MyModel->get_all_rows('tbl_members', '*', Array)
#3 C:\xampp\htdocs\MilitaryOfficersMess\admin\system\CodeIgniter.php(802): App\Controllers\Subadmin->index()
#4 C:\xampp\htdocs\MilitaryOfficersMess\admin\system\CodeIgniter.php(399): CodeIgniter\CodeIgniter->runController(Object(App\Controllers\Subadmin))
#5 C:\xampp\htdocs\MilitaryOfficersMess\admin\system\CodeIgniter.php(317): CodeIgniter\CodeIgniter->handleRequest(NULL, Object(Config\Cache), false)
#6 C:\xampp\htdocs\MilitaryOfficersMess\admin\index.php(43): CodeIgniter\CodeIgniter->run()
#7 {main}
CRITICAL - 2023-09-26 16:41:22 --> Use of undefined constant GUEST_PATH - assumed 'GUEST_PATH' (this will throw an Error in a future version of PHP)
#0 C:\xampp\htdocs\MilitaryOfficersMess\admin\public\includes\sidebar.php(28): CodeIgniter\Debug\Exceptions->errorHandler(2, 'Use of undefine...', 'C:\\xampp\\htdocs...', 28, Array)
#1 C:\xampp\htdocs\MilitaryOfficersMess\admin\app\Views\logs\adminlogs.php(2): include('C:\\xampp\\htdocs...')
#2 C:\xampp\htdocs\MilitaryOfficersMess\admin\system\View\View.php(214): include('C:\\xampp\\htdocs...')
#3 C:\xampp\htdocs\MilitaryOfficersMess\admin\system\View\View.php(217): CodeIgniter\View\View->CodeIgniter\View\{closure}()
#4 C:\xampp\htdocs\MilitaryOfficersMess\admin\system\Common.php(1092): CodeIgniter\View\View->render('logs/adminlogs', Array, true)
#5 C:\xampp\htdocs\MilitaryOfficersMess\admin\app\Controllers\Logs.php(30): view('logs/adminlogs', Array)
#6 C:\xampp\htdocs\MilitaryOfficersMess\admin\system\CodeIgniter.php(802): App\Controllers\Logs->Adminlogs()
#7 C:\xampp\htdocs\MilitaryOfficersMess\admin\system\CodeIgniter.php(399): CodeIgniter\CodeIgniter->runController(Object(App\Controllers\Logs))
#8 C:\xampp\htdocs\MilitaryOfficersMess\admin\system\CodeIgniter.php(317): CodeIgniter\CodeIgniter->handleRequest(NULL, Object(Config\Cache), false)
#9 C:\xampp\htdocs\MilitaryOfficersMess\admin\index.php(43): CodeIgniter\CodeIgniter->run()
#10 {main}
CRITICAL - 2023-09-26 16:41:23 --> Use of undefined constant GUEST_PATH - assumed 'GUEST_PATH' (this will throw an Error in a future version of PHP)
#0 C:\xampp\htdocs\MilitaryOfficersMess\admin\public\includes\sidebar.php(28): CodeIgniter\Debug\Exceptions->errorHandler(2, 'Use of undefine...', 'C:\\xampp\\htdocs...', 28, Array)
#1 C:\xampp\htdocs\MilitaryOfficersMess\admin\app\Views\dashboard\index.php(2): include('C:\\xampp\\htdocs...')
#2 C:\xampp\htdocs\MilitaryOfficersMess\admin\system\View\View.php(214): include('C:\\xampp\\htdocs...')
#3 C:\xampp\htdocs\MilitaryOfficersMess\admin\system\View\View.php(217): CodeIgniter\View\View->CodeIgniter\View\{closure}()
#4 C:\xampp\htdocs\MilitaryOfficersMess\admin\system\Common.php(1092): CodeIgniter\View\View->render('dashboard/index...', Array, true)
#5 C:\xampp\htdocs\MilitaryOfficersMess\admin\app\Controllers\Dashboard.php(22): view('dashboard/index...', Array)
#6 C:\xampp\htdocs\MilitaryOfficersMess\admin\system\CodeIgniter.php(802): App\Controllers\Dashboard->index()
#7 C:\xampp\htdocs\MilitaryOfficersMess\admin\system\CodeIgniter.php(399): CodeIgniter\CodeIgniter->runController(Object(App\Controllers\Dashboard))
#8 C:\xampp\htdocs\MilitaryOfficersMess\admin\system\CodeIgniter.php(317): CodeIgniter\CodeIgniter->handleRequest(NULL, Object(Config\Cache), false)
#9 C:\xampp\htdocs\MilitaryOfficersMess\admin\index.php(43): CodeIgniter\CodeIgniter->run()
#10 {main}
ERROR - 2023-09-26 17:18:10 --> Unknown column 'member_id' in 'where clause'
CRITICAL - 2023-09-26 17:18:10 --> Call to a member function getResult() on bool
#0 C:\xampp\htdocs\MilitaryOfficersMess\admin\system\BaseModel.php(584): CodeIgniter\Model->doFindAll(0, 0)
#1 C:\xampp\htdocs\MilitaryOfficersMess\admin\app\Core\MyModel.php(76): CodeIgniter\BaseModel->findAll()
#2 C:\xampp\htdocs\MilitaryOfficersMess\admin\app\Controllers\Livingin.php(29): App\Core\MyModel->get_all_rows('tbl_members', '*', Array)
#3 C:\xampp\htdocs\MilitaryOfficersMess\admin\system\CodeIgniter.php(802): App\Controllers\Livingin->index()
#4 C:\xampp\htdocs\MilitaryOfficersMess\admin\system\CodeIgniter.php(399): CodeIgniter\CodeIgniter->runController(Object(App\Controllers\Livingin))
#5 C:\xampp\htdocs\MilitaryOfficersMess\admin\system\CodeIgniter.php(317): CodeIgniter\CodeIgniter->handleRequest(NULL, Object(Config\Cache), false)
#6 C:\xampp\htdocs\MilitaryOfficersMess\admin\index.php(43): CodeIgniter\CodeIgniter->run()
#7 {main}
ERROR - 2023-09-26 17:18:16 --> Unknown column 'member_id' in 'where clause'
CRITICAL - 2023-09-26 17:18:16 --> Call to a member function getResult() on bool
#0 C:\xampp\htdocs\MilitaryOfficersMess\admin\system\BaseModel.php(584): CodeIgniter\Model->doFindAll(0, 0)
#1 C:\xampp\htdocs\MilitaryOfficersMess\admin\app\Core\MyModel.php(76): CodeIgniter\BaseModel->findAll()
#2 C:\xampp\htdocs\MilitaryOfficersMess\admin\app\Controllers\Livingin.php(29): App\Core\MyModel->get_all_rows('tbl_members', '*', Array)
#3 C:\xampp\htdocs\MilitaryOfficersMess\admin\system\CodeIgniter.php(802): App\Controllers\Livingin->index()
#4 C:\xampp\htdocs\MilitaryOfficersMess\admin\system\CodeIgniter.php(399): CodeIgniter\CodeIgniter->runController(Object(App\Controllers\Livingin))
#5 C:\xampp\htdocs\MilitaryOfficersMess\admin\system\CodeIgniter.php(317): CodeIgniter\CodeIgniter->handleRequest(NULL, Object(Config\Cache), false)
#6 C:\xampp\htdocs\MilitaryOfficersMess\admin\index.php(43): CodeIgniter\CodeIgniter->run()
#7 {main}
ERROR - 2023-09-26 17:38:16 --> Unknown column 'member_id' in 'where clause'
CRITICAL - 2023-09-26 17:38:16 --> Call to a member function getResult() on bool
#0 C:\xampp\htdocs\MilitaryOfficersMess\admin\system\BaseModel.php(584): CodeIgniter\Model->doFindAll(0, 0)
#1 C:\xampp\htdocs\MilitaryOfficersMess\admin\app\Core\MyModel.php(76): CodeIgniter\BaseModel->findAll()
#2 C:\xampp\htdocs\MilitaryOfficersMess\admin\app\Controllers\Livingin.php(29): App\Core\MyModel->get_all_rows('tbl_members', '*', Array)
#3 C:\xampp\htdocs\MilitaryOfficersMess\admin\system\CodeIgniter.php(802): App\Controllers\Livingin->index()
#4 C:\xampp\htdocs\MilitaryOfficersMess\admin\system\CodeIgniter.php(399): CodeIgniter\CodeIgniter->runController(Object(App\Controllers\Livingin))
#5 C:\xampp\htdocs\MilitaryOfficersMess\admin\system\CodeIgniter.php(317): CodeIgniter\CodeIgniter->handleRequest(NULL, Object(Config\Cache), false)
#6 C:\xampp\htdocs\MilitaryOfficersMess\admin\index.php(43): CodeIgniter\CodeIgniter->run()
#7 {main}
ERROR - 2023-09-26 17:39:44 --> Unknown column 'member_id' in 'where clause'
CRITICAL - 2023-09-26 17:39:44 --> Call to a member function getResult() on bool
#0 C:\xampp\htdocs\MilitaryOfficersMess\admin\system\BaseModel.php(584): CodeIgniter\Model->doFindAll(0, 0)
#1 C:\xampp\htdocs\MilitaryOfficersMess\admin\app\Core\MyModel.php(76): CodeIgniter\BaseModel->findAll()
#2 C:\xampp\htdocs\MilitaryOfficersMess\admin\app\Controllers\Livingin.php(29): App\Core\MyModel->get_all_rows('tbl_members', '*', Array)
#3 C:\xampp\htdocs\MilitaryOfficersMess\admin\system\CodeIgniter.php(802): App\Controllers\Livingin->index()
#4 C:\xampp\htdocs\MilitaryOfficersMess\admin\system\CodeIgniter.php(399): CodeIgniter\CodeIgniter->runController(Object(App\Controllers\Livingin))
#5 C:\xampp\htdocs\MilitaryOfficersMess\admin\system\CodeIgniter.php(317): CodeIgniter\CodeIgniter->handleRequest(NULL, Object(Config\Cache), false)
#6 C:\xampp\htdocs\MilitaryOfficersMess\admin\index.php(43): CodeIgniter\CodeIgniter->run()
#7 {main}
ERROR - 2023-09-26 17:51:54 --> Unknown column 'member_id' in 'where clause'
CRITICAL - 2023-09-26 17:51:54 --> Call to a member function getResult() on bool
#0 C:\xampp\htdocs\MilitaryOfficersMess\admin\system\BaseModel.php(584): CodeIgniter\Model->doFindAll(0, 0)
#1 C:\xampp\htdocs\MilitaryOfficersMess\admin\app\Core\MyModel.php(76): CodeIgniter\BaseModel->findAll()
#2 C:\xampp\htdocs\MilitaryOfficersMess\admin\app\Controllers\Livingin.php(29): App\Core\MyModel->get_all_rows('tbl_members', '*', Array)
#3 C:\xampp\htdocs\MilitaryOfficersMess\admin\system\CodeIgniter.php(802): App\Controllers\Livingin->index()
#4 C:\xampp\htdocs\MilitaryOfficersMess\admin\system\CodeIgniter.php(399): CodeIgniter\CodeIgniter->runController(Object(App\Controllers\Livingin))
#5 C:\xampp\htdocs\MilitaryOfficersMess\admin\system\CodeIgniter.php(317): CodeIgniter\CodeIgniter->handleRequest(NULL, Object(Config\Cache), false)
#6 C:\xampp\htdocs\MilitaryOfficersMess\admin\index.php(43): CodeIgniter\CodeIgniter->run()
#7 {main}
ERROR - 2023-09-26 18:02:58 --> Unknown column 'member_id' in 'where clause'
CRITICAL - 2023-09-26 18:02:58 --> Call to a member function getResult() on bool
#0 C:\xampp\htdocs\MilitaryOfficersMess\admin\system\BaseModel.php(584): CodeIgniter\Model->doFindAll(0, 0)
#1 C:\xampp\htdocs\MilitaryOfficersMess\admin\app\Core\MyModel.php(76): CodeIgniter\BaseModel->findAll()
#2 C:\xampp\htdocs\MilitaryOfficersMess\admin\app\Controllers\Subadmin.php(29): App\Core\MyModel->get_all_rows('tbl_members', '*', Array)
#3 C:\xampp\htdocs\MilitaryOfficersMess\admin\system\CodeIgniter.php(802): App\Controllers\Subadmin->index()
#4 C:\xampp\htdocs\MilitaryOfficersMess\admin\system\CodeIgniter.php(399): CodeIgniter\CodeIgniter->runController(Object(App\Controllers\Subadmin))
#5 C:\xampp\htdocs\MilitaryOfficersMess\admin\system\CodeIgniter.php(317): CodeIgniter\CodeIgniter->handleRequest(NULL, Object(Config\Cache), false)
#6 C:\xampp\htdocs\MilitaryOfficersMess\admin\index.php(43): CodeIgniter\CodeIgniter->run()
#7 {main}
ERROR - 2023-09-26 18:10:35 --> Unknown column 'member_id' in 'where clause'
CRITICAL - 2023-09-26 18:10:35 --> Call to a member function getResult() on bool
#0 C:\xampp\htdocs\MilitaryOfficersMess\admin\system\BaseModel.php(584): CodeIgniter\Model->doFindAll(0, 0)
#1 C:\xampp\htdocs\MilitaryOfficersMess\admin\app\Core\MyModel.php(76): CodeIgniter\BaseModel->findAll()
#2 C:\xampp\htdocs\MilitaryOfficersMess\admin\app\Controllers\Subadmin.php(29): App\Core\MyModel->get_all_rows('tbl_members', '*', Array)
#3 C:\xampp\htdocs\MilitaryOfficersMess\admin\system\CodeIgniter.php(802): App\Controllers\Subadmin->index()
#4 C:\xampp\htdocs\MilitaryOfficersMess\admin\system\CodeIgniter.php(399): CodeIgniter\CodeIgniter->runController(Object(App\Controllers\Subadmin))
#5 C:\xampp\htdocs\MilitaryOfficersMess\admin\system\CodeIgniter.php(317): CodeIgniter\CodeIgniter->handleRequest(NULL, Object(Config\Cache), false)
#6 C:\xampp\htdocs\MilitaryOfficersMess\admin\index.php(43): CodeIgniter\CodeIgniter->run()
#7 {main}
