ERROR - 2023-10-03 16:00:58 --> Unknown column 'business' in 'field list'
ERROR - 2023-10-03 16:01:07 --> Unknown column 'business' in 'field list'
ERROR - 2023-10-03 16:01:53 --> Unknown column 'business' in 'field list'
CRITICAL - 2023-10-03 16:04:25 --> Use of undefined constant TBL_VENDORS - assumed 'TBL_VENDORS' (this will throw an Error in a future version of PHP)
#0 C:\xampp\htdocs\MilitaryOfficersMess\admin\app\Controllers\Vendors.php(53): CodeIgniter\Debug\Exceptions->errorHandler(2, 'Use of undefine...', 'C:\\xampp\\htdocs...', 53, Array)
#1 C:\xampp\htdocs\MilitaryOfficersMess\admin\system\CodeIgniter.php(802): App\Controllers\Vendors->edit('4')
#2 C:\xampp\htdocs\MilitaryOfficersMess\admin\system\CodeIgniter.php(399): CodeIgniter\CodeIgniter->runController(Object(App\Controllers\Vendors))
#3 C:\xampp\htdocs\MilitaryOfficersMess\admin\system\CodeIgniter.php(317): CodeIgniter\CodeIgniter->handleRequest(NULL, Object(Config\Cache), false)
#4 C:\xampp\htdocs\MilitaryOfficersMess\admin\index.php(43): CodeIgniter\CodeIgniter->run()
#5 {main}
ERROR - 2023-10-03 16:06:04 --> Unknown column 'user_type' in 'where clause'
CRITICAL - 2023-10-03 16:06:04 --> Call to a member function getResult() on bool
#0 C:\xampp\htdocs\MilitaryOfficersMess\admin\system\BaseModel.php(584): CodeIgniter\Model->doFindAll(0, 0)
#1 C:\xampp\htdocs\MilitaryOfficersMess\admin\app\Core\MyModel.php(76): CodeIgniter\BaseModel->findAll()
#2 C:\xampp\htdocs\MilitaryOfficersMess\admin\app\Controllers\Vendors.php(28): App\Core\MyModel->get_all_rows('tbl_vendors', '*', Array)
#3 C:\xampp\htdocs\MilitaryOfficersMess\admin\system\CodeIgniter.php(802): App\Controllers\Vendors->index()
#4 C:\xampp\htdocs\MilitaryOfficersMess\admin\system\CodeIgniter.php(399): CodeIgniter\CodeIgniter->runController(Object(App\Controllers\Vendors))
#5 C:\xampp\htdocs\MilitaryOfficersMess\admin\system\CodeIgniter.php(317): CodeIgniter\CodeIgniter->handleRequest(NULL, Object(Config\Cache), false)
#6 C:\xampp\htdocs\MilitaryOfficersMess\admin\index.php(43): CodeIgniter\CodeIgniter->run()
#7 {main}
ERROR - 2023-10-03 16:06:08 --> Unknown column 'user_type' in 'where clause'
CRITICAL - 2023-10-03 16:06:08 --> Call to a member function getResult() on bool
#0 C:\xampp\htdocs\MilitaryOfficersMess\admin\system\BaseModel.php(584): CodeIgniter\Model->doFindAll(0, 0)
#1 C:\xampp\htdocs\MilitaryOfficersMess\admin\app\Core\MyModel.php(76): CodeIgniter\BaseModel->findAll()
#2 C:\xampp\htdocs\MilitaryOfficersMess\admin\app\Controllers\Vendors.php(28): App\Core\MyModel->get_all_rows('tbl_vendors', '*', Array)
#3 C:\xampp\htdocs\MilitaryOfficersMess\admin\system\CodeIgniter.php(802): App\Controllers\Vendors->index()
#4 C:\xampp\htdocs\MilitaryOfficersMess\admin\system\CodeIgniter.php(399): CodeIgniter\CodeIgniter->runController(Object(App\Controllers\Vendors))
#5 C:\xampp\htdocs\MilitaryOfficersMess\admin\system\CodeIgniter.php(317): CodeIgniter\CodeIgniter->handleRequest(NULL, Object(Config\Cache), false)
#6 C:\xampp\htdocs\MilitaryOfficersMess\admin\index.php(43): CodeIgniter\CodeIgniter->run()
#7 {main}
ERROR - 2023-10-03 16:06:37 --> Unknown column 'user_type' in 'where clause'
CRITICAL - 2023-10-03 16:06:37 --> Call to a member function getResult() on bool
#0 C:\xampp\htdocs\MilitaryOfficersMess\admin\system\BaseModel.php(584): CodeIgniter\Model->doFindAll(0, 0)
#1 C:\xampp\htdocs\MilitaryOfficersMess\admin\app\Core\MyModel.php(76): CodeIgniter\BaseModel->findAll()
#2 C:\xampp\htdocs\MilitaryOfficersMess\admin\app\Controllers\Vendors.php(28): App\Core\MyModel->get_all_rows('tbl_vendors', '*', Array)
#3 C:\xampp\htdocs\MilitaryOfficersMess\admin\system\CodeIgniter.php(802): App\Controllers\Vendors->index()
#4 C:\xampp\htdocs\MilitaryOfficersMess\admin\system\CodeIgniter.php(399): CodeIgniter\CodeIgniter->runController(Object(App\Controllers\Vendors))
#5 C:\xampp\htdocs\MilitaryOfficersMess\admin\system\CodeIgniter.php(317): CodeIgniter\CodeIgniter->handleRequest(NULL, Object(Config\Cache), false)
#6 C:\xampp\htdocs\MilitaryOfficersMess\admin\index.php(43): CodeIgniter\CodeIgniter->run()
#7 {main}
ERROR - 2023-10-03 16:08:05 --> Unknown column 'user_type' in 'where clause'
CRITICAL - 2023-10-03 16:08:05 --> Call to a member function getResult() on bool
#0 C:\xampp\htdocs\MilitaryOfficersMess\admin\system\BaseModel.php(584): CodeIgniter\Model->doFindAll(0, 0)
#1 C:\xampp\htdocs\MilitaryOfficersMess\admin\app\Core\MyModel.php(76): CodeIgniter\BaseModel->findAll()
#2 C:\xampp\htdocs\MilitaryOfficersMess\admin\app\Controllers\Vendors.php(28): App\Core\MyModel->get_all_rows('tbl_vendors', '*', Array)
#3 C:\xampp\htdocs\MilitaryOfficersMess\admin\system\CodeIgniter.php(802): App\Controllers\Vendors->index()
#4 C:\xampp\htdocs\MilitaryOfficersMess\admin\system\CodeIgniter.php(399): CodeIgniter\CodeIgniter->runController(Object(App\Controllers\Vendors))
#5 C:\xampp\htdocs\MilitaryOfficersMess\admin\system\CodeIgniter.php(317): CodeIgniter\CodeIgniter->handleRequest(NULL, Object(Config\Cache), false)
#6 C:\xampp\htdocs\MilitaryOfficersMess\admin\index.php(43): CodeIgniter\CodeIgniter->run()
#7 {main}
ERROR - 2023-10-03 16:12:06 --> Unknown column 'user_type' in 'where clause'
CRITICAL - 2023-10-03 16:12:06 --> Call to a member function getResult() on bool
#0 C:\xampp\htdocs\MilitaryOfficersMess\admin\system\BaseModel.php(584): CodeIgniter\Model->doFindAll(0, 0)
#1 C:\xampp\htdocs\MilitaryOfficersMess\admin\app\Core\MyModel.php(76): CodeIgniter\BaseModel->findAll()
#2 C:\xampp\htdocs\MilitaryOfficersMess\admin\app\Controllers\Vendors.php(28): App\Core\MyModel->get_all_rows('tbl_vendors', '*', Array)
#3 C:\xampp\htdocs\MilitaryOfficersMess\admin\system\CodeIgniter.php(802): App\Controllers\Vendors->index()
#4 C:\xampp\htdocs\MilitaryOfficersMess\admin\system\CodeIgniter.php(399): CodeIgniter\CodeIgniter->runController(Object(App\Controllers\Vendors))
#5 C:\xampp\htdocs\MilitaryOfficersMess\admin\system\CodeIgniter.php(317): CodeIgniter\CodeIgniter->handleRequest(NULL, Object(Config\Cache), false)
#6 C:\xampp\htdocs\MilitaryOfficersMess\admin\index.php(43): CodeIgniter\CodeIgniter->run()
#7 {main}
CRITICAL - 2023-10-03 17:16:30 --> Invalid argument supplied for foreach()
#0 C:\xampp\htdocs\MilitaryOfficersMess\admin\app\Views\expense\add.php(54): CodeIgniter\Debug\Exceptions->errorHandler(2, 'Invalid argumen...', 'C:\\xampp\\htdocs...', 54, Array)
#1 C:\xampp\htdocs\MilitaryOfficersMess\admin\system\View\View.php(214): include('C:\\xampp\\htdocs...')
#2 C:\xampp\htdocs\MilitaryOfficersMess\admin\system\View\View.php(217): CodeIgniter\View\View->CodeIgniter\View\{closure}()
#3 C:\xampp\htdocs\MilitaryOfficersMess\admin\system\Common.php(1092): CodeIgniter\View\View->render('expense/add', Array, true)
#4 C:\xampp\htdocs\MilitaryOfficersMess\admin\app\Controllers\Expense.php(59): view('expense/add', Array)
#5 C:\xampp\htdocs\MilitaryOfficersMess\admin\system\CodeIgniter.php(802): App\Controllers\Expense->add()
#6 C:\xampp\htdocs\MilitaryOfficersMess\admin\system\CodeIgniter.php(399): CodeIgniter\CodeIgniter->runController(Object(App\Controllers\Expense))
#7 C:\xampp\htdocs\MilitaryOfficersMess\admin\system\CodeIgniter.php(317): CodeIgniter\CodeIgniter->handleRequest(NULL, Object(Config\Cache), false)
#8 C:\xampp\htdocs\MilitaryOfficersMess\admin\index.php(43): CodeIgniter\CodeIgniter->run()
#9 {main}
CRITICAL - 2023-10-03 17:18:46 --> Invalid argument supplied for foreach()
#0 C:\xampp\htdocs\MilitaryOfficersMess\admin\app\Views\expense\add.php(54): CodeIgniter\Debug\Exceptions->errorHandler(2, 'Invalid argumen...', 'C:\\xampp\\htdocs...', 54, Array)
#1 C:\xampp\htdocs\MilitaryOfficersMess\admin\system\View\View.php(214): include('C:\\xampp\\htdocs...')
#2 C:\xampp\htdocs\MilitaryOfficersMess\admin\system\View\View.php(217): CodeIgniter\View\View->CodeIgniter\View\{closure}()
#3 C:\xampp\htdocs\MilitaryOfficersMess\admin\system\Common.php(1092): CodeIgniter\View\View->render('expense/add', Array, true)
#4 C:\xampp\htdocs\MilitaryOfficersMess\admin\app\Controllers\Expense.php(59): view('expense/add', Array)
#5 C:\xampp\htdocs\MilitaryOfficersMess\admin\system\CodeIgniter.php(802): App\Controllers\Expense->add()
#6 C:\xampp\htdocs\MilitaryOfficersMess\admin\system\CodeIgniter.php(399): CodeIgniter\CodeIgniter->runController(Object(App\Controllers\Expense))
#7 C:\xampp\htdocs\MilitaryOfficersMess\admin\system\CodeIgniter.php(317): CodeIgniter\CodeIgniter->handleRequest(NULL, Object(Config\Cache), false)
#8 C:\xampp\htdocs\MilitaryOfficersMess\admin\index.php(43): CodeIgniter\CodeIgniter->run()
#9 {main}
CRITICAL - 2023-10-03 17:19:44 --> Invalid argument supplied for foreach()
#0 C:\xampp\htdocs\MilitaryOfficersMess\admin\app\Views\expense\add.php(54): CodeIgniter\Debug\Exceptions->errorHandler(2, 'Invalid argumen...', 'C:\\xampp\\htdocs...', 54, Array)
#1 C:\xampp\htdocs\MilitaryOfficersMess\admin\system\View\View.php(214): include('C:\\xampp\\htdocs...')
#2 C:\xampp\htdocs\MilitaryOfficersMess\admin\system\View\View.php(217): CodeIgniter\View\View->CodeIgniter\View\{closure}()
#3 C:\xampp\htdocs\MilitaryOfficersMess\admin\system\Common.php(1092): CodeIgniter\View\View->render('expense/add', Array, true)
#4 C:\xampp\htdocs\MilitaryOfficersMess\admin\app\Controllers\Expense.php(59): view('expense/add', Array)
#5 C:\xampp\htdocs\MilitaryOfficersMess\admin\system\CodeIgniter.php(802): App\Controllers\Expense->add()
#6 C:\xampp\htdocs\MilitaryOfficersMess\admin\system\CodeIgniter.php(399): CodeIgniter\CodeIgniter->runController(Object(App\Controllers\Expense))
#7 C:\xampp\htdocs\MilitaryOfficersMess\admin\system\CodeIgniter.php(317): CodeIgniter\CodeIgniter->handleRequest(NULL, Object(Config\Cache), false)
#8 C:\xampp\htdocs\MilitaryOfficersMess\admin\index.php(43): CodeIgniter\CodeIgniter->run()
#9 {main}
CRITICAL - 2023-10-03 17:20:08 --> Invalid argument supplied for foreach()
#0 C:\xampp\htdocs\MilitaryOfficersMess\admin\app\Views\expense\add.php(54): CodeIgniter\Debug\Exceptions->errorHandler(2, 'Invalid argumen...', 'C:\\xampp\\htdocs...', 54, Array)
#1 C:\xampp\htdocs\MilitaryOfficersMess\admin\system\View\View.php(214): include('C:\\xampp\\htdocs...')
#2 C:\xampp\htdocs\MilitaryOfficersMess\admin\system\View\View.php(217): CodeIgniter\View\View->CodeIgniter\View\{closure}()
#3 C:\xampp\htdocs\MilitaryOfficersMess\admin\system\Common.php(1092): CodeIgniter\View\View->render('expense/add', Array, true)
#4 C:\xampp\htdocs\MilitaryOfficersMess\admin\app\Controllers\Expense.php(59): view('expense/add', Array)
#5 C:\xampp\htdocs\MilitaryOfficersMess\admin\system\CodeIgniter.php(802): App\Controllers\Expense->add()
#6 C:\xampp\htdocs\MilitaryOfficersMess\admin\system\CodeIgniter.php(399): CodeIgniter\CodeIgniter->runController(Object(App\Controllers\Expense))
#7 C:\xampp\htdocs\MilitaryOfficersMess\admin\system\CodeIgniter.php(317): CodeIgniter\CodeIgniter->handleRequest(NULL, Object(Config\Cache), false)
#8 C:\xampp\htdocs\MilitaryOfficersMess\admin\index.php(43): CodeIgniter\CodeIgniter->run()
#9 {main}
CRITICAL - 2023-10-03 17:20:12 --> Invalid argument supplied for foreach()
#0 C:\xampp\htdocs\MilitaryOfficersMess\admin\app\Views\expense\add.php(54): CodeIgniter\Debug\Exceptions->errorHandler(2, 'Invalid argumen...', 'C:\\xampp\\htdocs...', 54, Array)
#1 C:\xampp\htdocs\MilitaryOfficersMess\admin\system\View\View.php(214): include('C:\\xampp\\htdocs...')
#2 C:\xampp\htdocs\MilitaryOfficersMess\admin\system\View\View.php(217): CodeIgniter\View\View->CodeIgniter\View\{closure}()
#3 C:\xampp\htdocs\MilitaryOfficersMess\admin\system\Common.php(1092): CodeIgniter\View\View->render('expense/add', Array, true)
#4 C:\xampp\htdocs\MilitaryOfficersMess\admin\app\Controllers\Expense.php(59): view('expense/add', Array)
#5 C:\xampp\htdocs\MilitaryOfficersMess\admin\system\CodeIgniter.php(802): App\Controllers\Expense->add()
#6 C:\xampp\htdocs\MilitaryOfficersMess\admin\system\CodeIgniter.php(399): CodeIgniter\CodeIgniter->runController(Object(App\Controllers\Expense))
#7 C:\xampp\htdocs\MilitaryOfficersMess\admin\system\CodeIgniter.php(317): CodeIgniter\CodeIgniter->handleRequest(NULL, Object(Config\Cache), false)
#8 C:\xampp\htdocs\MilitaryOfficersMess\admin\index.php(43): CodeIgniter\CodeIgniter->run()
#9 {main}
CRITICAL - 2023-10-03 17:21:48 --> Invalid argument supplied for foreach()
#0 C:\xampp\htdocs\MilitaryOfficersMess\admin\app\Views\expense\add.php(54): CodeIgniter\Debug\Exceptions->errorHandler(2, 'Invalid argumen...', 'C:\\xampp\\htdocs...', 54, Array)
#1 C:\xampp\htdocs\MilitaryOfficersMess\admin\system\View\View.php(214): include('C:\\xampp\\htdocs...')
#2 C:\xampp\htdocs\MilitaryOfficersMess\admin\system\View\View.php(217): CodeIgniter\View\View->CodeIgniter\View\{closure}()
#3 C:\xampp\htdocs\MilitaryOfficersMess\admin\system\Common.php(1092): CodeIgniter\View\View->render('expense/add', Array, true)
#4 C:\xampp\htdocs\MilitaryOfficersMess\admin\app\Controllers\Expense.php(59): view('expense/add', Array)
#5 C:\xampp\htdocs\MilitaryOfficersMess\admin\system\CodeIgniter.php(802): App\Controllers\Expense->add()
#6 C:\xampp\htdocs\MilitaryOfficersMess\admin\system\CodeIgniter.php(399): CodeIgniter\CodeIgniter->runController(Object(App\Controllers\Expense))
#7 C:\xampp\htdocs\MilitaryOfficersMess\admin\system\CodeIgniter.php(317): CodeIgniter\CodeIgniter->handleRequest(NULL, Object(Config\Cache), false)
#8 C:\xampp\htdocs\MilitaryOfficersMess\admin\index.php(43): CodeIgniter\CodeIgniter->run()
#9 {main}
CRITICAL - 2023-10-03 17:22:07 --> Invalid argument supplied for foreach()
#0 C:\xampp\htdocs\MilitaryOfficersMess\admin\app\Views\expense\add.php(54): CodeIgniter\Debug\Exceptions->errorHandler(2, 'Invalid argumen...', 'C:\\xampp\\htdocs...', 54, Array)
#1 C:\xampp\htdocs\MilitaryOfficersMess\admin\system\View\View.php(214): include('C:\\xampp\\htdocs...')
#2 C:\xampp\htdocs\MilitaryOfficersMess\admin\system\View\View.php(217): CodeIgniter\View\View->CodeIgniter\View\{closure}()
#3 C:\xampp\htdocs\MilitaryOfficersMess\admin\system\Common.php(1092): CodeIgniter\View\View->render('expense/add', Array, true)
#4 C:\xampp\htdocs\MilitaryOfficersMess\admin\app\Controllers\Expense.php(51): view('expense/add', Array)
#5 C:\xampp\htdocs\MilitaryOfficersMess\admin\system\CodeIgniter.php(802): App\Controllers\Expense->add()
#6 C:\xampp\htdocs\MilitaryOfficersMess\admin\system\CodeIgniter.php(399): CodeIgniter\CodeIgniter->runController(Object(App\Controllers\Expense))
#7 C:\xampp\htdocs\MilitaryOfficersMess\admin\system\CodeIgniter.php(317): CodeIgniter\CodeIgniter->handleRequest(NULL, Object(Config\Cache), false)
#8 C:\xampp\htdocs\MilitaryOfficersMess\admin\index.php(43): CodeIgniter\CodeIgniter->run()
#9 {main}
CRITICAL - 2023-10-03 17:22:08 --> Invalid argument supplied for foreach()
#0 C:\xampp\htdocs\MilitaryOfficersMess\admin\app\Views\expense\add.php(54): CodeIgniter\Debug\Exceptions->errorHandler(2, 'Invalid argumen...', 'C:\\xampp\\htdocs...', 54, Array)
#1 C:\xampp\htdocs\MilitaryOfficersMess\admin\system\View\View.php(214): include('C:\\xampp\\htdocs...')
#2 C:\xampp\htdocs\MilitaryOfficersMess\admin\system\View\View.php(217): CodeIgniter\View\View->CodeIgniter\View\{closure}()
#3 C:\xampp\htdocs\MilitaryOfficersMess\admin\system\Common.php(1092): CodeIgniter\View\View->render('expense/add', Array, true)
#4 C:\xampp\htdocs\MilitaryOfficersMess\admin\app\Controllers\Expense.php(51): view('expense/add', Array)
#5 C:\xampp\htdocs\MilitaryOfficersMess\admin\system\CodeIgniter.php(802): App\Controllers\Expense->add()
#6 C:\xampp\htdocs\MilitaryOfficersMess\admin\system\CodeIgniter.php(399): CodeIgniter\CodeIgniter->runController(Object(App\Controllers\Expense))
#7 C:\xampp\htdocs\MilitaryOfficersMess\admin\system\CodeIgniter.php(317): CodeIgniter\CodeIgniter->handleRequest(NULL, Object(Config\Cache), false)
#8 C:\xampp\htdocs\MilitaryOfficersMess\admin\index.php(43): CodeIgniter\CodeIgniter->run()
#9 {main}
CRITICAL - 2023-10-03 17:22:10 --> Invalid argument supplied for foreach()
#0 C:\xampp\htdocs\MilitaryOfficersMess\admin\app\Views\expense\add.php(54): CodeIgniter\Debug\Exceptions->errorHandler(2, 'Invalid argumen...', 'C:\\xampp\\htdocs...', 54, Array)
#1 C:\xampp\htdocs\MilitaryOfficersMess\admin\system\View\View.php(214): include('C:\\xampp\\htdocs...')
#2 C:\xampp\htdocs\MilitaryOfficersMess\admin\system\View\View.php(217): CodeIgniter\View\View->CodeIgniter\View\{closure}()
#3 C:\xampp\htdocs\MilitaryOfficersMess\admin\system\Common.php(1092): CodeIgniter\View\View->render('expense/add', Array, true)
#4 C:\xampp\htdocs\MilitaryOfficersMess\admin\app\Controllers\Expense.php(51): view('expense/add', Array)
#5 C:\xampp\htdocs\MilitaryOfficersMess\admin\system\CodeIgniter.php(802): App\Controllers\Expense->add()
#6 C:\xampp\htdocs\MilitaryOfficersMess\admin\system\CodeIgniter.php(399): CodeIgniter\CodeIgniter->runController(Object(App\Controllers\Expense))
#7 C:\xampp\htdocs\MilitaryOfficersMess\admin\system\CodeIgniter.php(317): CodeIgniter\CodeIgniter->handleRequest(NULL, Object(Config\Cache), false)
#8 C:\xampp\htdocs\MilitaryOfficersMess\admin\index.php(43): CodeIgniter\CodeIgniter->run()
#9 {main}
CRITICAL - 2023-10-03 17:22:14 --> Invalid argument supplied for foreach()
#0 C:\xampp\htdocs\MilitaryOfficersMess\admin\app\Views\expense\add.php(54): CodeIgniter\Debug\Exceptions->errorHandler(2, 'Invalid argumen...', 'C:\\xampp\\htdocs...', 54, Array)
#1 C:\xampp\htdocs\MilitaryOfficersMess\admin\system\View\View.php(214): include('C:\\xampp\\htdocs...')
#2 C:\xampp\htdocs\MilitaryOfficersMess\admin\system\View\View.php(217): CodeIgniter\View\View->CodeIgniter\View\{closure}()
#3 C:\xampp\htdocs\MilitaryOfficersMess\admin\system\Common.php(1092): CodeIgniter\View\View->render('expense/add', Array, true)
#4 C:\xampp\htdocs\MilitaryOfficersMess\admin\app\Controllers\Expense.php(51): view('expense/add', Array)
#5 C:\xampp\htdocs\MilitaryOfficersMess\admin\system\CodeIgniter.php(802): App\Controllers\Expense->add()
#6 C:\xampp\htdocs\MilitaryOfficersMess\admin\system\CodeIgniter.php(399): CodeIgniter\CodeIgniter->runController(Object(App\Controllers\Expense))
#7 C:\xampp\htdocs\MilitaryOfficersMess\admin\system\CodeIgniter.php(317): CodeIgniter\CodeIgniter->handleRequest(NULL, Object(Config\Cache), false)
#8 C:\xampp\htdocs\MilitaryOfficersMess\admin\index.php(43): CodeIgniter\CodeIgniter->run()
#9 {main}
CRITICAL - 2023-10-03 17:23:13 --> Invalid argument supplied for foreach()
#0 C:\xampp\htdocs\MilitaryOfficersMess\admin\app\Views\expense\add.php(54): CodeIgniter\Debug\Exceptions->errorHandler(2, 'Invalid argumen...', 'C:\\xampp\\htdocs...', 54, Array)
#1 C:\xampp\htdocs\MilitaryOfficersMess\admin\system\View\View.php(214): include('C:\\xampp\\htdocs...')
#2 C:\xampp\htdocs\MilitaryOfficersMess\admin\system\View\View.php(217): CodeIgniter\View\View->CodeIgniter\View\{closure}()
#3 C:\xampp\htdocs\MilitaryOfficersMess\admin\system\Common.php(1092): CodeIgniter\View\View->render('expense/add', Array, true)
#4 C:\xampp\htdocs\MilitaryOfficersMess\admin\app\Controllers\Expense.php(59): view('expense/add', Array)
#5 C:\xampp\htdocs\MilitaryOfficersMess\admin\system\CodeIgniter.php(802): App\Controllers\Expense->add()
#6 C:\xampp\htdocs\MilitaryOfficersMess\admin\system\CodeIgniter.php(399): CodeIgniter\CodeIgniter->runController(Object(App\Controllers\Expense))
#7 C:\xampp\htdocs\MilitaryOfficersMess\admin\system\CodeIgniter.php(317): CodeIgniter\CodeIgniter->handleRequest(NULL, Object(Config\Cache), false)
#8 C:\xampp\htdocs\MilitaryOfficersMess\admin\index.php(43): CodeIgniter\CodeIgniter->run()
#9 {main}
CRITICAL - 2023-10-03 17:23:15 --> Invalid argument supplied for foreach()
#0 C:\xampp\htdocs\MilitaryOfficersMess\admin\app\Views\expense\add.php(54): CodeIgniter\Debug\Exceptions->errorHandler(2, 'Invalid argumen...', 'C:\\xampp\\htdocs...', 54, Array)
#1 C:\xampp\htdocs\MilitaryOfficersMess\admin\system\View\View.php(214): include('C:\\xampp\\htdocs...')
#2 C:\xampp\htdocs\MilitaryOfficersMess\admin\system\View\View.php(217): CodeIgniter\View\View->CodeIgniter\View\{closure}()
#3 C:\xampp\htdocs\MilitaryOfficersMess\admin\system\Common.php(1092): CodeIgniter\View\View->render('expense/add', Array, true)
#4 C:\xampp\htdocs\MilitaryOfficersMess\admin\app\Controllers\Expense.php(59): view('expense/add', Array)
#5 C:\xampp\htdocs\MilitaryOfficersMess\admin\system\CodeIgniter.php(802): App\Controllers\Expense->add()
#6 C:\xampp\htdocs\MilitaryOfficersMess\admin\system\CodeIgniter.php(399): CodeIgniter\CodeIgniter->runController(Object(App\Controllers\Expense))
#7 C:\xampp\htdocs\MilitaryOfficersMess\admin\system\CodeIgniter.php(317): CodeIgniter\CodeIgniter->handleRequest(NULL, Object(Config\Cache), false)
#8 C:\xampp\htdocs\MilitaryOfficersMess\admin\index.php(43): CodeIgniter\CodeIgniter->run()
#9 {main}
CRITICAL - 2023-10-03 17:23:18 --> Invalid argument supplied for foreach()
#0 C:\xampp\htdocs\MilitaryOfficersMess\admin\app\Views\expense\add.php(54): CodeIgniter\Debug\Exceptions->errorHandler(2, 'Invalid argumen...', 'C:\\xampp\\htdocs...', 54, Array)
#1 C:\xampp\htdocs\MilitaryOfficersMess\admin\system\View\View.php(214): include('C:\\xampp\\htdocs...')
#2 C:\xampp\htdocs\MilitaryOfficersMess\admin\system\View\View.php(217): CodeIgniter\View\View->CodeIgniter\View\{closure}()
#3 C:\xampp\htdocs\MilitaryOfficersMess\admin\system\Common.php(1092): CodeIgniter\View\View->render('expense/add', Array, true)
#4 C:\xampp\htdocs\MilitaryOfficersMess\admin\app\Controllers\Expense.php(59): view('expense/add', Array)
#5 C:\xampp\htdocs\MilitaryOfficersMess\admin\system\CodeIgniter.php(802): App\Controllers\Expense->add()
#6 C:\xampp\htdocs\MilitaryOfficersMess\admin\system\CodeIgniter.php(399): CodeIgniter\CodeIgniter->runController(Object(App\Controllers\Expense))
#7 C:\xampp\htdocs\MilitaryOfficersMess\admin\system\CodeIgniter.php(317): CodeIgniter\CodeIgniter->handleRequest(NULL, Object(Config\Cache), false)
#8 C:\xampp\htdocs\MilitaryOfficersMess\admin\index.php(43): CodeIgniter\CodeIgniter->run()
#9 {main}
CRITICAL - 2023-10-03 18:47:55 --> Invalid argument supplied for foreach()
#0 C:\xampp\htdocs\MilitaryOfficersMess\admin\app\Views\expense\add.php(54): CodeIgniter\Debug\Exceptions->errorHandler(2, 'Invalid argumen...', 'C:\\xampp\\htdocs...', 54, Array)
#1 C:\xampp\htdocs\MilitaryOfficersMess\admin\system\View\View.php(214): include('C:\\xampp\\htdocs...')
#2 C:\xampp\htdocs\MilitaryOfficersMess\admin\system\View\View.php(217): CodeIgniter\View\View->CodeIgniter\View\{closure}()
#3 C:\xampp\htdocs\MilitaryOfficersMess\admin\system\Common.php(1092): CodeIgniter\View\View->render('expense/add', Array, true)
#4 C:\xampp\htdocs\MilitaryOfficersMess\admin\app\Controllers\Expense.php(59): view('expense/add', Array)
#5 C:\xampp\htdocs\MilitaryOfficersMess\admin\system\CodeIgniter.php(802): App\Controllers\Expense->add()
#6 C:\xampp\htdocs\MilitaryOfficersMess\admin\system\CodeIgniter.php(399): CodeIgniter\CodeIgniter->runController(Object(App\Controllers\Expense))
#7 C:\xampp\htdocs\MilitaryOfficersMess\admin\system\CodeIgniter.php(317): CodeIgniter\CodeIgniter->handleRequest(NULL, Object(Config\Cache), false)
#8 C:\xampp\htdocs\MilitaryOfficersMess\admin\index.php(43): CodeIgniter\CodeIgniter->run()
#9 {main}
ERROR - 2023-10-03 18:47:56 --> Unknown column 'i.iccode' in 'on clause'
CRITICAL - 2023-10-03 18:47:56 --> Call to a member function getResult() on bool
#0 C:\xampp\htdocs\MilitaryOfficersMess\admin\system\BaseModel.php(584): CodeIgniter\Model->doFindAll(0, 0)
#1 C:\xampp\htdocs\MilitaryOfficersMess\admin\app\Core\MyModel.php(76): CodeIgniter\BaseModel->findAll()
#2 C:\xampp\htdocs\MilitaryOfficersMess\admin\app\Controllers\Expense.php(32): App\Core\MyModel->get_all_rows('tbl_expense as ...', 'i.*,m.ic_code', Array, Array)
#3 C:\xampp\htdocs\MilitaryOfficersMess\admin\system\CodeIgniter.php(802): App\Controllers\Expense->index()
#4 C:\xampp\htdocs\MilitaryOfficersMess\admin\system\CodeIgniter.php(399): CodeIgniter\CodeIgniter->runController(Object(App\Controllers\Expense))
#5 C:\xampp\htdocs\MilitaryOfficersMess\admin\system\CodeIgniter.php(317): CodeIgniter\CodeIgniter->handleRequest(NULL, Object(Config\Cache), false)
#6 C:\xampp\htdocs\MilitaryOfficersMess\admin\index.php(43): CodeIgniter\CodeIgniter->run()
#7 {main}
CRITICAL - 2023-10-03 18:47:59 --> Invalid argument supplied for foreach()
#0 C:\xampp\htdocs\MilitaryOfficersMess\admin\app\Views\expense\add.php(54): CodeIgniter\Debug\Exceptions->errorHandler(2, 'Invalid argumen...', 'C:\\xampp\\htdocs...', 54, Array)
#1 C:\xampp\htdocs\MilitaryOfficersMess\admin\system\View\View.php(214): include('C:\\xampp\\htdocs...')
#2 C:\xampp\htdocs\MilitaryOfficersMess\admin\system\View\View.php(217): CodeIgniter\View\View->CodeIgniter\View\{closure}()
#3 C:\xampp\htdocs\MilitaryOfficersMess\admin\system\Common.php(1092): CodeIgniter\View\View->render('expense/add', Array, true)
#4 C:\xampp\htdocs\MilitaryOfficersMess\admin\app\Controllers\Expense.php(59): view('expense/add', Array)
#5 C:\xampp\htdocs\MilitaryOfficersMess\admin\system\CodeIgniter.php(802): App\Controllers\Expense->add()
#6 C:\xampp\htdocs\MilitaryOfficersMess\admin\system\CodeIgniter.php(399): CodeIgniter\CodeIgniter->runController(Object(App\Controllers\Expense))
#7 C:\xampp\htdocs\MilitaryOfficersMess\admin\system\CodeIgniter.php(317): CodeIgniter\CodeIgniter->handleRequest(NULL, Object(Config\Cache), false)
#8 C:\xampp\htdocs\MilitaryOfficersMess\admin\index.php(43): CodeIgniter\CodeIgniter->run()
#9 {main}
CRITICAL - 2023-10-03 18:51:25 --> Too few arguments to function App\Core\MyModel::get_all_rows(), 1 passed in C:\xampp\htdocs\MilitaryOfficersMess\admin\app\Controllers\Expense.php on line 32 and at least 2 expected
#0 C:\xampp\htdocs\MilitaryOfficersMess\admin\app\Controllers\Expense.php(32): App\Core\MyModel->get_all_rows('tbl_expense')
#1 C:\xampp\htdocs\MilitaryOfficersMess\admin\system\CodeIgniter.php(802): App\Controllers\Expense->index()
#2 C:\xampp\htdocs\MilitaryOfficersMess\admin\system\CodeIgniter.php(399): CodeIgniter\CodeIgniter->runController(Object(App\Controllers\Expense))
#3 C:\xampp\htdocs\MilitaryOfficersMess\admin\system\CodeIgniter.php(317): CodeIgniter\CodeIgniter->handleRequest(NULL, Object(Config\Cache), false)
#4 C:\xampp\htdocs\MilitaryOfficersMess\admin\index.php(43): CodeIgniter\CodeIgniter->run()
#5 {main}
CRITICAL - 2023-10-03 18:51:53 --> Invalid argument supplied for foreach()
#0 C:\xampp\htdocs\MilitaryOfficersMess\admin\app\Views\expense\add.php(54): CodeIgniter\Debug\Exceptions->errorHandler(2, 'Invalid argumen...', 'C:\\xampp\\htdocs...', 54, Array)
#1 C:\xampp\htdocs\MilitaryOfficersMess\admin\system\View\View.php(214): include('C:\\xampp\\htdocs...')
#2 C:\xampp\htdocs\MilitaryOfficersMess\admin\system\View\View.php(217): CodeIgniter\View\View->CodeIgniter\View\{closure}()
#3 C:\xampp\htdocs\MilitaryOfficersMess\admin\system\Common.php(1092): CodeIgniter\View\View->render('expense/add', Array, true)
#4 C:\xampp\htdocs\MilitaryOfficersMess\admin\app\Controllers\Expense.php(59): view('expense/add', Array)
#5 C:\xampp\htdocs\MilitaryOfficersMess\admin\system\CodeIgniter.php(802): App\Controllers\Expense->add()
#6 C:\xampp\htdocs\MilitaryOfficersMess\admin\system\CodeIgniter.php(399): CodeIgniter\CodeIgniter->runController(Object(App\Controllers\Expense))
#7 C:\xampp\htdocs\MilitaryOfficersMess\admin\system\CodeIgniter.php(317): CodeIgniter\CodeIgniter->handleRequest(NULL, Object(Config\Cache), false)
#8 C:\xampp\htdocs\MilitaryOfficersMess\admin\index.php(43): CodeIgniter\CodeIgniter->run()
#9 {main}
